running egg_info
writing ../../build/simple_pubsub/simple_pubsub.egg-info/PKG-INFO
writing dependency_links to ../../build/simple_pubsub/simple_pubsub.egg-info/dependency_links.txt
writing entry points to ../../build/simple_pubsub/simple_pubsub.egg-info/entry_points.txt
writing requirements to ../../build/simple_pubsub/simple_pubsub.egg-info/requires.txt
writing top-level names to ../../build/simple_pubsub/simple_pubsub.egg-info/top_level.txt
reading manifest file '../../build/simple_pubsub/simple_pubsub.egg-info/SOURCES.txt'
adding license file 'LICENSE'
writing manifest file '../../build/simple_pubsub/simple_pubsub.egg-info/SOURCES.txt'
running build
running build_py
copying simple_pubsub/publisher_node.py -> /home/cagan/ros2_ws/build/simple_pubsub/build/lib/simple_pubsub
running install
running install_lib
copying /home/cagan/ros2_ws/build/simple_pubsub/build/lib/simple_pubsub/publisher_node.py -> /home/cagan/ros2_ws/install/simple_pubsub/lib/python3.10/site-packages/simple_pubsub
byte-compiling /home/cagan/ros2_ws/install/simple_pubsub/lib/python3.10/site-packages/simple_pubsub/publisher_node.py to publisher_node.cpython-310.pyc
running install_data
copying package.xml -> /home/cagan/ros2_ws/install/simple_pubsub/share/simple_pubsub
running install_egg_info
removing '/home/cagan/ros2_ws/install/simple_pubsub/lib/python3.10/site-packages/simple_pubsub-0.0.0-py3.10.egg-info' (and everything under it)
Copying ../../build/simple_pubsub/simple_pubsub.egg-info to /home/cagan/ros2_ws/install/simple_pubsub/lib/python3.10/site-packages/simple_pubsub-0.0.0-py3.10.egg-info
running install_scripts
Installing listener script to /home/cagan/ros2_ws/install/simple_pubsub/lib/simple_pubsub
Installing talker script to /home/cagan/ros2_ws/install/simple_pubsub/lib/simple_pubsub
writing list of installed files to '/home/cagan/ros2_ws/build/simple_pubsub/install.log'
