[0.456s] Invoking command in '/home/cagan/ros2_ws/src/python_parameters': PYTHONPATH=/home/cagan/ros2_ws/build/python_parameters/prefix_override:/usr/lib/python3/dist-packages/colcon_core/task/python/colcon_distutils_commands:/home/cagan/ros2_ws/install/python_parameters/lib/python3.10/site-packages:${PYTHONPATH} /usr/bin/python3 -W ignore:setup.py install is deprecated -W ignore:easy_install command is deprecated setup.py egg_info --egg-base ../../build/python_parameters build --build-base /home/cagan/ros2_ws/build/python_parameters/build install --record /home/cagan/ros2_ws/build/python_parameters/install.log --single-version-externally-managed install_data
[0.629s] running egg_info
[0.629s] creating ../../build/python_parameters/python_parameters.egg-info
[0.629s] writing ../../build/python_parameters/python_parameters.egg-info/PKG-INFO
[0.630s] writing dependency_links to ../../build/python_parameters/python_parameters.egg-info/dependency_links.txt
[0.630s] writing entry points to ../../build/python_parameters/python_parameters.egg-info/entry_points.txt
[0.630s] writing requirements to ../../build/python_parameters/python_parameters.egg-info/requires.txt
[0.630s] writing top-level names to ../../build/python_parameters/python_parameters.egg-info/top_level.txt
[0.630s] writing manifest file '../../build/python_parameters/python_parameters.egg-info/SOURCES.txt'
[0.632s] reading manifest file '../../build/python_parameters/python_parameters.egg-info/SOURCES.txt'
[0.632s] adding license file 'LICENSE'
[0.633s] writing manifest file '../../build/python_parameters/python_parameters.egg-info/SOURCES.txt'
[0.633s] running build
[0.634s] running build_py
[0.634s] creating /home/cagan/ros2_ws/build/python_parameters/build
[0.634s] creating /home/cagan/ros2_ws/build/python_parameters/build/lib
[0.634s] creating /home/cagan/ros2_ws/build/python_parameters/build/lib/python_parameters
[0.634s] copying python_parameters/param_node.py -> /home/cagan/ros2_ws/build/python_parameters/build/lib/python_parameters
[0.634s] copying python_parameters/__init__.py -> /home/cagan/ros2_ws/build/python_parameters/build/lib/python_parameters
[0.634s] running install
[0.634s] running install_lib
[0.634s] creating /home/cagan/ros2_ws/install/python_parameters/lib/python3.10/site-packages/python_parameters
[0.635s] copying /home/cagan/ros2_ws/build/python_parameters/build/lib/python_parameters/param_node.py -> /home/cagan/ros2_ws/install/python_parameters/lib/python3.10/site-packages/python_parameters
[0.635s] copying /home/cagan/ros2_ws/build/python_parameters/build/lib/python_parameters/__init__.py -> /home/cagan/ros2_ws/install/python_parameters/lib/python3.10/site-packages/python_parameters
[0.635s] byte-compiling /home/cagan/ros2_ws/install/python_parameters/lib/python3.10/site-packages/python_parameters/param_node.py to param_node.cpython-310.pyc
[0.636s] byte-compiling /home/cagan/ros2_ws/install/python_parameters/lib/python3.10/site-packages/python_parameters/__init__.py to __init__.cpython-310.pyc
[0.636s] running install_data
[0.636s] creating /home/cagan/ros2_ws/install/python_parameters/share/ament_index
[0.636s] creating /home/cagan/ros2_ws/install/python_parameters/share/ament_index/resource_index
[0.636s] creating /home/cagan/ros2_ws/install/python_parameters/share/ament_index/resource_index/packages
[0.636s] copying resource/python_parameters -> /home/cagan/ros2_ws/install/python_parameters/share/ament_index/resource_index/packages
[0.636s] copying package.xml -> /home/cagan/ros2_ws/install/python_parameters/share/python_parameters
[0.636s] running install_egg_info
[0.638s] Copying ../../build/python_parameters/python_parameters.egg-info to /home/cagan/ros2_ws/install/python_parameters/lib/python3.10/site-packages/python_parameters-0.0.0-py3.10.egg-info
[0.638s] running install_scripts
[0.654s] Installing params script to /home/cagan/ros2_ws/install/python_parameters/lib/python_parameters
[0.654s] writing list of installed files to '/home/cagan/ros2_ws/build/python_parameters/install.log'
[0.669s] Invoked command in '/home/cagan/ros2_ws/src/python_parameters' returned '0': PYTHONPATH=/home/cagan/ros2_ws/build/python_parameters/prefix_override:/usr/lib/python3/dist-packages/colcon_core/task/python/colcon_distutils_commands:/home/cagan/ros2_ws/install/python_parameters/lib/python3.10/site-packages:${PYTHONPATH} /usr/bin/python3 -W ignore:setup.py install is deprecated -W ignore:easy_install command is deprecated setup.py egg_info --egg-base ../../build/python_parameters build --build-base /home/cagan/ros2_ws/build/python_parameters/build install --record /home/cagan/ros2_ws/build/python_parameters/install.log --single-version-externally-managed install_data
