[0.568s] Invoking command in '/home/cagan/ros2_ws/src/simple_pubsub': PYTHONPATH=/home/cagan/ros2_ws/build/simple_pubsub/prefix_override:/usr/lib/python3/dist-packages/colcon_core/task/python/colcon_distutils_commands:/home/cagan/ros2_ws/install/simple_pubsub/lib/python3.10/site-packages:${PYTHONPATH} /usr/bin/python3 -W ignore:setup.py install is deprecated -W ignore:easy_install command is deprecated setup.py egg_info --egg-base ../../build/simple_pubsub build --build-base /home/cagan/ros2_ws/build/simple_pubsub/build install --record /home/cagan/ros2_ws/build/simple_pubsub/install.log --single-version-externally-managed install_data
[0.741s] running egg_info
[0.742s] writing ../../build/simple_pubsub/simple_pubsub.egg-info/PKG-INFO
[0.742s] writing dependency_links to ../../build/simple_pubsub/simple_pubsub.egg-info/dependency_links.txt
[0.742s] writing entry points to ../../build/simple_pubsub/simple_pubsub.egg-info/entry_points.txt
[0.742s] writing requirements to ../../build/simple_pubsub/simple_pubsub.egg-info/requires.txt
[0.742s] writing top-level names to ../../build/simple_pubsub/simple_pubsub.egg-info/top_level.txt
[0.743s] reading manifest file '../../build/simple_pubsub/simple_pubsub.egg-info/SOURCES.txt'
[0.743s] adding license file 'LICENSE'
[0.744s] writing manifest file '../../build/simple_pubsub/simple_pubsub.egg-info/SOURCES.txt'
[0.744s] running build
[0.744s] running build_py
[0.744s] copying simple_pubsub/publisher_node.py -> /home/cagan/ros2_ws/build/simple_pubsub/build/lib/simple_pubsub
[0.744s] running install
[0.744s] running install_lib
[0.745s] copying /home/cagan/ros2_ws/build/simple_pubsub/build/lib/simple_pubsub/publisher_node.py -> /home/cagan/ros2_ws/install/simple_pubsub/lib/python3.10/site-packages/simple_pubsub
[0.745s] byte-compiling /home/cagan/ros2_ws/install/simple_pubsub/lib/python3.10/site-packages/simple_pubsub/publisher_node.py to publisher_node.cpython-310.pyc
[0.746s] running install_data
[0.746s] running install_egg_info
[0.747s] removing '/home/cagan/ros2_ws/install/simple_pubsub/lib/python3.10/site-packages/simple_pubsub-0.0.0-py3.10.egg-info' (and everything under it)
[0.747s] Copying ../../build/simple_pubsub/simple_pubsub.egg-info to /home/cagan/ros2_ws/install/simple_pubsub/lib/python3.10/site-packages/simple_pubsub-0.0.0-py3.10.egg-info
[0.748s] running install_scripts
[0.762s] Installing listener script to /home/cagan/ros2_ws/install/simple_pubsub/lib/simple_pubsub
[0.762s] Installing talker script to /home/cagan/ros2_ws/install/simple_pubsub/lib/simple_pubsub
[0.762s] writing list of installed files to '/home/cagan/ros2_ws/build/simple_pubsub/install.log'
[0.785s] Invoked command in '/home/cagan/ros2_ws/src/simple_pubsub' returned '0': PYTHONPATH=/home/cagan/ros2_ws/build/simple_pubsub/prefix_override:/usr/lib/python3/dist-packages/colcon_core/task/python/colcon_distutils_commands:/home/cagan/ros2_ws/install/simple_pubsub/lib/python3.10/site-packages:${PYTHONPATH} /usr/bin/python3 -W ignore:setup.py install is deprecated -W ignore:easy_install command is deprecated setup.py egg_info --egg-base ../../build/simple_pubsub build --build-base /home/cagan/ros2_ws/build/simple_pubsub/build install --record /home/cagan/ros2_ws/build/simple_pubsub/install.log --single-version-externally-managed install_data
