[0.007s] Invoking command in '/home/cagan/ros2_ws/build/custom_interfaces': CMAKE_PREFIX_PATH=${CMAKE_PREFIX_PATH}:/home/cagan/ros2_ws/install/simple_srvcli:/home/cagan/ros2_ws/install/simple_pubsub:/home/cagan/ros2_ws/install/python_parameters:/opt/ros/humble /usr/bin/cmake --build /home/cagan/ros2_ws/build/custom_interfaces -- -j8 -l8
[0.028s] -- Found ament_cmake: 1.3.11 (/opt/ros/humble/share/ament_cmake/cmake)
[0.108s] -- Found geometry_msgs: 4.9.0 (/opt/ros/humble/share/geometry_msgs/cmake)
[0.127s] -- Found rosidl_generator_c: 3.1.6 (/opt/ros/humble/share/rosidl_generator_c/cmake)
[0.129s] -- Found rosidl_adapter: 3.1.6 (/opt/ros/humble/share/rosidl_adapter/cmake)
[0.132s] -- Found rosidl_generator_cpp: 3.1.6 (/opt/ros/humble/share/rosidl_generator_cpp/cmake)
[0.138s] -- Using all available rosidl_typesupport_c: rosidl_typesupport_fastrtps_c;rosidl_typesupport_introspection_c
[0.145s] -- Using all available rosidl_typesupport_cpp: rosidl_typesupport_fastrtps_cpp;rosidl_typesupport_introspection_cpp
[0.166s] -- Found rosidl_default_generators: 1.2.0 (/opt/ros/humble/share/rosidl_default_generators/cmake)
[0.398s] -- Found ament_cmake_ros: 0.10.0 (/opt/ros/humble/share/ament_cmake_ros/cmake)
[0.695s] -- Using all available rosidl_typesupport_c: rosidl_typesupport_fastrtps_c;rosidl_typesupport_introspection_c
[0.818s] -- Using all available rosidl_typesupport_cpp: rosidl_typesupport_fastrtps_cpp;rosidl_typesupport_introspection_cpp
[0.835s] -- Found python_cmake_module: 0.10.0 (/opt/ros/humble/share/python_cmake_module/cmake)
[0.850s] -- Using PYTHON_EXECUTABLE: /usr/bin/python3
[0.850s] -- Using PYTHON_INCLUDE_DIRS: /usr/include/python3.10
[0.850s] -- Using PYTHON_LIBRARIES: /usr/lib/x86_64-linux-gnu/libpython3.10.so
[0.876s] -- Found ament_lint_auto: 0.12.12 (/opt/ros/humble/share/ament_lint_auto/cmake)
[0.882s] -- Added test 'lint_cmake' to check CMake code style
[0.882s] -- Added test 'xmllint' to check XML markup files
[0.883s] -- Configuring done
[0.908s] -- Generating done
[0.922s] -- Build files have been written to: /home/cagan/ros2_ws/build/custom_interfaces
[0.941s] [  2%] [34m[1mGenerating C code for ROS interfaces[0m
[0.948s] [  4%] [34m[1mGenerating C++ code for ROS interfaces[0m
[0.953s] [  4%] Built target ament_cmake_python_copy_custom_interfaces
[1.136s] running egg_info
[1.137s] writing custom_interfaces.egg-info/PKG-INFO
[1.137s] writing dependency_links to custom_interfaces.egg-info/dependency_links.txt
[1.137s] writing top-level names to custom_interfaces.egg-info/top_level.txt
[1.141s] reading manifest file 'custom_interfaces.egg-info/SOURCES.txt'
[1.141s] writing manifest file 'custom_interfaces.egg-info/SOURCES.txt'
[1.159s] [  4%] Built target ament_cmake_python_build_custom_interfaces_egg
[1.368s] [  4%] Built target custom_interfaces__cpp
[1.377s] [  6%] [34m[1mGenerating C++ type support dispatch for ROS interfaces[0m
[1.377s] [  8%] [34m[1mGenerating C++ type support for eProsima Fast-RTPS[0m
[1.381s] [ 10%] [34m[1mGenerating C++ introspection for ROS interfaces[0m
[1.383s] [35m[1mConsolidate compiler generated dependencies of target custom_interfaces__rosidl_generator_c[0m
[1.395s] [ 12%] [32mBuilding C object CMakeFiles/custom_interfaces__rosidl_generator_c.dir/rosidl_generator_c/custom_interfaces/msg/detail/coordinates__functions.c.o[0m
[1.395s] [ 17%] [32mBuilding C object CMakeFiles/custom_interfaces__rosidl_generator_c.dir/rosidl_generator_c/custom_interfaces/action/detail/move_robot__functions.c.o[0m
[1.395s] [ 17%] [32mBuilding C object CMakeFiles/custom_interfaces__rosidl_generator_c.dir/rosidl_generator_c/custom_interfaces/srv/detail/multiply_three__functions.c.o[0m
[1.523s] [ 19%] [32m[1mLinking C shared library libcustom_interfaces__rosidl_generator_c.so[0m
[1.557s] [ 19%] Built target custom_interfaces__rosidl_generator_c
[1.567s] [ 25%] [34m[1mGenerating C introspection for ROS interfaces[0m
[1.568s] [ 25%] [34m[1mGenerating C type support dispatch for ROS interfaces[0m
[1.568s] [ 25%] [34m[1mGenerating C type support for eProsima Fast-RTPS[0m
[1.727s] [35m[1mConsolidate compiler generated dependencies of target custom_interfaces__rosidl_typesupport_cpp[0m
[1.745s] [ 27%] [32mBuilding CXX object CMakeFiles/custom_interfaces__rosidl_typesupport_cpp.dir/rosidl_typesupport_cpp/custom_interfaces/msg/coordinates__type_support.cpp.o[0m
[1.748s] [ 29%] [32mBuilding CXX object CMakeFiles/custom_interfaces__rosidl_typesupport_cpp.dir/rosidl_typesupport_cpp/custom_interfaces/srv/multiply_three__type_support.cpp.o[0m
[1.749s] [ 31%] [32mBuilding CXX object CMakeFiles/custom_interfaces__rosidl_typesupport_cpp.dir/rosidl_typesupport_cpp/custom_interfaces/action/move_robot__type_support.cpp.o[0m
[1.900s] [35m[1mConsolidate compiler generated dependencies of target custom_interfaces__rosidl_typesupport_fastrtps_cpp[0m
[1.931s] [ 34%] [32mBuilding CXX object CMakeFiles/custom_interfaces__rosidl_typesupport_fastrtps_cpp.dir/rosidl_typesupport_fastrtps_cpp/custom_interfaces/msg/detail/dds_fastrtps/coordinates__type_support.cpp.o[0m
[1.967s] [35m[1mConsolidate compiler generated dependencies of target custom_interfaces__rosidl_typesupport_introspection_cpp[0m
[1.977s] [35m[1mConsolidate compiler generated dependencies of target custom_interfaces__rosidl_typesupport_c[0m
[1.980s] [ 36%] [32mBuilding CXX object CMakeFiles/custom_interfaces__rosidl_typesupport_introspection_cpp.dir/rosidl_typesupport_introspection_cpp/custom_interfaces/msg/detail/coordinates__type_support.cpp.o[0m
[1.991s] [ 38%] [32mBuilding CXX object CMakeFiles/custom_interfaces__rosidl_typesupport_c.dir/rosidl_typesupport_c/custom_interfaces/msg/coordinates__type_support.cpp.o[0m
[2.023s] [ 40%] [32mBuilding CXX object CMakeFiles/custom_interfaces__rosidl_typesupport_c.dir/rosidl_typesupport_c/custom_interfaces/srv/multiply_three__type_support.cpp.o[0m
[2.068s] [ 42%] [32mBuilding CXX object CMakeFiles/custom_interfaces__rosidl_typesupport_c.dir/rosidl_typesupport_c/custom_interfaces/action/move_robot__type_support.cpp.o[0m
[2.098s] [ 44%] [32mBuilding CXX object CMakeFiles/custom_interfaces__rosidl_typesupport_fastrtps_cpp.dir/rosidl_typesupport_fastrtps_cpp/custom_interfaces/srv/detail/dds_fastrtps/multiply_three__type_support.cpp.o[0m
[2.141s] [ 46%] [32m[1mLinking CXX shared library libcustom_interfaces__rosidl_typesupport_c.so[0m
[2.156s] [ 48%] [32mBuilding CXX object CMakeFiles/custom_interfaces__rosidl_typesupport_introspection_cpp.dir/rosidl_typesupport_introspection_cpp/custom_interfaces/srv/detail/multiply_three__type_support.cpp.o[0m
[2.196s] [ 48%] Built target custom_interfaces__rosidl_typesupport_c
[2.206s] [ 51%] [32mBuilding CXX object CMakeFiles/custom_interfaces__rosidl_typesupport_fastrtps_cpp.dir/rosidl_typesupport_fastrtps_cpp/custom_interfaces/action/detail/dds_fastrtps/move_robot__type_support.cpp.o[0m
[2.247s] [35m[1mConsolidate compiler generated dependencies of target custom_interfaces__rosidl_typesupport_introspection_c[0m
[2.253s] [35m[1mConsolidate compiler generated dependencies of target custom_interfaces__rosidl_typesupport_fastrtps_c[0m
[2.272s] [ 53%] [32mBuilding C object CMakeFiles/custom_interfaces__rosidl_typesupport_introspection_c.dir/rosidl_typesupport_introspection_c/custom_interfaces/msg/detail/coordinates__type_support.c.o[0m
[2.274s] [ 55%] [32mBuilding CXX object CMakeFiles/custom_interfaces__rosidl_typesupport_fastrtps_c.dir/rosidl_typesupport_fastrtps_c/custom_interfaces/msg/detail/coordinates__type_support_c.cpp.o[0m
[2.308s] [ 57%] [32mBuilding C object CMakeFiles/custom_interfaces__rosidl_typesupport_introspection_c.dir/rosidl_typesupport_introspection_c/custom_interfaces/srv/detail/multiply_three__type_support.c.o[0m
[2.355s] [ 59%] [32mBuilding C object CMakeFiles/custom_interfaces__rosidl_typesupport_introspection_c.dir/rosidl_typesupport_introspection_c/custom_interfaces/action/detail/move_robot__type_support.c.o[0m
[2.384s] [ 61%] [32m[1mLinking CXX shared library libcustom_interfaces__rosidl_typesupport_cpp.so[0m
[2.450s] [ 63%] [32m[1mLinking C shared library libcustom_interfaces__rosidl_typesupport_introspection_c.so[0m
[2.474s] [ 63%] Built target custom_interfaces__rosidl_typesupport_cpp
[2.486s] [ 65%] [32mBuilding CXX object CMakeFiles/custom_interfaces__rosidl_typesupport_fastrtps_c.dir/rosidl_typesupport_fastrtps_c/custom_interfaces/srv/detail/multiply_three__type_support_c.cpp.o[0m
[2.511s] [ 68%] [32mBuilding CXX object CMakeFiles/custom_interfaces__rosidl_typesupport_introspection_cpp.dir/rosidl_typesupport_introspection_cpp/custom_interfaces/action/detail/move_robot__type_support.cpp.o[0m
[2.522s] [ 70%] [32mBuilding CXX object CMakeFiles/custom_interfaces__rosidl_typesupport_fastrtps_c.dir/rosidl_typesupport_fastrtps_c/custom_interfaces/action/detail/move_robot__type_support_c.cpp.o[0m
[2.523s] [ 70%] Built target custom_interfaces__rosidl_typesupport_introspection_c
[2.853s] [ 72%] [32m[1mLinking CXX shared library libcustom_interfaces__rosidl_typesupport_fastrtps_cpp.so[0m
[2.885s] [ 74%] [32m[1mLinking CXX shared library libcustom_interfaces__rosidl_typesupport_fastrtps_c.so[0m
[2.907s] [ 74%] Built target custom_interfaces__rosidl_typesupport_fastrtps_cpp
[2.942s] [ 74%] Built target custom_interfaces__rosidl_typesupport_fastrtps_c
[2.975s] [ 76%] [32m[1mLinking CXX shared library libcustom_interfaces__rosidl_typesupport_introspection_cpp.so[0m
[3.027s] [ 76%] Built target custom_interfaces__rosidl_typesupport_introspection_cpp
[3.041s] [ 76%] Built target custom_interfaces
[3.055s] [ 78%] [34m[1mGenerating Python code for ROS interfaces[0m
[3.748s] [ 78%] Built target custom_interfaces__py
[3.755s] [35m[1mConsolidate compiler generated dependencies of target custom_interfaces__rosidl_generator_py[0m
[3.763s] [ 85%] [32mBuilding C object CMakeFiles/custom_interfaces__rosidl_generator_py.dir/rosidl_generator_py/custom_interfaces/msg/_coordinates_s.c.o[0m
[3.763s] [ 85%] [32mBuilding C object CMakeFiles/custom_interfaces__rosidl_generator_py.dir/rosidl_generator_py/custom_interfaces/srv/_multiply_three_s.c.o[0m
[3.763s] [ 85%] [32mBuilding C object CMakeFiles/custom_interfaces__rosidl_generator_py.dir/rosidl_generator_py/custom_interfaces/action/_move_robot_s.c.o[0m
[3.860s] [ 87%] [32m[1mLinking C shared library rosidl_generator_py/custom_interfaces/libcustom_interfaces__rosidl_generator_py.so[0m
[3.888s] [ 87%] Built target custom_interfaces__rosidl_generator_py
[3.895s] [35m[1mConsolidate compiler generated dependencies of target custom_interfaces__rosidl_typesupport_fastrtps_c__pyext[0m
[3.895s] [35m[1mConsolidate compiler generated dependencies of target custom_interfaces__rosidl_typesupport_introspection_c__pyext[0m
[3.895s] [35m[1mConsolidate compiler generated dependencies of target custom_interfaces__rosidl_typesupport_c__pyext[0m
[3.904s] [ 93%] [32mBuilding C object CMakeFiles/custom_interfaces__rosidl_typesupport_introspection_c__pyext.dir/rosidl_generator_py/custom_interfaces/_custom_interfaces_s.ep.rosidl_typesupport_introspection_c.c.o[0m
[3.904s] [ 93%] [32mBuilding C object CMakeFiles/custom_interfaces__rosidl_typesupport_c__pyext.dir/rosidl_generator_py/custom_interfaces/_custom_interfaces_s.ep.rosidl_typesupport_c.c.o[0m
[3.904s] [ 93%] [32mBuilding C object CMakeFiles/custom_interfaces__rosidl_typesupport_fastrtps_c__pyext.dir/rosidl_generator_py/custom_interfaces/_custom_interfaces_s.ep.rosidl_typesupport_fastrtps_c.c.o[0m
[3.997s] [ 97%] [32m[1mLinking C shared library rosidl_generator_py/custom_interfaces/custom_interfaces_s__rosidl_typesupport_c.cpython-310-x86_64-linux-gnu.so[0m
[3.998s] [ 97%] [32m[1mLinking C shared library rosidl_generator_py/custom_interfaces/custom_interfaces_s__rosidl_typesupport_fastrtps_c.cpython-310-x86_64-linux-gnu.so[0m
[4.001s] [100%] [32m[1mLinking C shared library rosidl_generator_py/custom_interfaces/custom_interfaces_s__rosidl_typesupport_introspection_c.cpython-310-x86_64-linux-gnu.so[0m
[4.030s] [100%] Built target custom_interfaces__rosidl_typesupport_c__pyext
[4.034s] [100%] Built target custom_interfaces__rosidl_typesupport_fastrtps_c__pyext
[4.034s] [100%] Built target custom_interfaces__rosidl_typesupport_introspection_c__pyext
[4.044s] Invoked command in '/home/cagan/ros2_ws/build/custom_interfaces' returned '0': CMAKE_PREFIX_PATH=${CMAKE_PREFIX_PATH}:/home/cagan/ros2_ws/install/simple_srvcli:/home/cagan/ros2_ws/install/simple_pubsub:/home/cagan/ros2_ws/install/python_parameters:/opt/ros/humble /usr/bin/cmake --build /home/cagan/ros2_ws/build/custom_interfaces -- -j8 -l8
[4.050s] Invoking command in '/home/cagan/ros2_ws/build/custom_interfaces': CMAKE_PREFIX_PATH=${CMAKE_PREFIX_PATH}:/home/cagan/ros2_ws/install/simple_srvcli:/home/cagan/ros2_ws/install/simple_pubsub:/home/cagan/ros2_ws/install/python_parameters:/opt/ros/humble /usr/bin/cmake --install /home/cagan/ros2_ws/build/custom_interfaces
[4.055s] -- Install configuration: ""
[4.055s] -- Installing: /home/cagan/ros2_ws/install/custom_interfaces/share/ament_index/resource_index/rosidl_interfaces/custom_interfaces
[4.055s] -- Up-to-date: /home/cagan/ros2_ws/install/custom_interfaces/include/custom_interfaces/custom_interfaces
[4.055s] -- Up-to-date: /home/cagan/ros2_ws/install/custom_interfaces/include/custom_interfaces/custom_interfaces/srv
[4.055s] -- Installing: /home/cagan/ros2_ws/install/custom_interfaces/include/custom_interfaces/custom_interfaces/srv/multiply_three.h
[4.055s] -- Up-to-date: /home/cagan/ros2_ws/install/custom_interfaces/include/custom_interfaces/custom_interfaces/srv/detail
[4.055s] -- Installing: /home/cagan/ros2_ws/install/custom_interfaces/include/custom_interfaces/custom_interfaces/srv/detail/multiply_three__functions.c
[4.055s] -- Installing: /home/cagan/ros2_ws/install/custom_interfaces/include/custom_interfaces/custom_interfaces/srv/detail/multiply_three__functions.h
[4.055s] -- Installing: /home/cagan/ros2_ws/install/custom_interfaces/include/custom_interfaces/custom_interfaces/srv/detail/multiply_three__type_support.h
[4.055s] -- Installing: /home/cagan/ros2_ws/install/custom_interfaces/include/custom_interfaces/custom_interfaces/srv/detail/multiply_three__struct.h
[4.056s] -- Installing: /home/cagan/ros2_ws/install/custom_interfaces/include/custom_interfaces/custom_interfaces/action
[4.056s] -- Installing: /home/cagan/ros2_ws/install/custom_interfaces/include/custom_interfaces/custom_interfaces/action/move_robot.h
[4.056s] -- Installing: /home/cagan/ros2_ws/install/custom_interfaces/include/custom_interfaces/custom_interfaces/action/detail
[4.056s] -- Installing: /home/cagan/ros2_ws/install/custom_interfaces/include/custom_interfaces/custom_interfaces/action/detail/move_robot__functions.h
[4.056s] -- Installing: /home/cagan/ros2_ws/install/custom_interfaces/include/custom_interfaces/custom_interfaces/action/detail/move_robot__functions.c
[4.056s] -- Installing: /home/cagan/ros2_ws/install/custom_interfaces/include/custom_interfaces/custom_interfaces/action/detail/move_robot__struct.h
[4.056s] -- Installing: /home/cagan/ros2_ws/install/custom_interfaces/include/custom_interfaces/custom_interfaces/action/detail/move_robot__type_support.h
[4.056s] -- Up-to-date: /home/cagan/ros2_ws/install/custom_interfaces/include/custom_interfaces/custom_interfaces/msg
[4.056s] -- Up-to-date: /home/cagan/ros2_ws/install/custom_interfaces/include/custom_interfaces/custom_interfaces/msg/rosidl_generator_c__visibility_control.h
[4.056s] -- Up-to-date: /home/cagan/ros2_ws/install/custom_interfaces/include/custom_interfaces/custom_interfaces/msg/detail
[4.056s] -- Installing: /home/cagan/ros2_ws/install/custom_interfaces/include/custom_interfaces/custom_interfaces/msg/detail/coordinates__functions.c
[4.056s] -- Installing: /home/cagan/ros2_ws/install/custom_interfaces/include/custom_interfaces/custom_interfaces/msg/detail/coordinates__struct.h
[4.056s] -- Installing: /home/cagan/ros2_ws/install/custom_interfaces/include/custom_interfaces/custom_interfaces/msg/detail/coordinates__functions.h
[4.056s] -- Installing: /home/cagan/ros2_ws/install/custom_interfaces/include/custom_interfaces/custom_interfaces/msg/detail/coordinates__type_support.h
[4.056s] -- Installing: /home/cagan/ros2_ws/install/custom_interfaces/include/custom_interfaces/custom_interfaces/msg/coordinates.h
[4.057s] -- Up-to-date: /home/cagan/ros2_ws/install/custom_interfaces/share/custom_interfaces/environment/library_path.sh
[4.057s] -- Installing: /home/cagan/ros2_ws/install/custom_interfaces/share/custom_interfaces/environment/library_path.dsv
[4.057s] -- Installing: /home/cagan/ros2_ws/install/custom_interfaces/lib/libcustom_interfaces__rosidl_generator_c.so
[4.057s] -- Set runtime path of "/home/cagan/ros2_ws/install/custom_interfaces/lib/libcustom_interfaces__rosidl_generator_c.so" to ""
[4.057s] -- Up-to-date: /home/cagan/ros2_ws/install/custom_interfaces/include/custom_interfaces/custom_interfaces
[4.057s] -- Up-to-date: /home/cagan/ros2_ws/install/custom_interfaces/include/custom_interfaces/custom_interfaces/srv
[4.057s] -- Up-to-date: /home/cagan/ros2_ws/install/custom_interfaces/include/custom_interfaces/custom_interfaces/srv/detail
[4.057s] -- Installing: /home/cagan/ros2_ws/install/custom_interfaces/include/custom_interfaces/custom_interfaces/srv/detail/multiply_three__rosidl_typesupport_fastrtps_c.h
[4.057s] -- Up-to-date: /home/cagan/ros2_ws/install/custom_interfaces/include/custom_interfaces/custom_interfaces/action
[4.057s] -- Up-to-date: /home/cagan/ros2_ws/install/custom_interfaces/include/custom_interfaces/custom_interfaces/action/detail
[4.057s] -- Installing: /home/cagan/ros2_ws/install/custom_interfaces/include/custom_interfaces/custom_interfaces/action/detail/move_robot__rosidl_typesupport_fastrtps_c.h
[4.057s] -- Up-to-date: /home/cagan/ros2_ws/install/custom_interfaces/include/custom_interfaces/custom_interfaces/msg
[4.057s] -- Up-to-date: /home/cagan/ros2_ws/install/custom_interfaces/include/custom_interfaces/custom_interfaces/msg/rosidl_typesupport_fastrtps_c__visibility_control.h
[4.057s] -- Up-to-date: /home/cagan/ros2_ws/install/custom_interfaces/include/custom_interfaces/custom_interfaces/msg/detail
[4.058s] -- Installing: /home/cagan/ros2_ws/install/custom_interfaces/include/custom_interfaces/custom_interfaces/msg/detail/coordinates__rosidl_typesupport_fastrtps_c.h
[4.058s] -- Installing: /home/cagan/ros2_ws/install/custom_interfaces/lib/libcustom_interfaces__rosidl_typesupport_fastrtps_c.so
[4.058s] -- Set runtime path of "/home/cagan/ros2_ws/install/custom_interfaces/lib/libcustom_interfaces__rosidl_typesupport_fastrtps_c.so" to ""
[4.058s] -- Up-to-date: /home/cagan/ros2_ws/install/custom_interfaces/include/custom_interfaces/custom_interfaces
[4.058s] -- Up-to-date: /home/cagan/ros2_ws/install/custom_interfaces/include/custom_interfaces/custom_interfaces/srv
[4.058s] -- Installing: /home/cagan/ros2_ws/install/custom_interfaces/include/custom_interfaces/custom_interfaces/srv/multiply_three.hpp
[4.058s] -- Up-to-date: /home/cagan/ros2_ws/install/custom_interfaces/include/custom_interfaces/custom_interfaces/srv/detail
[4.058s] -- Installing: /home/cagan/ros2_ws/install/custom_interfaces/include/custom_interfaces/custom_interfaces/srv/detail/multiply_three__struct.hpp
[4.058s] -- Installing: /home/cagan/ros2_ws/install/custom_interfaces/include/custom_interfaces/custom_interfaces/srv/detail/multiply_three__type_support.hpp
[4.058s] -- Installing: /home/cagan/ros2_ws/install/custom_interfaces/include/custom_interfaces/custom_interfaces/srv/detail/multiply_three__traits.hpp
[4.058s] -- Installing: /home/cagan/ros2_ws/install/custom_interfaces/include/custom_interfaces/custom_interfaces/srv/detail/multiply_three__builder.hpp
[4.058s] -- Up-to-date: /home/cagan/ros2_ws/install/custom_interfaces/include/custom_interfaces/custom_interfaces/action
[4.058s] -- Up-to-date: /home/cagan/ros2_ws/install/custom_interfaces/include/custom_interfaces/custom_interfaces/action/detail
[4.058s] -- Installing: /home/cagan/ros2_ws/install/custom_interfaces/include/custom_interfaces/custom_interfaces/action/detail/move_robot__builder.hpp
[4.058s] -- Installing: /home/cagan/ros2_ws/install/custom_interfaces/include/custom_interfaces/custom_interfaces/action/detail/move_robot__type_support.hpp
[4.059s] -- Installing: /home/cagan/ros2_ws/install/custom_interfaces/include/custom_interfaces/custom_interfaces/action/detail/move_robot__traits.hpp
[4.059s] -- Installing: /home/cagan/ros2_ws/install/custom_interfaces/include/custom_interfaces/custom_interfaces/action/detail/move_robot__struct.hpp
[4.059s] -- Installing: /home/cagan/ros2_ws/install/custom_interfaces/include/custom_interfaces/custom_interfaces/action/move_robot.hpp
[4.059s] -- Up-to-date: /home/cagan/ros2_ws/install/custom_interfaces/include/custom_interfaces/custom_interfaces/msg
[4.059s] -- Up-to-date: /home/cagan/ros2_ws/install/custom_interfaces/include/custom_interfaces/custom_interfaces/msg/rosidl_generator_cpp__visibility_control.hpp
[4.059s] -- Installing: /home/cagan/ros2_ws/install/custom_interfaces/include/custom_interfaces/custom_interfaces/msg/coordinates.hpp
[4.059s] -- Up-to-date: /home/cagan/ros2_ws/install/custom_interfaces/include/custom_interfaces/custom_interfaces/msg/detail
[4.059s] -- Installing: /home/cagan/ros2_ws/install/custom_interfaces/include/custom_interfaces/custom_interfaces/msg/detail/coordinates__struct.hpp
[4.059s] -- Installing: /home/cagan/ros2_ws/install/custom_interfaces/include/custom_interfaces/custom_interfaces/msg/detail/coordinates__type_support.hpp
[4.059s] -- Installing: /home/cagan/ros2_ws/install/custom_interfaces/include/custom_interfaces/custom_interfaces/msg/detail/coordinates__builder.hpp
[4.059s] -- Installing: /home/cagan/ros2_ws/install/custom_interfaces/include/custom_interfaces/custom_interfaces/msg/detail/coordinates__traits.hpp
[4.059s] -- Up-to-date: /home/cagan/ros2_ws/install/custom_interfaces/include/custom_interfaces/custom_interfaces
[4.059s] -- Up-to-date: /home/cagan/ros2_ws/install/custom_interfaces/include/custom_interfaces/custom_interfaces/srv
[4.059s] -- Up-to-date: /home/cagan/ros2_ws/install/custom_interfaces/include/custom_interfaces/custom_interfaces/srv/detail
[4.059s] -- Installing: /home/cagan/ros2_ws/install/custom_interfaces/include/custom_interfaces/custom_interfaces/srv/detail/multiply_three__rosidl_typesupport_fastrtps_cpp.hpp
[4.059s] -- Up-to-date: /home/cagan/ros2_ws/install/custom_interfaces/include/custom_interfaces/custom_interfaces/srv/detail/dds_fastrtps
[4.060s] -- Up-to-date: /home/cagan/ros2_ws/install/custom_interfaces/include/custom_interfaces/custom_interfaces/action
[4.060s] -- Up-to-date: /home/cagan/ros2_ws/install/custom_interfaces/include/custom_interfaces/custom_interfaces/action/detail
[4.060s] -- Installing: /home/cagan/ros2_ws/install/custom_interfaces/include/custom_interfaces/custom_interfaces/action/detail/dds_fastrtps
[4.060s] -- Installing: /home/cagan/ros2_ws/install/custom_interfaces/include/custom_interfaces/custom_interfaces/action/detail/move_robot__rosidl_typesupport_fastrtps_cpp.hpp
[4.060s] -- Up-to-date: /home/cagan/ros2_ws/install/custom_interfaces/include/custom_interfaces/custom_interfaces/msg
[4.060s] -- Up-to-date: /home/cagan/ros2_ws/install/custom_interfaces/include/custom_interfaces/custom_interfaces/msg/detail
[4.060s] -- Up-to-date: /home/cagan/ros2_ws/install/custom_interfaces/include/custom_interfaces/custom_interfaces/msg/detail/dds_fastrtps
[4.060s] -- Installing: /home/cagan/ros2_ws/install/custom_interfaces/include/custom_interfaces/custom_interfaces/msg/detail/coordinates__rosidl_typesupport_fastrtps_cpp.hpp
[4.060s] -- Up-to-date: /home/cagan/ros2_ws/install/custom_interfaces/include/custom_interfaces/custom_interfaces/msg/rosidl_typesupport_fastrtps_cpp__visibility_control.h
[4.060s] -- Installing: /home/cagan/ros2_ws/install/custom_interfaces/lib/libcustom_interfaces__rosidl_typesupport_fastrtps_cpp.so
[4.060s] -- Set runtime path of "/home/cagan/ros2_ws/install/custom_interfaces/lib/libcustom_interfaces__rosidl_typesupport_fastrtps_cpp.so" to ""
[4.060s] -- Up-to-date: /home/cagan/ros2_ws/install/custom_interfaces/include/custom_interfaces/custom_interfaces
[4.060s] -- Up-to-date: /home/cagan/ros2_ws/install/custom_interfaces/include/custom_interfaces/custom_interfaces/srv
[4.060s] -- Up-to-date: /home/cagan/ros2_ws/install/custom_interfaces/include/custom_interfaces/custom_interfaces/srv/detail
[4.060s] -- Installing: /home/cagan/ros2_ws/install/custom_interfaces/include/custom_interfaces/custom_interfaces/srv/detail/multiply_three__type_support.c
[4.061s] -- Installing: /home/cagan/ros2_ws/install/custom_interfaces/include/custom_interfaces/custom_interfaces/srv/detail/multiply_three__rosidl_typesupport_introspection_c.h
[4.061s] -- Up-to-date: /home/cagan/ros2_ws/install/custom_interfaces/include/custom_interfaces/custom_interfaces/action
[4.061s] -- Up-to-date: /home/cagan/ros2_ws/install/custom_interfaces/include/custom_interfaces/custom_interfaces/action/detail
[4.061s] -- Installing: /home/cagan/ros2_ws/install/custom_interfaces/include/custom_interfaces/custom_interfaces/action/detail/move_robot__rosidl_typesupport_introspection_c.h
[4.061s] -- Installing: /home/cagan/ros2_ws/install/custom_interfaces/include/custom_interfaces/custom_interfaces/action/detail/move_robot__type_support.c
[4.061s] -- Up-to-date: /home/cagan/ros2_ws/install/custom_interfaces/include/custom_interfaces/custom_interfaces/msg
[4.061s] -- Up-to-date: /home/cagan/ros2_ws/install/custom_interfaces/include/custom_interfaces/custom_interfaces/msg/rosidl_typesupport_introspection_c__visibility_control.h
[4.061s] -- Up-to-date: /home/cagan/ros2_ws/install/custom_interfaces/include/custom_interfaces/custom_interfaces/msg/detail
[4.061s] -- Installing: /home/cagan/ros2_ws/install/custom_interfaces/include/custom_interfaces/custom_interfaces/msg/detail/coordinates__rosidl_typesupport_introspection_c.h
[4.061s] -- Installing: /home/cagan/ros2_ws/install/custom_interfaces/include/custom_interfaces/custom_interfaces/msg/detail/coordinates__type_support.c
[4.061s] -- Installing: /home/cagan/ros2_ws/install/custom_interfaces/lib/libcustom_interfaces__rosidl_typesupport_introspection_c.so
[4.061s] -- Set runtime path of "/home/cagan/ros2_ws/install/custom_interfaces/lib/libcustom_interfaces__rosidl_typesupport_introspection_c.so" to ""
[4.061s] -- Installing: /home/cagan/ros2_ws/install/custom_interfaces/lib/libcustom_interfaces__rosidl_typesupport_c.so
[4.061s] -- Set runtime path of "/home/cagan/ros2_ws/install/custom_interfaces/lib/libcustom_interfaces__rosidl_typesupport_c.so" to ""
[4.061s] -- Up-to-date: /home/cagan/ros2_ws/install/custom_interfaces/include/custom_interfaces/custom_interfaces
[4.061s] -- Up-to-date: /home/cagan/ros2_ws/install/custom_interfaces/include/custom_interfaces/custom_interfaces/srv
[4.061s] -- Up-to-date: /home/cagan/ros2_ws/install/custom_interfaces/include/custom_interfaces/custom_interfaces/srv/detail
[4.062s] -- Installing: /home/cagan/ros2_ws/install/custom_interfaces/include/custom_interfaces/custom_interfaces/srv/detail/multiply_three__rosidl_typesupport_introspection_cpp.hpp
[4.062s] -- Installing: /home/cagan/ros2_ws/install/custom_interfaces/include/custom_interfaces/custom_interfaces/srv/detail/multiply_three__type_support.cpp
[4.062s] -- Up-to-date: /home/cagan/ros2_ws/install/custom_interfaces/include/custom_interfaces/custom_interfaces/action
[4.062s] -- Up-to-date: /home/cagan/ros2_ws/install/custom_interfaces/include/custom_interfaces/custom_interfaces/action/detail
[4.062s] -- Installing: /home/cagan/ros2_ws/install/custom_interfaces/include/custom_interfaces/custom_interfaces/action/detail/move_robot__rosidl_typesupport_introspection_cpp.hpp
[4.062s] -- Installing: /home/cagan/ros2_ws/install/custom_interfaces/include/custom_interfaces/custom_interfaces/action/detail/move_robot__type_support.cpp
[4.062s] -- Up-to-date: /home/cagan/ros2_ws/install/custom_interfaces/include/custom_interfaces/custom_interfaces/msg
[4.062s] -- Up-to-date: /home/cagan/ros2_ws/install/custom_interfaces/include/custom_interfaces/custom_interfaces/msg/detail
[4.062s] -- Installing: /home/cagan/ros2_ws/install/custom_interfaces/include/custom_interfaces/custom_interfaces/msg/detail/coordinates__rosidl_typesupport_introspection_cpp.hpp
[4.062s] -- Installing: /home/cagan/ros2_ws/install/custom_interfaces/include/custom_interfaces/custom_interfaces/msg/detail/coordinates__type_support.cpp
[4.062s] -- Installing: /home/cagan/ros2_ws/install/custom_interfaces/lib/libcustom_interfaces__rosidl_typesupport_introspection_cpp.so
[4.062s] -- Set runtime path of "/home/cagan/ros2_ws/install/custom_interfaces/lib/libcustom_interfaces__rosidl_typesupport_introspection_cpp.so" to ""
[4.062s] -- Installing: /home/cagan/ros2_ws/install/custom_interfaces/lib/libcustom_interfaces__rosidl_typesupport_cpp.so
[4.062s] -- Set runtime path of "/home/cagan/ros2_ws/install/custom_interfaces/lib/libcustom_interfaces__rosidl_typesupport_cpp.so" to ""
[4.062s] -- Up-to-date: /home/cagan/ros2_ws/install/custom_interfaces/share/custom_interfaces/environment/pythonpath.sh
[4.063s] -- Installing: /home/cagan/ros2_ws/install/custom_interfaces/share/custom_interfaces/environment/pythonpath.dsv
[4.063s] -- Up-to-date: /home/cagan/ros2_ws/install/custom_interfaces/local/lib/python3.10/dist-packages/custom_interfaces-0.0.0-py3.10.egg-info
[4.063s] -- Installing: /home/cagan/ros2_ws/install/custom_interfaces/local/lib/python3.10/dist-packages/custom_interfaces-0.0.0-py3.10.egg-info/top_level.txt
[4.063s] -- Installing: /home/cagan/ros2_ws/install/custom_interfaces/local/lib/python3.10/dist-packages/custom_interfaces-0.0.0-py3.10.egg-info/PKG-INFO
[4.063s] -- Installing: /home/cagan/ros2_ws/install/custom_interfaces/local/lib/python3.10/dist-packages/custom_interfaces-0.0.0-py3.10.egg-info/dependency_links.txt
[4.063s] -- Installing: /home/cagan/ros2_ws/install/custom_interfaces/local/lib/python3.10/dist-packages/custom_interfaces-0.0.0-py3.10.egg-info/SOURCES.txt
[4.063s] -- Up-to-date: /home/cagan/ros2_ws/install/custom_interfaces/local/lib/python3.10/dist-packages/custom_interfaces
[4.063s] -- Installing: /home/cagan/ros2_ws/install/custom_interfaces/local/lib/python3.10/dist-packages/custom_interfaces/_custom_interfaces_s.ep.rosidl_typesupport_introspection_c.c
[4.063s] -- Up-to-date: /home/cagan/ros2_ws/install/custom_interfaces/local/lib/python3.10/dist-packages/custom_interfaces/srv
[4.063s] -- Installing: /home/cagan/ros2_ws/install/custom_interfaces/local/lib/python3.10/dist-packages/custom_interfaces/srv/_multiply_three_s.c
[4.063s] -- Installing: /home/cagan/ros2_ws/install/custom_interfaces/local/lib/python3.10/dist-packages/custom_interfaces/srv/_multiply_three.py
[4.063s] -- Installing: /home/cagan/ros2_ws/install/custom_interfaces/local/lib/python3.10/dist-packages/custom_interfaces/srv/__init__.py
[4.063s] -- Installing: /home/cagan/ros2_ws/install/custom_interfaces/local/lib/python3.10/dist-packages/custom_interfaces/action
[4.063s] -- Installing: /home/cagan/ros2_ws/install/custom_interfaces/local/lib/python3.10/dist-packages/custom_interfaces/action/_move_robot_s.c
[4.063s] -- Installing: /home/cagan/ros2_ws/install/custom_interfaces/local/lib/python3.10/dist-packages/custom_interfaces/action/_move_robot.py
[4.064s] -- Installing: /home/cagan/ros2_ws/install/custom_interfaces/local/lib/python3.10/dist-packages/custom_interfaces/action/__init__.py
[4.064s] -- Installing: /home/cagan/ros2_ws/install/custom_interfaces/local/lib/python3.10/dist-packages/custom_interfaces/_custom_interfaces_s.ep.rosidl_typesupport_fastrtps_c.c
[4.064s] -- Up-to-date: /home/cagan/ros2_ws/install/custom_interfaces/local/lib/python3.10/dist-packages/custom_interfaces/msg
[4.064s] -- Installing: /home/cagan/ros2_ws/install/custom_interfaces/local/lib/python3.10/dist-packages/custom_interfaces/msg/_coordinates_s.c
[4.064s] -- Installing: /home/cagan/ros2_ws/install/custom_interfaces/local/lib/python3.10/dist-packages/custom_interfaces/msg/_coordinates.py
[4.064s] -- Installing: /home/cagan/ros2_ws/install/custom_interfaces/local/lib/python3.10/dist-packages/custom_interfaces/msg/__init__.py
[4.064s] -- Installing: /home/cagan/ros2_ws/install/custom_interfaces/local/lib/python3.10/dist-packages/custom_interfaces/custom_interfaces_s__rosidl_typesupport_c.cpython-310-x86_64-linux-gnu.so
[4.064s] -- Installing: /home/cagan/ros2_ws/install/custom_interfaces/local/lib/python3.10/dist-packages/custom_interfaces/_custom_interfaces_s.ep.rosidl_typesupport_c.c
[4.064s] -- Installing: /home/cagan/ros2_ws/install/custom_interfaces/local/lib/python3.10/dist-packages/custom_interfaces/custom_interfaces_s__rosidl_typesupport_fastrtps_c.cpython-310-x86_64-linux-gnu.so
[4.064s] -- Installing: /home/cagan/ros2_ws/install/custom_interfaces/local/lib/python3.10/dist-packages/custom_interfaces/libcustom_interfaces__rosidl_generator_py.so
[4.064s] -- Installing: /home/cagan/ros2_ws/install/custom_interfaces/local/lib/python3.10/dist-packages/custom_interfaces/custom_interfaces_s__rosidl_typesupport_introspection_c.cpython-310-x86_64-linux-gnu.so
[4.064s] -- Installing: /home/cagan/ros2_ws/install/custom_interfaces/local/lib/python3.10/dist-packages/custom_interfaces/__init__.py
[4.094s] Listing '/home/cagan/ros2_ws/install/custom_interfaces/local/lib/python3.10/dist-packages/custom_interfaces'...
[4.094s] Compiling '/home/cagan/ros2_ws/install/custom_interfaces/local/lib/python3.10/dist-packages/custom_interfaces/__init__.py'...
[4.094s] Listing '/home/cagan/ros2_ws/install/custom_interfaces/local/lib/python3.10/dist-packages/custom_interfaces/action'...
[4.094s] Compiling '/home/cagan/ros2_ws/install/custom_interfaces/local/lib/python3.10/dist-packages/custom_interfaces/action/__init__.py'...
[4.094s] Compiling '/home/cagan/ros2_ws/install/custom_interfaces/local/lib/python3.10/dist-packages/custom_interfaces/action/_move_robot.py'...
[4.094s] Listing '/home/cagan/ros2_ws/install/custom_interfaces/local/lib/python3.10/dist-packages/custom_interfaces/msg'...
[4.094s] Compiling '/home/cagan/ros2_ws/install/custom_interfaces/local/lib/python3.10/dist-packages/custom_interfaces/msg/__init__.py'...
[4.094s] Compiling '/home/cagan/ros2_ws/install/custom_interfaces/local/lib/python3.10/dist-packages/custom_interfaces/msg/_coordinates.py'...
[4.094s] Listing '/home/cagan/ros2_ws/install/custom_interfaces/local/lib/python3.10/dist-packages/custom_interfaces/srv'...
[4.094s] Compiling '/home/cagan/ros2_ws/install/custom_interfaces/local/lib/python3.10/dist-packages/custom_interfaces/srv/__init__.py'...
[4.094s] Compiling '/home/cagan/ros2_ws/install/custom_interfaces/local/lib/python3.10/dist-packages/custom_interfaces/srv/_multiply_three.py'...
[4.097s] -- Installing: /home/cagan/ros2_ws/install/custom_interfaces/local/lib/python3.10/dist-packages/custom_interfaces/custom_interfaces_s__rosidl_typesupport_fastrtps_c.cpython-310-x86_64-linux-gnu.so
[4.097s] -- Set runtime path of "/home/cagan/ros2_ws/install/custom_interfaces/local/lib/python3.10/dist-packages/custom_interfaces/custom_interfaces_s__rosidl_typesupport_fastrtps_c.cpython-310-x86_64-linux-gnu.so" to ""
[4.097s] -- Installing: /home/cagan/ros2_ws/install/custom_interfaces/local/lib/python3.10/dist-packages/custom_interfaces/custom_interfaces_s__rosidl_typesupport_introspection_c.cpython-310-x86_64-linux-gnu.so
[4.097s] -- Set runtime path of "/home/cagan/ros2_ws/install/custom_interfaces/local/lib/python3.10/dist-packages/custom_interfaces/custom_interfaces_s__rosidl_typesupport_introspection_c.cpython-310-x86_64-linux-gnu.so" to ""
[4.097s] -- Installing: /home/cagan/ros2_ws/install/custom_interfaces/local/lib/python3.10/dist-packages/custom_interfaces/custom_interfaces_s__rosidl_typesupport_c.cpython-310-x86_64-linux-gnu.so
[4.097s] -- Set runtime path of "/home/cagan/ros2_ws/install/custom_interfaces/local/lib/python3.10/dist-packages/custom_interfaces/custom_interfaces_s__rosidl_typesupport_c.cpython-310-x86_64-linux-gnu.so" to ""
[4.097s] -- Installing: /home/cagan/ros2_ws/install/custom_interfaces/lib/libcustom_interfaces__rosidl_generator_py.so
[4.098s] -- Set runtime path of "/home/cagan/ros2_ws/install/custom_interfaces/lib/libcustom_interfaces__rosidl_generator_py.so" to ""
[4.098s] -- Up-to-date: /home/cagan/ros2_ws/install/custom_interfaces/share/custom_interfaces/msg/Coordinates.idl
[4.098s] -- Up-to-date: /home/cagan/ros2_ws/install/custom_interfaces/share/custom_interfaces/srv/MultiplyThree.idl
[4.098s] -- Installing: /home/cagan/ros2_ws/install/custom_interfaces/share/custom_interfaces/action/MoveRobot.idl
[4.098s] -- Up-to-date: /home/cagan/ros2_ws/install/custom_interfaces/share/custom_interfaces/msg/Coordinates.msg
[4.098s] -- Up-to-date: /home/cagan/ros2_ws/install/custom_interfaces/share/custom_interfaces/srv/MultiplyThree.srv
[4.098s] -- Up-to-date: /home/cagan/ros2_ws/install/custom_interfaces/share/custom_interfaces/srv/MultiplyThree_Request.msg
[4.098s] -- Up-to-date: /home/cagan/ros2_ws/install/custom_interfaces/share/custom_interfaces/srv/MultiplyThree_Response.msg
[4.098s] -- Installing: /home/cagan/ros2_ws/install/custom_interfaces/share/custom_interfaces/action/MoveRobot.action
[4.098s] -- Up-to-date: /home/cagan/ros2_ws/install/custom_interfaces/share/ament_index/resource_index/package_run_dependencies/custom_interfaces
[4.098s] -- Installing: /home/cagan/ros2_ws/install/custom_interfaces/share/ament_index/resource_index/parent_prefix_path/custom_interfaces
[4.098s] -- Up-to-date: /home/cagan/ros2_ws/install/custom_interfaces/share/custom_interfaces/environment/ament_prefix_path.sh
[4.098s] -- Installing: /home/cagan/ros2_ws/install/custom_interfaces/share/custom_interfaces/environment/ament_prefix_path.dsv
[4.099s] -- Up-to-date: /home/cagan/ros2_ws/install/custom_interfaces/share/custom_interfaces/environment/path.sh
[4.099s] -- Installing: /home/cagan/ros2_ws/install/custom_interfaces/share/custom_interfaces/environment/path.dsv
[4.099s] -- Up-to-date: /home/cagan/ros2_ws/install/custom_interfaces/share/custom_interfaces/local_setup.bash
[4.099s] -- Up-to-date: /home/cagan/ros2_ws/install/custom_interfaces/share/custom_interfaces/local_setup.sh
[4.099s] -- Up-to-date: /home/cagan/ros2_ws/install/custom_interfaces/share/custom_interfaces/local_setup.zsh
[4.099s] -- Installing: /home/cagan/ros2_ws/install/custom_interfaces/share/custom_interfaces/local_setup.dsv
[4.099s] -- Installing: /home/cagan/ros2_ws/install/custom_interfaces/share/custom_interfaces/package.dsv
[4.099s] -- Up-to-date: /home/cagan/ros2_ws/install/custom_interfaces/share/ament_index/resource_index/packages/custom_interfaces
[4.099s] -- Old export file "/home/cagan/ros2_ws/install/custom_interfaces/share/custom_interfaces/cmake/export_custom_interfaces__rosidl_generator_cExport.cmake" will be replaced.  Removing files [/home/cagan/ros2_ws/install/custom_interfaces/share/custom_interfaces/cmake/export_custom_interfaces__rosidl_generator_cExport-noconfig.cmake].
[4.099s] -- Installing: /home/cagan/ros2_ws/install/custom_interfaces/share/custom_interfaces/cmake/export_custom_interfaces__rosidl_generator_cExport.cmake
[4.099s] -- Installing: /home/cagan/ros2_ws/install/custom_interfaces/share/custom_interfaces/cmake/export_custom_interfaces__rosidl_generator_cExport-noconfig.cmake
[4.099s] -- Old export file "/home/cagan/ros2_ws/install/custom_interfaces/share/custom_interfaces/cmake/export_custom_interfaces__rosidl_typesupport_fastrtps_cExport.cmake" will be replaced.  Removing files [/home/cagan/ros2_ws/install/custom_interfaces/share/custom_interfaces/cmake/export_custom_interfaces__rosidl_typesupport_fastrtps_cExport-noconfig.cmake].
[4.099s] -- Installing: /home/cagan/ros2_ws/install/custom_interfaces/share/custom_interfaces/cmake/export_custom_interfaces__rosidl_typesupport_fastrtps_cExport.cmake
[4.099s] -- Installing: /home/cagan/ros2_ws/install/custom_interfaces/share/custom_interfaces/cmake/export_custom_interfaces__rosidl_typesupport_fastrtps_cExport-noconfig.cmake
[4.099s] -- Installing: /home/cagan/ros2_ws/install/custom_interfaces/share/custom_interfaces/cmake/export_custom_interfaces__rosidl_generator_cppExport.cmake
[4.100s] -- Old export file "/home/cagan/ros2_ws/install/custom_interfaces/share/custom_interfaces/cmake/export_custom_interfaces__rosidl_typesupport_fastrtps_cppExport.cmake" will be replaced.  Removing files [/home/cagan/ros2_ws/install/custom_interfaces/share/custom_interfaces/cmake/export_custom_interfaces__rosidl_typesupport_fastrtps_cppExport-noconfig.cmake].
[4.100s] -- Installing: /home/cagan/ros2_ws/install/custom_interfaces/share/custom_interfaces/cmake/export_custom_interfaces__rosidl_typesupport_fastrtps_cppExport.cmake
[4.100s] -- Installing: /home/cagan/ros2_ws/install/custom_interfaces/share/custom_interfaces/cmake/export_custom_interfaces__rosidl_typesupport_fastrtps_cppExport-noconfig.cmake
[4.100s] -- Old export file "/home/cagan/ros2_ws/install/custom_interfaces/share/custom_interfaces/cmake/custom_interfaces__rosidl_typesupport_introspection_cExport.cmake" will be replaced.  Removing files [/home/cagan/ros2_ws/install/custom_interfaces/share/custom_interfaces/cmake/custom_interfaces__rosidl_typesupport_introspection_cExport-noconfig.cmake].
[4.100s] -- Installing: /home/cagan/ros2_ws/install/custom_interfaces/share/custom_interfaces/cmake/custom_interfaces__rosidl_typesupport_introspection_cExport.cmake
[4.100s] -- Installing: /home/cagan/ros2_ws/install/custom_interfaces/share/custom_interfaces/cmake/custom_interfaces__rosidl_typesupport_introspection_cExport-noconfig.cmake
[4.100s] -- Old export file "/home/cagan/ros2_ws/install/custom_interfaces/share/custom_interfaces/cmake/custom_interfaces__rosidl_typesupport_cExport.cmake" will be replaced.  Removing files [/home/cagan/ros2_ws/install/custom_interfaces/share/custom_interfaces/cmake/custom_interfaces__rosidl_typesupport_cExport-noconfig.cmake].
[4.100s] -- Installing: /home/cagan/ros2_ws/install/custom_interfaces/share/custom_interfaces/cmake/custom_interfaces__rosidl_typesupport_cExport.cmake
[4.100s] -- Installing: /home/cagan/ros2_ws/install/custom_interfaces/share/custom_interfaces/cmake/custom_interfaces__rosidl_typesupport_cExport-noconfig.cmake
[4.100s] -- Old export file "/home/cagan/ros2_ws/install/custom_interfaces/share/custom_interfaces/cmake/custom_interfaces__rosidl_typesupport_introspection_cppExport.cmake" will be replaced.  Removing files [/home/cagan/ros2_ws/install/custom_interfaces/share/custom_interfaces/cmake/custom_interfaces__rosidl_typesupport_introspection_cppExport-noconfig.cmake].
[4.100s] -- Installing: /home/cagan/ros2_ws/install/custom_interfaces/share/custom_interfaces/cmake/custom_interfaces__rosidl_typesupport_introspection_cppExport.cmake
[4.100s] -- Installing: /home/cagan/ros2_ws/install/custom_interfaces/share/custom_interfaces/cmake/custom_interfaces__rosidl_typesupport_introspection_cppExport-noconfig.cmake
[4.100s] -- Old export file "/home/cagan/ros2_ws/install/custom_interfaces/share/custom_interfaces/cmake/custom_interfaces__rosidl_typesupport_cppExport.cmake" will be replaced.  Removing files [/home/cagan/ros2_ws/install/custom_interfaces/share/custom_interfaces/cmake/custom_interfaces__rosidl_typesupport_cppExport-noconfig.cmake].
[4.100s] -- Installing: /home/cagan/ros2_ws/install/custom_interfaces/share/custom_interfaces/cmake/custom_interfaces__rosidl_typesupport_cppExport.cmake
[4.101s] -- Installing: /home/cagan/ros2_ws/install/custom_interfaces/share/custom_interfaces/cmake/custom_interfaces__rosidl_typesupport_cppExport-noconfig.cmake
[4.101s] -- Old export file "/home/cagan/ros2_ws/install/custom_interfaces/share/custom_interfaces/cmake/export_custom_interfaces__rosidl_generator_pyExport.cmake" will be replaced.  Removing files [/home/cagan/ros2_ws/install/custom_interfaces/share/custom_interfaces/cmake/export_custom_interfaces__rosidl_generator_pyExport-noconfig.cmake].
[4.101s] -- Installing: /home/cagan/ros2_ws/install/custom_interfaces/share/custom_interfaces/cmake/export_custom_interfaces__rosidl_generator_pyExport.cmake
[4.101s] -- Installing: /home/cagan/ros2_ws/install/custom_interfaces/share/custom_interfaces/cmake/export_custom_interfaces__rosidl_generator_pyExport-noconfig.cmake
[4.101s] -- Installing: /home/cagan/ros2_ws/install/custom_interfaces/share/custom_interfaces/cmake/rosidl_cmake-extras.cmake
[4.101s] -- Installing: /home/cagan/ros2_ws/install/custom_interfaces/share/custom_interfaces/cmake/ament_cmake_export_dependencies-extras.cmake
[4.101s] -- Up-to-date: /home/cagan/ros2_ws/install/custom_interfaces/share/custom_interfaces/cmake/ament_cmake_export_include_directories-extras.cmake
[4.101s] -- Up-to-date: /home/cagan/ros2_ws/install/custom_interfaces/share/custom_interfaces/cmake/ament_cmake_export_libraries-extras.cmake
[4.101s] -- Up-to-date: /home/cagan/ros2_ws/install/custom_interfaces/share/custom_interfaces/cmake/ament_cmake_export_targets-extras.cmake
[4.101s] -- Up-to-date: /home/cagan/ros2_ws/install/custom_interfaces/share/custom_interfaces/cmake/rosidl_cmake_export_typesupport_targets-extras.cmake
[4.101s] -- Up-to-date: /home/cagan/ros2_ws/install/custom_interfaces/share/custom_interfaces/cmake/rosidl_cmake_export_typesupport_libraries-extras.cmake
[4.101s] -- Up-to-date: /home/cagan/ros2_ws/install/custom_interfaces/share/custom_interfaces/cmake/custom_interfacesConfig.cmake
[4.101s] -- Up-to-date: /home/cagan/ros2_ws/install/custom_interfaces/share/custom_interfaces/cmake/custom_interfacesConfig-version.cmake
[4.101s] -- Up-to-date: /home/cagan/ros2_ws/install/custom_interfaces/share/custom_interfaces/package.xml
[4.103s] Invoked command in '/home/cagan/ros2_ws/build/custom_interfaces' returned '0': CMAKE_PREFIX_PATH=${CMAKE_PREFIX_PATH}:/home/cagan/ros2_ws/install/simple_srvcli:/home/cagan/ros2_ws/install/simple_pubsub:/home/cagan/ros2_ws/install/python_parameters:/opt/ros/humble /usr/bin/cmake --install /home/cagan/ros2_ws/build/custom_interfaces
