[0.418s] Invoking command in '/home/cagan/ros2_ws/src/simple_pubsub': PYTHONPATH=/home/cagan/ros2_ws/build/simple_pubsub/prefix_override:/usr/lib/python3/dist-packages/colcon_core/task/python/colcon_distutils_commands:/home/cagan/ros2_ws/install/simple_pubsub/lib/python3.10/site-packages:${PYTHONPATH} /usr/bin/python3 -W ignore:setup.py install is deprecated -W ignore:easy_install command is deprecated setup.py egg_info --egg-base ../../build/simple_pubsub build --build-base /home/cagan/ros2_ws/build/simple_pubsub/build install --record /home/cagan/ros2_ws/build/simple_pubsub/install.log --single-version-externally-managed install_data
[0.572s] running egg_info
[0.572s] creating ../../build/simple_pubsub/simple_pubsub.egg-info
[0.573s] writing ../../build/simple_pubsub/simple_pubsub.egg-info/PKG-INFO
[0.573s] writing dependency_links to ../../build/simple_pubsub/simple_pubsub.egg-info/dependency_links.txt
[0.573s] writing entry points to ../../build/simple_pubsub/simple_pubsub.egg-info/entry_points.txt
[0.573s] writing requirements to ../../build/simple_pubsub/simple_pubsub.egg-info/requires.txt
[0.573s] writing top-level names to ../../build/simple_pubsub/simple_pubsub.egg-info/top_level.txt
[0.573s] writing manifest file '../../build/simple_pubsub/simple_pubsub.egg-info/SOURCES.txt'
[0.575s] reading manifest file '../../build/simple_pubsub/simple_pubsub.egg-info/SOURCES.txt'
[0.575s] adding license file 'LICENSE'
[0.575s] writing manifest file '../../build/simple_pubsub/simple_pubsub.egg-info/SOURCES.txt'
[0.575s] running build
[0.575s] running build_py
[0.575s] creating /home/cagan/ros2_ws/build/simple_pubsub/build
[0.575s] creating /home/cagan/ros2_ws/build/simple_pubsub/build/lib
[0.575s] creating /home/cagan/ros2_ws/build/simple_pubsub/build/lib/simple_pubsub
[0.575s] copying simple_pubsub/subscriber_node.py -> /home/cagan/ros2_ws/build/simple_pubsub/build/lib/simple_pubsub
[0.575s] copying simple_pubsub/publisher_node.py -> /home/cagan/ros2_ws/build/simple_pubsub/build/lib/simple_pubsub
[0.575s] copying simple_pubsub/__init__.py -> /home/cagan/ros2_ws/build/simple_pubsub/build/lib/simple_pubsub
[0.575s] running install
[0.576s] running install_lib
[0.576s] creating /home/cagan/ros2_ws/install/simple_pubsub/lib/python3.10/site-packages/simple_pubsub
[0.576s] copying /home/cagan/ros2_ws/build/simple_pubsub/build/lib/simple_pubsub/subscriber_node.py -> /home/cagan/ros2_ws/install/simple_pubsub/lib/python3.10/site-packages/simple_pubsub
[0.577s] copying /home/cagan/ros2_ws/build/simple_pubsub/build/lib/simple_pubsub/publisher_node.py -> /home/cagan/ros2_ws/install/simple_pubsub/lib/python3.10/site-packages/simple_pubsub
[0.577s] copying /home/cagan/ros2_ws/build/simple_pubsub/build/lib/simple_pubsub/__init__.py -> /home/cagan/ros2_ws/install/simple_pubsub/lib/python3.10/site-packages/simple_pubsub
[0.577s] byte-compiling /home/cagan/ros2_ws/install/simple_pubsub/lib/python3.10/site-packages/simple_pubsub/subscriber_node.py to subscriber_node.cpython-310.pyc
[0.577s] byte-compiling /home/cagan/ros2_ws/install/simple_pubsub/lib/python3.10/site-packages/simple_pubsub/publisher_node.py to publisher_node.cpython-310.pyc
[0.577s] byte-compiling /home/cagan/ros2_ws/install/simple_pubsub/lib/python3.10/site-packages/simple_pubsub/__init__.py to __init__.cpython-310.pyc
[0.578s] running install_data
[0.578s] creating /home/cagan/ros2_ws/install/simple_pubsub/share/ament_index
[0.578s] creating /home/cagan/ros2_ws/install/simple_pubsub/share/ament_index/resource_index
[0.578s] creating /home/cagan/ros2_ws/install/simple_pubsub/share/ament_index/resource_index/packages
[0.578s] copying resource/simple_pubsub -> /home/cagan/ros2_ws/install/simple_pubsub/share/ament_index/resource_index/packages
[0.578s] copying package.xml -> /home/cagan/ros2_ws/install/simple_pubsub/share/simple_pubsub
[0.578s] running install_egg_info
[0.580s] Copying ../../build/simple_pubsub/simple_pubsub.egg-info to /home/cagan/ros2_ws/install/simple_pubsub/lib/python3.10/site-packages/simple_pubsub-0.0.0-py3.10.egg-info
[0.580s] running install_scripts
[0.595s] Installing listener script to /home/cagan/ros2_ws/install/simple_pubsub/lib/simple_pubsub
[0.595s] Installing talker script to /home/cagan/ros2_ws/install/simple_pubsub/lib/simple_pubsub
[0.595s] writing list of installed files to '/home/cagan/ros2_ws/build/simple_pubsub/install.log'
[0.615s] Invoked command in '/home/cagan/ros2_ws/src/simple_pubsub' returned '0': PYTHONPATH=/home/cagan/ros2_ws/build/simple_pubsub/prefix_override:/usr/lib/python3/dist-packages/colcon_core/task/python/colcon_distutils_commands:/home/cagan/ros2_ws/install/simple_pubsub/lib/python3.10/site-packages:${PYTHONPATH} /usr/bin/python3 -W ignore:setup.py install is deprecated -W ignore:easy_install command is deprecated setup.py egg_info --egg-base ../../build/simple_pubsub build --build-base /home/cagan/ros2_ws/build/simple_pubsub/build install --record /home/cagan/ros2_ws/build/simple_pubsub/install.log --single-version-externally-managed install_data
