running egg_info
creating ../../build/simple_srvcli/simple_srvcli.egg-info
writing ../../build/simple_srvcli/simple_srvcli.egg-info/PKG-INFO
writing dependency_links to ../../build/simple_srvcli/simple_srvcli.egg-info/dependency_links.txt
writing entry points to ../../build/simple_srvcli/simple_srvcli.egg-info/entry_points.txt
writing requirements to ../../build/simple_srvcli/simple_srvcli.egg-info/requires.txt
writing top-level names to ../../build/simple_srvcli/simple_srvcli.egg-info/top_level.txt
writing manifest file '../../build/simple_srvcli/simple_srvcli.egg-info/SOURCES.txt'
reading manifest file '../../build/simple_srvcli/simple_srvcli.egg-info/SOURCES.txt'
adding license file 'LICENSE'
writing manifest file '../../build/simple_srvcli/simple_srvcli.egg-info/SOURCES.txt'
running build
running build_py
creating /home/cagan/ros2_ws/build/simple_srvcli/build
creating /home/cagan/ros2_ws/build/simple_srvcli/build/lib
creating /home/cagan/ros2_ws/build/simple_srvcli/build/lib/simple_srvcli
copying simple_srvcli/service_node.py -> /home/cagan/ros2_ws/build/simple_srvcli/build/lib/simple_srvcli
copying simple_srvcli/client_node.py -> /home/cagan/ros2_ws/build/simple_srvcli/build/lib/simple_srvcli
copying simple_srvcli/__init__.py -> /home/cagan/ros2_ws/build/simple_srvcli/build/lib/simple_srvcli
running install
running install_lib
creating /home/cagan/ros2_ws/install/simple_srvcli/lib/python3.10/site-packages/simple_srvcli
copying /home/cagan/ros2_ws/build/simple_srvcli/build/lib/simple_srvcli/service_node.py -> /home/cagan/ros2_ws/install/simple_srvcli/lib/python3.10/site-packages/simple_srvcli
copying /home/cagan/ros2_ws/build/simple_srvcli/build/lib/simple_srvcli/client_node.py -> /home/cagan/ros2_ws/install/simple_srvcli/lib/python3.10/site-packages/simple_srvcli
copying /home/cagan/ros2_ws/build/simple_srvcli/build/lib/simple_srvcli/__init__.py -> /home/cagan/ros2_ws/install/simple_srvcli/lib/python3.10/site-packages/simple_srvcli
byte-compiling /home/cagan/ros2_ws/install/simple_srvcli/lib/python3.10/site-packages/simple_srvcli/service_node.py to service_node.cpython-310.pyc
byte-compiling /home/cagan/ros2_ws/install/simple_srvcli/lib/python3.10/site-packages/simple_srvcli/client_node.py to client_node.cpython-310.pyc
byte-compiling /home/cagan/ros2_ws/install/simple_srvcli/lib/python3.10/site-packages/simple_srvcli/__init__.py to __init__.cpython-310.pyc
running install_data
creating /home/cagan/ros2_ws/install/simple_srvcli/share/ament_index
creating /home/cagan/ros2_ws/install/simple_srvcli/share/ament_index/resource_index
creating /home/cagan/ros2_ws/install/simple_srvcli/share/ament_index/resource_index/packages
copying resource/simple_srvcli -> /home/cagan/ros2_ws/install/simple_srvcli/share/ament_index/resource_index/packages
copying package.xml -> /home/cagan/ros2_ws/install/simple_srvcli/share/simple_srvcli
running install_egg_info
Copying ../../build/simple_srvcli/simple_srvcli.egg-info to /home/cagan/ros2_ws/install/simple_srvcli/lib/python3.10/site-packages/simple_srvcli-0.0.0-py3.10.egg-info
running install_scripts
Installing client script to /home/cagan/ros2_ws/install/simple_srvcli/lib/simple_srvcli
Installing service script to /home/cagan/ros2_ws/install/simple_srvcli/lib/simple_srvcli
writing list of installed files to '/home/cagan/ros2_ws/build/simple_srvcli/install.log'
