[0.368s] Invoking command in '/home/cagan/ros2_ws/src/simple_srvcli': PYTHONPATH=/home/cagan/ros2_ws/build/simple_srvcli/prefix_override:/usr/lib/python3/dist-packages/colcon_core/task/python/colcon_distutils_commands:/home/cagan/ros2_ws/install/simple_srvcli/lib/python3.10/site-packages:${PYTHONPATH} /usr/bin/python3 -W ignore:setup.py install is deprecated -W ignore:easy_install command is deprecated setup.py egg_info --egg-base ../../build/simple_srvcli build --build-base /home/cagan/ros2_ws/build/simple_srvcli/build install --record /home/cagan/ros2_ws/build/simple_srvcli/install.log --single-version-externally-managed install_data
[0.525s] running egg_info
[0.526s] creating ../../build/simple_srvcli/simple_srvcli.egg-info
[0.526s] writing ../../build/simple_srvcli/simple_srvcli.egg-info/PKG-INFO
[0.526s] writing dependency_links to ../../build/simple_srvcli/simple_srvcli.egg-info/dependency_links.txt
[0.526s] writing entry points to ../../build/simple_srvcli/simple_srvcli.egg-info/entry_points.txt
[0.526s] writing requirements to ../../build/simple_srvcli/simple_srvcli.egg-info/requires.txt
[0.526s] writing top-level names to ../../build/simple_srvcli/simple_srvcli.egg-info/top_level.txt
[0.526s] writing manifest file '../../build/simple_srvcli/simple_srvcli.egg-info/SOURCES.txt'
[0.527s] reading manifest file '../../build/simple_srvcli/simple_srvcli.egg-info/SOURCES.txt'
[0.527s] adding license file 'LICENSE'
[0.528s] writing manifest file '../../build/simple_srvcli/simple_srvcli.egg-info/SOURCES.txt'
[0.528s] running build
[0.528s] running build_py
[0.528s] creating /home/cagan/ros2_ws/build/simple_srvcli/build
[0.528s] creating /home/cagan/ros2_ws/build/simple_srvcli/build/lib
[0.528s] creating /home/cagan/ros2_ws/build/simple_srvcli/build/lib/simple_srvcli
[0.528s] copying simple_srvcli/service_node.py -> /home/cagan/ros2_ws/build/simple_srvcli/build/lib/simple_srvcli
[0.528s] copying simple_srvcli/client_node.py -> /home/cagan/ros2_ws/build/simple_srvcli/build/lib/simple_srvcli
[0.528s] copying simple_srvcli/__init__.py -> /home/cagan/ros2_ws/build/simple_srvcli/build/lib/simple_srvcli
[0.528s] running install
[0.529s] running install_lib
[0.529s] creating /home/cagan/ros2_ws/install/simple_srvcli/lib/python3.10/site-packages/simple_srvcli
[0.529s] copying /home/cagan/ros2_ws/build/simple_srvcli/build/lib/simple_srvcli/service_node.py -> /home/cagan/ros2_ws/install/simple_srvcli/lib/python3.10/site-packages/simple_srvcli
[0.530s] copying /home/cagan/ros2_ws/build/simple_srvcli/build/lib/simple_srvcli/client_node.py -> /home/cagan/ros2_ws/install/simple_srvcli/lib/python3.10/site-packages/simple_srvcli
[0.530s] copying /home/cagan/ros2_ws/build/simple_srvcli/build/lib/simple_srvcli/__init__.py -> /home/cagan/ros2_ws/install/simple_srvcli/lib/python3.10/site-packages/simple_srvcli
[0.530s] byte-compiling /home/cagan/ros2_ws/install/simple_srvcli/lib/python3.10/site-packages/simple_srvcli/service_node.py to service_node.cpython-310.pyc
[0.530s] byte-compiling /home/cagan/ros2_ws/install/simple_srvcli/lib/python3.10/site-packages/simple_srvcli/client_node.py to client_node.cpython-310.pyc
[0.531s] byte-compiling /home/cagan/ros2_ws/install/simple_srvcli/lib/python3.10/site-packages/simple_srvcli/__init__.py to __init__.cpython-310.pyc
[0.531s] running install_data
[0.531s] creating /home/cagan/ros2_ws/install/simple_srvcli/share/ament_index
[0.531s] creating /home/cagan/ros2_ws/install/simple_srvcli/share/ament_index/resource_index
[0.531s] creating /home/cagan/ros2_ws/install/simple_srvcli/share/ament_index/resource_index/packages
[0.531s] copying resource/simple_srvcli -> /home/cagan/ros2_ws/install/simple_srvcli/share/ament_index/resource_index/packages
[0.531s] copying package.xml -> /home/cagan/ros2_ws/install/simple_srvcli/share/simple_srvcli
[0.531s] running install_egg_info
[0.532s] Copying ../../build/simple_srvcli/simple_srvcli.egg-info to /home/cagan/ros2_ws/install/simple_srvcli/lib/python3.10/site-packages/simple_srvcli-0.0.0-py3.10.egg-info
[0.532s] running install_scripts
[0.545s] Installing client script to /home/cagan/ros2_ws/install/simple_srvcli/lib/simple_srvcli
[0.545s] Installing service script to /home/cagan/ros2_ws/install/simple_srvcli/lib/simple_srvcli
[0.545s] writing list of installed files to '/home/cagan/ros2_ws/build/simple_srvcli/install.log'
[0.559s] Invoked command in '/home/cagan/ros2_ws/src/simple_srvcli' returned '0': PYTHONPATH=/home/cagan/ros2_ws/build/simple_srvcli/prefix_override:/usr/lib/python3/dist-packages/colcon_core/task/python/colcon_distutils_commands:/home/cagan/ros2_ws/install/simple_srvcli/lib/python3.10/site-packages:${PYTHONPATH} /usr/bin/python3 -W ignore:setup.py install is deprecated -W ignore:easy_install command is deprecated setup.py egg_info --egg-base ../../build/simple_srvcli build --build-base /home/cagan/ros2_ws/build/simple_srvcli/build install --record /home/cagan/ros2_ws/build/simple_srvcli/install.log --single-version-externally-managed install_data
