[0.394s] Invoking command in '/home/cagan/ros2_ws/src/simple_pubsub': PYTHONPATH=/home/cagan/ros2_ws/build/simple_pubsub/prefix_override:/usr/lib/python3/dist-packages/colcon_core/task/python/colcon_distutils_commands:/home/cagan/ros2_ws/install/simple_pubsub/lib/python3.10/site-packages:${PYTHONPATH} /usr/bin/python3 -W ignore:setup.py install is deprecated -W ignore:easy_install command is deprecated setup.py egg_info --egg-base ../../build/simple_pubsub build --build-base /home/cagan/ros2_ws/build/simple_pubsub/build install --record /home/cagan/ros2_ws/build/simple_pubsub/install.log --single-version-externally-managed install_data
[0.568s] running egg_info
[0.568s] writing ../../build/simple_pubsub/simple_pubsub.egg-info/PKG-INFO
[0.568s] writing dependency_links to ../../build/simple_pubsub/simple_pubsub.egg-info/dependency_links.txt
[0.568s] writing entry points to ../../build/simple_pubsub/simple_pubsub.egg-info/entry_points.txt
[0.568s] writing requirements to ../../build/simple_pubsub/simple_pubsub.egg-info/requires.txt
[0.568s] writing top-level names to ../../build/simple_pubsub/simple_pubsub.egg-info/top_level.txt
[0.570s] reading manifest file '../../build/simple_pubsub/simple_pubsub.egg-info/SOURCES.txt'
[0.570s] adding license file 'LICENSE'
[0.571s] writing manifest file '../../build/simple_pubsub/simple_pubsub.egg-info/SOURCES.txt'
[0.571s] running build
[0.571s] running build_py
[0.571s] running install
[0.572s] running install_lib
[0.573s] running install_data
[0.573s] creating /home/cagan/ros2_ws/install/simple_pubsub/share/simple_pubsub/launch
[0.573s] copying launch/pubsub.launch.py -> /home/cagan/ros2_ws/install/simple_pubsub/share/simple_pubsub/launch
[0.573s] running install_egg_info
[0.574s] removing '/home/cagan/ros2_ws/install/simple_pubsub/lib/python3.10/site-packages/simple_pubsub-0.0.0-py3.10.egg-info' (and everything under it)
[0.574s] Copying ../../build/simple_pubsub/simple_pubsub.egg-info to /home/cagan/ros2_ws/install/simple_pubsub/lib/python3.10/site-packages/simple_pubsub-0.0.0-py3.10.egg-info
[0.575s] running install_scripts
[0.589s] Installing listener script to /home/cagan/ros2_ws/install/simple_pubsub/lib/simple_pubsub
[0.589s] Installing talker script to /home/cagan/ros2_ws/install/simple_pubsub/lib/simple_pubsub
[0.589s] writing list of installed files to '/home/cagan/ros2_ws/build/simple_pubsub/install.log'
[0.604s] Invoked command in '/home/cagan/ros2_ws/src/simple_pubsub' returned '0': PYTHONPATH=/home/cagan/ros2_ws/build/simple_pubsub/prefix_override:/usr/lib/python3/dist-packages/colcon_core/task/python/colcon_distutils_commands:/home/cagan/ros2_ws/install/simple_pubsub/lib/python3.10/site-packages:${PYTHONPATH} /usr/bin/python3 -W ignore:setup.py install is deprecated -W ignore:easy_install command is deprecated setup.py egg_info --egg-base ../../build/simple_pubsub build --build-base /home/cagan/ros2_ws/build/simple_pubsub/build install --record /home/cagan/ros2_ws/build/simple_pubsub/install.log --single-version-externally-managed install_data
