[0.070s] DEBUG:colcon:Command line arguments: ['/usr/bin/colcon', 'build']
[0.070s] DEBUG:colcon:Parsed command line arguments: Namespace(log_base=None, log_level=None, verb_name='build', build_base='build', install_base='install', merge_install=False, symlink_install=False, test_result_base=None, continue_on_error=False, executor='parallel', parallel_workers=8, event_handlers=None, ignore_user_meta=False, metas=['./colcon.meta'], base_paths=['.'], packages_ignore=None, packages_ignore_regex=None, paths=None, packages_up_to=None, packages_up_to_regex=None, packages_above=None, packages_above_and_dependencies=None, packages_above_depth=None, packages_select_by_dep=None, packages_skip_by_dep=None, packages_skip_up_to=None, packages_select_build_failed=False, packages_skip_build_finished=False, packages_select_test_failures=False, packages_skip_test_passed=False, packages_select=None, packages_skip=None, packages_select_regex=None, packages_skip_regex=None, packages_start=None, packages_end=None, allow_overriding=[], cmake_args=None, cmake_target=None, cmake_target_skip_unavailable=False, cmake_clean_cache=False, cmake_clean_first=False, cmake_force_configure=False, ament_cmake_args=None, catkin_cmake_args=None, catkin_skip_building_tests=False, mixin_files=None, mixin=None, verb_parser=<colcon_mixin.mixin.mixin_argument.MixinArgumentDecorator object at 0x7fc6e3deb1c0>, verb_extension=<colcon_core.verb.build.BuildVerb object at 0x7fc6e3fac100>, main=<bound method BuildVerb.main of <colcon_core.verb.build.BuildVerb object at 0x7fc6e3fac100>>, mixin_verb=('build',))
[0.177s] Level 1:colcon.colcon_core.package_discovery:discover_packages(colcon_meta) check parameters
[0.177s] Level 1:colcon.colcon_core.package_discovery:discover_packages(recursive) check parameters
[0.177s] Level 1:colcon.colcon_core.package_discovery:discover_packages(ignore) check parameters
[0.177s] Level 1:colcon.colcon_core.package_discovery:discover_packages(path) check parameters
[0.177s] Level 1:colcon.colcon_core.package_discovery:discover_packages(colcon_meta) discover
[0.177s] Level 1:colcon.colcon_core.package_discovery:discover_packages(recursive) discover
[0.177s] INFO:colcon.colcon_core.package_discovery:Crawling recursively for packages in '/home/cagan/ros2_ws'
[0.177s] Level 1:colcon.colcon_core.package_identification:_identify(.) by extensions ['ignore', 'ignore_ament_install']
[0.177s] Level 1:colcon.colcon_core.package_identification:_identify(.) by extension 'ignore'
[0.178s] Level 1:colcon.colcon_core.package_identification:_identify(.) by extension 'ignore_ament_install'
[0.178s] Level 1:colcon.colcon_core.package_identification:_identify(.) by extensions ['colcon_pkg']
[0.178s] Level 1:colcon.colcon_core.package_identification:_identify(.) by extension 'colcon_pkg'
[0.178s] Level 1:colcon.colcon_core.package_identification:_identify(.) by extensions ['colcon_meta']
[0.178s] Level 1:colcon.colcon_core.package_identification:_identify(.) by extension 'colcon_meta'
[0.178s] Level 1:colcon.colcon_core.package_identification:_identify(.) by extensions ['ros']
[0.178s] Level 1:colcon.colcon_core.package_identification:_identify(.) by extension 'ros'
[0.184s] Level 1:colcon.colcon_core.package_identification:_identify(.) by extensions ['cmake', 'python']
[0.184s] Level 1:colcon.colcon_core.package_identification:_identify(.) by extension 'cmake'
[0.184s] Level 1:colcon.colcon_core.package_identification:_identify(.) by extension 'python'
[0.184s] Level 1:colcon.colcon_core.package_identification:_identify(.) by extensions ['python_setup_py']
[0.184s] Level 1:colcon.colcon_core.package_identification:_identify(.) by extension 'python_setup_py'
[0.184s] Level 1:colcon.colcon_core.package_identification:_identify(build) by extensions ['ignore', 'ignore_ament_install']
[0.185s] Level 1:colcon.colcon_core.package_identification:_identify(build) by extension 'ignore'
[0.185s] Level 1:colcon.colcon_core.package_identification:_identify(build) ignored
[0.185s] Level 1:colcon.colcon_core.package_identification:_identify(install) by extensions ['ignore', 'ignore_ament_install']
[0.185s] Level 1:colcon.colcon_core.package_identification:_identify(install) by extension 'ignore'
[0.185s] Level 1:colcon.colcon_core.package_identification:_identify(install) ignored
[0.185s] Level 1:colcon.colcon_core.package_identification:_identify(log) by extensions ['ignore', 'ignore_ament_install']
[0.185s] Level 1:colcon.colcon_core.package_identification:_identify(log) by extension 'ignore'
[0.185s] Level 1:colcon.colcon_core.package_identification:_identify(log) ignored
[0.185s] Level 1:colcon.colcon_core.package_identification:_identify(src) by extensions ['ignore', 'ignore_ament_install']
[0.185s] Level 1:colcon.colcon_core.package_identification:_identify(src) by extension 'ignore'
[0.185s] Level 1:colcon.colcon_core.package_identification:_identify(src) by extension 'ignore_ament_install'
[0.185s] Level 1:colcon.colcon_core.package_identification:_identify(src) by extensions ['colcon_pkg']
[0.185s] Level 1:colcon.colcon_core.package_identification:_identify(src) by extension 'colcon_pkg'
[0.185s] Level 1:colcon.colcon_core.package_identification:_identify(src) by extensions ['colcon_meta']
[0.185s] Level 1:colcon.colcon_core.package_identification:_identify(src) by extension 'colcon_meta'
[0.185s] Level 1:colcon.colcon_core.package_identification:_identify(src) by extensions ['ros']
[0.185s] Level 1:colcon.colcon_core.package_identification:_identify(src) by extension 'ros'
[0.185s] Level 1:colcon.colcon_core.package_identification:_identify(src) by extensions ['cmake', 'python']
[0.185s] Level 1:colcon.colcon_core.package_identification:_identify(src) by extension 'cmake'
[0.185s] Level 1:colcon.colcon_core.package_identification:_identify(src) by extension 'python'
[0.185s] Level 1:colcon.colcon_core.package_identification:_identify(src) by extensions ['python_setup_py']
[0.185s] Level 1:colcon.colcon_core.package_identification:_identify(src) by extension 'python_setup_py'
[0.185s] Level 1:colcon.colcon_core.package_identification:_identify(src/custom_interfaces) by extensions ['ignore', 'ignore_ament_install']
[0.185s] Level 1:colcon.colcon_core.package_identification:_identify(src/custom_interfaces) by extension 'ignore'
[0.185s] Level 1:colcon.colcon_core.package_identification:_identify(src/custom_interfaces) by extension 'ignore_ament_install'
[0.185s] Level 1:colcon.colcon_core.package_identification:_identify(src/custom_interfaces) by extensions ['colcon_pkg']
[0.185s] Level 1:colcon.colcon_core.package_identification:_identify(src/custom_interfaces) by extension 'colcon_pkg'
[0.185s] Level 1:colcon.colcon_core.package_identification:_identify(src/custom_interfaces) by extensions ['colcon_meta']
[0.185s] Level 1:colcon.colcon_core.package_identification:_identify(src/custom_interfaces) by extension 'colcon_meta'
[0.185s] Level 1:colcon.colcon_core.package_identification:_identify(src/custom_interfaces) by extensions ['ros']
[0.186s] Level 1:colcon.colcon_core.package_identification:_identify(src/custom_interfaces) by extension 'ros'
[0.187s] DEBUG:colcon.colcon_core.package_identification:Package 'src/custom_interfaces' with type 'ros.ament_cmake' and name 'custom_interfaces'
[0.187s] Level 1:colcon.colcon_core.package_identification:_identify(src/python_parameters) by extensions ['ignore', 'ignore_ament_install']
[0.187s] Level 1:colcon.colcon_core.package_identification:_identify(src/python_parameters) by extension 'ignore'
[0.187s] Level 1:colcon.colcon_core.package_identification:_identify(src/python_parameters) by extension 'ignore_ament_install'
[0.187s] Level 1:colcon.colcon_core.package_identification:_identify(src/python_parameters) by extensions ['colcon_pkg']
[0.187s] Level 1:colcon.colcon_core.package_identification:_identify(src/python_parameters) by extension 'colcon_pkg'
[0.187s] Level 1:colcon.colcon_core.package_identification:_identify(src/python_parameters) by extensions ['colcon_meta']
[0.187s] Level 1:colcon.colcon_core.package_identification:_identify(src/python_parameters) by extension 'colcon_meta'
[0.187s] Level 1:colcon.colcon_core.package_identification:_identify(src/python_parameters) by extensions ['ros']
[0.187s] Level 1:colcon.colcon_core.package_identification:_identify(src/python_parameters) by extension 'ros'
[0.188s] DEBUG:colcon.colcon_core.package_identification:Package 'src/python_parameters' with type 'ros.ament_python' and name 'python_parameters'
[0.188s] Level 1:colcon.colcon_core.package_identification:_identify(src/simple_pubsub) by extensions ['ignore', 'ignore_ament_install']
[0.188s] Level 1:colcon.colcon_core.package_identification:_identify(src/simple_pubsub) by extension 'ignore'
[0.188s] Level 1:colcon.colcon_core.package_identification:_identify(src/simple_pubsub) by extension 'ignore_ament_install'
[0.188s] Level 1:colcon.colcon_core.package_identification:_identify(src/simple_pubsub) by extensions ['colcon_pkg']
[0.188s] Level 1:colcon.colcon_core.package_identification:_identify(src/simple_pubsub) by extension 'colcon_pkg'
[0.188s] Level 1:colcon.colcon_core.package_identification:_identify(src/simple_pubsub) by extensions ['colcon_meta']
[0.188s] Level 1:colcon.colcon_core.package_identification:_identify(src/simple_pubsub) by extension 'colcon_meta'
[0.188s] Level 1:colcon.colcon_core.package_identification:_identify(src/simple_pubsub) by extensions ['ros']
[0.188s] Level 1:colcon.colcon_core.package_identification:_identify(src/simple_pubsub) by extension 'ros'
[0.188s] DEBUG:colcon.colcon_core.package_identification:Package 'src/simple_pubsub' with type 'ros.ament_python' and name 'simple_pubsub'
[0.189s] Level 1:colcon.colcon_core.package_identification:_identify(src/simple_srvcli) by extensions ['ignore', 'ignore_ament_install']
[0.189s] Level 1:colcon.colcon_core.package_identification:_identify(src/simple_srvcli) by extension 'ignore'
[0.189s] Level 1:colcon.colcon_core.package_identification:_identify(src/simple_srvcli) by extension 'ignore_ament_install'
[0.189s] Level 1:colcon.colcon_core.package_identification:_identify(src/simple_srvcli) by extensions ['colcon_pkg']
[0.189s] Level 1:colcon.colcon_core.package_identification:_identify(src/simple_srvcli) by extension 'colcon_pkg'
[0.189s] Level 1:colcon.colcon_core.package_identification:_identify(src/simple_srvcli) by extensions ['colcon_meta']
[0.189s] Level 1:colcon.colcon_core.package_identification:_identify(src/simple_srvcli) by extension 'colcon_meta'
[0.189s] Level 1:colcon.colcon_core.package_identification:_identify(src/simple_srvcli) by extensions ['ros']
[0.189s] Level 1:colcon.colcon_core.package_identification:_identify(src/simple_srvcli) by extension 'ros'
[0.190s] DEBUG:colcon.colcon_core.package_identification:Package 'src/simple_srvcli' with type 'ros.ament_python' and name 'simple_srvcli'
[0.190s] Level 1:colcon.colcon_core.package_discovery:discover_packages(recursive) using defaults
[0.190s] Level 1:colcon.colcon_core.package_discovery:discover_packages(ignore) discover
[0.190s] Level 1:colcon.colcon_core.package_discovery:discover_packages(ignore) using defaults
[0.190s] Level 1:colcon.colcon_core.package_discovery:discover_packages(path) discover
[0.190s] Level 1:colcon.colcon_core.package_discovery:discover_packages(path) using defaults
[0.208s] Level 1:colcon.colcon_core.package_discovery:discover_packages(prefix_path) check parameters
[0.208s] Level 1:colcon.colcon_core.package_discovery:discover_packages(prefix_path) discover
[0.209s] DEBUG:colcon.colcon_installed_package_information.package_discovery:Found 4 installed packages in /home/cagan/ros2_ws/install
[0.210s] DEBUG:colcon.colcon_installed_package_information.package_discovery:Found 289 installed packages in /opt/ros/humble
[0.211s] Level 1:colcon.colcon_core.package_discovery:discover_packages(prefix_path) using defaults
[0.233s] Level 5:colcon.colcon_core.verb:set package 'custom_interfaces' build argument 'cmake_args' from command line to 'None'
[0.233s] Level 5:colcon.colcon_core.verb:set package 'custom_interfaces' build argument 'cmake_target' from command line to 'None'
[0.233s] Level 5:colcon.colcon_core.verb:set package 'custom_interfaces' build argument 'cmake_target_skip_unavailable' from command line to 'False'
[0.233s] Level 5:colcon.colcon_core.verb:set package 'custom_interfaces' build argument 'cmake_clean_cache' from command line to 'False'
[0.233s] Level 5:colcon.colcon_core.verb:set package 'custom_interfaces' build argument 'cmake_clean_first' from command line to 'False'
[0.233s] Level 5:colcon.colcon_core.verb:set package 'custom_interfaces' build argument 'cmake_force_configure' from command line to 'False'
[0.233s] Level 5:colcon.colcon_core.verb:set package 'custom_interfaces' build argument 'ament_cmake_args' from command line to 'None'
[0.233s] Level 5:colcon.colcon_core.verb:set package 'custom_interfaces' build argument 'catkin_cmake_args' from command line to 'None'
[0.233s] Level 5:colcon.colcon_core.verb:set package 'custom_interfaces' build argument 'catkin_skip_building_tests' from command line to 'False'
[0.233s] DEBUG:colcon.colcon_core.verb:Building package 'custom_interfaces' with the following arguments: {'ament_cmake_args': None, 'build_base': '/home/cagan/ros2_ws/build/custom_interfaces', 'catkin_cmake_args': None, 'catkin_skip_building_tests': False, 'cmake_args': None, 'cmake_clean_cache': False, 'cmake_clean_first': False, 'cmake_force_configure': False, 'cmake_target': None, 'cmake_target_skip_unavailable': False, 'install_base': '/home/cagan/ros2_ws/install/custom_interfaces', 'merge_install': False, 'path': '/home/cagan/ros2_ws/src/custom_interfaces', 'symlink_install': False, 'test_result_base': None}
[0.234s] Level 5:colcon.colcon_core.verb:set package 'python_parameters' build argument 'cmake_args' from command line to 'None'
[0.234s] Level 5:colcon.colcon_core.verb:set package 'python_parameters' build argument 'cmake_target' from command line to 'None'
[0.234s] Level 5:colcon.colcon_core.verb:set package 'python_parameters' build argument 'cmake_target_skip_unavailable' from command line to 'False'
[0.234s] Level 5:colcon.colcon_core.verb:set package 'python_parameters' build argument 'cmake_clean_cache' from command line to 'False'
[0.234s] Level 5:colcon.colcon_core.verb:set package 'python_parameters' build argument 'cmake_clean_first' from command line to 'False'
[0.234s] Level 5:colcon.colcon_core.verb:set package 'python_parameters' build argument 'cmake_force_configure' from command line to 'False'
[0.234s] Level 5:colcon.colcon_core.verb:set package 'python_parameters' build argument 'ament_cmake_args' from command line to 'None'
[0.234s] Level 5:colcon.colcon_core.verb:set package 'python_parameters' build argument 'catkin_cmake_args' from command line to 'None'
[0.234s] Level 5:colcon.colcon_core.verb:set package 'python_parameters' build argument 'catkin_skip_building_tests' from command line to 'False'
[0.234s] DEBUG:colcon.colcon_core.verb:Building package 'python_parameters' with the following arguments: {'ament_cmake_args': None, 'build_base': '/home/cagan/ros2_ws/build/python_parameters', 'catkin_cmake_args': None, 'catkin_skip_building_tests': False, 'cmake_args': None, 'cmake_clean_cache': False, 'cmake_clean_first': False, 'cmake_force_configure': False, 'cmake_target': None, 'cmake_target_skip_unavailable': False, 'install_base': '/home/cagan/ros2_ws/install/python_parameters', 'merge_install': False, 'path': '/home/cagan/ros2_ws/src/python_parameters', 'symlink_install': False, 'test_result_base': None}
[0.234s] Level 5:colcon.colcon_core.verb:set package 'simple_pubsub' build argument 'cmake_args' from command line to 'None'
[0.234s] Level 5:colcon.colcon_core.verb:set package 'simple_pubsub' build argument 'cmake_target' from command line to 'None'
[0.234s] Level 5:colcon.colcon_core.verb:set package 'simple_pubsub' build argument 'cmake_target_skip_unavailable' from command line to 'False'
[0.234s] Level 5:colcon.colcon_core.verb:set package 'simple_pubsub' build argument 'cmake_clean_cache' from command line to 'False'
[0.234s] Level 5:colcon.colcon_core.verb:set package 'simple_pubsub' build argument 'cmake_clean_first' from command line to 'False'
[0.234s] Level 5:colcon.colcon_core.verb:set package 'simple_pubsub' build argument 'cmake_force_configure' from command line to 'False'
[0.234s] Level 5:colcon.colcon_core.verb:set package 'simple_pubsub' build argument 'ament_cmake_args' from command line to 'None'
[0.234s] Level 5:colcon.colcon_core.verb:set package 'simple_pubsub' build argument 'catkin_cmake_args' from command line to 'None'
[0.234s] Level 5:colcon.colcon_core.verb:set package 'simple_pubsub' build argument 'catkin_skip_building_tests' from command line to 'False'
[0.234s] DEBUG:colcon.colcon_core.verb:Building package 'simple_pubsub' with the following arguments: {'ament_cmake_args': None, 'build_base': '/home/cagan/ros2_ws/build/simple_pubsub', 'catkin_cmake_args': None, 'catkin_skip_building_tests': False, 'cmake_args': None, 'cmake_clean_cache': False, 'cmake_clean_first': False, 'cmake_force_configure': False, 'cmake_target': None, 'cmake_target_skip_unavailable': False, 'install_base': '/home/cagan/ros2_ws/install/simple_pubsub', 'merge_install': False, 'path': '/home/cagan/ros2_ws/src/simple_pubsub', 'symlink_install': False, 'test_result_base': None}
[0.234s] Level 5:colcon.colcon_core.verb:set package 'simple_srvcli' build argument 'cmake_args' from command line to 'None'
[0.234s] Level 5:colcon.colcon_core.verb:set package 'simple_srvcli' build argument 'cmake_target' from command line to 'None'
[0.234s] Level 5:colcon.colcon_core.verb:set package 'simple_srvcli' build argument 'cmake_target_skip_unavailable' from command line to 'False'
[0.234s] Level 5:colcon.colcon_core.verb:set package 'simple_srvcli' build argument 'cmake_clean_cache' from command line to 'False'
[0.234s] Level 5:colcon.colcon_core.verb:set package 'simple_srvcli' build argument 'cmake_clean_first' from command line to 'False'
[0.234s] Level 5:colcon.colcon_core.verb:set package 'simple_srvcli' build argument 'cmake_force_configure' from command line to 'False'
[0.234s] Level 5:colcon.colcon_core.verb:set package 'simple_srvcli' build argument 'ament_cmake_args' from command line to 'None'
[0.234s] Level 5:colcon.colcon_core.verb:set package 'simple_srvcli' build argument 'catkin_cmake_args' from command line to 'None'
[0.234s] Level 5:colcon.colcon_core.verb:set package 'simple_srvcli' build argument 'catkin_skip_building_tests' from command line to 'False'
[0.234s] DEBUG:colcon.colcon_core.verb:Building package 'simple_srvcli' with the following arguments: {'ament_cmake_args': None, 'build_base': '/home/cagan/ros2_ws/build/simple_srvcli', 'catkin_cmake_args': None, 'catkin_skip_building_tests': False, 'cmake_args': None, 'cmake_clean_cache': False, 'cmake_clean_first': False, 'cmake_force_configure': False, 'cmake_target': None, 'cmake_target_skip_unavailable': False, 'install_base': '/home/cagan/ros2_ws/install/simple_srvcli', 'merge_install': False, 'path': '/home/cagan/ros2_ws/src/simple_srvcli', 'symlink_install': False, 'test_result_base': None}
[0.234s] INFO:colcon.colcon_core.executor:Executing jobs using 'parallel' executor
[0.235s] DEBUG:colcon.colcon_parallel_executor.executor.parallel:run_until_complete
[0.235s] INFO:colcon.colcon_ros.task.ament_cmake.build:Building ROS package in '/home/cagan/ros2_ws/src/custom_interfaces' with build type 'ament_cmake'
[0.235s] INFO:colcon.colcon_cmake.task.cmake.build:Building CMake package in '/home/cagan/ros2_ws/src/custom_interfaces'
[0.237s] INFO:colcon.colcon_core.plugin_system:Skipping extension 'colcon_core.shell.bat': Not used on non-Windows systems
[0.237s] INFO:colcon.colcon_core.shell:Skip shell extension 'powershell' for command environment: Not usable outside of PowerShell
[0.237s] DEBUG:colcon.colcon_core.shell:Skip shell extension 'dsv' for command environment
[0.239s] INFO:colcon.colcon_ros.task.ament_python.build:Building ROS package in '/home/cagan/ros2_ws/src/python_parameters' with build type 'ament_python'
[0.239s] Level 1:colcon.colcon_core.shell:create_environment_hook('python_parameters', 'ament_prefix_path')
[0.240s] INFO:colcon.colcon_core.shell:Creating environment hook '/home/cagan/ros2_ws/install/python_parameters/share/python_parameters/hook/ament_prefix_path.ps1'
[0.240s] INFO:colcon.colcon_core.shell:Creating environment descriptor '/home/cagan/ros2_ws/install/python_parameters/share/python_parameters/hook/ament_prefix_path.dsv'
[0.240s] INFO:colcon.colcon_core.shell:Creating environment hook '/home/cagan/ros2_ws/install/python_parameters/share/python_parameters/hook/ament_prefix_path.sh'
[0.241s] INFO:colcon.colcon_core.shell:Skip shell extension 'powershell' for command environment: Not usable outside of PowerShell
[0.241s] DEBUG:colcon.colcon_core.shell:Skip shell extension 'dsv' for command environment
[0.248s] DEBUG:colcon.colcon_core.event_handler.log_command:Invoking command in '/home/cagan/ros2_ws/build/custom_interfaces': CMAKE_PREFIX_PATH=${CMAKE_PREFIX_PATH}:/home/cagan/ros2_ws/install/simple_srvcli:/home/cagan/ros2_ws/install/simple_pubsub:/home/cagan/ros2_ws/install/python_parameters:/opt/ros/humble /usr/bin/cmake --build /home/cagan/ros2_ws/build/custom_interfaces -- -j8 -l8
[0.448s] INFO:colcon.colcon_core.task.python.build:Building Python package in '/home/cagan/ros2_ws/src/python_parameters'
[0.448s] INFO:colcon.colcon_core.shell:Skip shell extension 'powershell' for command environment: Not usable outside of PowerShell
[0.448s] DEBUG:colcon.colcon_core.shell:Skip shell extension 'dsv' for command environment
[0.506s] DEBUG:colcon.colcon_core.event_handler.log_command:Invoked command in '/home/cagan/ros2_ws/build/custom_interfaces' returned '0': CMAKE_PREFIX_PATH=${CMAKE_PREFIX_PATH}:/home/cagan/ros2_ws/install/simple_srvcli:/home/cagan/ros2_ws/install/simple_pubsub:/home/cagan/ros2_ws/install/python_parameters:/opt/ros/humble /usr/bin/cmake --build /home/cagan/ros2_ws/build/custom_interfaces -- -j8 -l8
[0.512s] DEBUG:colcon.colcon_core.event_handler.log_command:Invoking command in '/home/cagan/ros2_ws/build/custom_interfaces': CMAKE_PREFIX_PATH=${CMAKE_PREFIX_PATH}:/home/cagan/ros2_ws/install/simple_srvcli:/home/cagan/ros2_ws/install/simple_pubsub:/home/cagan/ros2_ws/install/python_parameters:/opt/ros/humble /usr/bin/cmake --install /home/cagan/ros2_ws/build/custom_interfaces
[0.551s] Level 1:colcon.colcon_core.environment:create_environment_scripts_only(custom_interfaces)
[0.551s] DEBUG:colcon.colcon_core.event_handler.log_command:Invoked command in '/home/cagan/ros2_ws/build/custom_interfaces' returned '0': CMAKE_PREFIX_PATH=${CMAKE_PREFIX_PATH}:/home/cagan/ros2_ws/install/simple_srvcli:/home/cagan/ros2_ws/install/simple_pubsub:/home/cagan/ros2_ws/install/python_parameters:/opt/ros/humble /usr/bin/cmake --install /home/cagan/ros2_ws/build/custom_interfaces
[0.553s] Level 1:colcon.colcon_core.environment:checking '/home/cagan/ros2_ws/install/custom_interfaces' for CMake module files
[0.553s] Level 1:colcon.colcon_core.environment:checking '/home/cagan/ros2_ws/install/custom_interfaces' for CMake config files
[0.553s] Level 1:colcon.colcon_core.shell:create_environment_hook('custom_interfaces', 'cmake_prefix_path')
[0.554s] INFO:colcon.colcon_core.shell:Creating environment hook '/home/cagan/ros2_ws/install/custom_interfaces/share/custom_interfaces/hook/cmake_prefix_path.ps1'
[0.554s] INFO:colcon.colcon_core.shell:Creating environment descriptor '/home/cagan/ros2_ws/install/custom_interfaces/share/custom_interfaces/hook/cmake_prefix_path.dsv'
[0.554s] INFO:colcon.colcon_core.shell:Creating environment hook '/home/cagan/ros2_ws/install/custom_interfaces/share/custom_interfaces/hook/cmake_prefix_path.sh'
[0.555s] Level 1:colcon.colcon_core.environment:checking '/home/cagan/ros2_ws/install/custom_interfaces/lib'
[0.555s] Level 1:colcon.colcon_core.shell:create_environment_hook('custom_interfaces', 'ld_library_path_lib')
[0.555s] INFO:colcon.colcon_core.shell:Creating environment hook '/home/cagan/ros2_ws/install/custom_interfaces/share/custom_interfaces/hook/ld_library_path_lib.ps1'
[0.555s] INFO:colcon.colcon_core.shell:Creating environment descriptor '/home/cagan/ros2_ws/install/custom_interfaces/share/custom_interfaces/hook/ld_library_path_lib.dsv'
[0.555s] INFO:colcon.colcon_core.shell:Creating environment hook '/home/cagan/ros2_ws/install/custom_interfaces/share/custom_interfaces/hook/ld_library_path_lib.sh'
[0.556s] Level 1:colcon.colcon_core.environment:checking '/home/cagan/ros2_ws/install/custom_interfaces/bin'
[0.556s] Level 1:colcon.colcon_core.environment:checking '/home/cagan/ros2_ws/install/custom_interfaces/lib/pkgconfig/custom_interfaces.pc'
[0.556s] Level 1:colcon.colcon_core.environment:checking '/home/cagan/ros2_ws/install/custom_interfaces/lib/python3.10/site-packages'
[0.556s] Level 1:colcon.colcon_core.environment:checking '/home/cagan/ros2_ws/install/custom_interfaces/bin'
[0.556s] INFO:colcon.colcon_core.shell:Creating package script '/home/cagan/ros2_ws/install/custom_interfaces/share/custom_interfaces/package.ps1'
[0.557s] INFO:colcon.colcon_core.shell:Creating package descriptor '/home/cagan/ros2_ws/install/custom_interfaces/share/custom_interfaces/package.dsv'
[0.557s] INFO:colcon.colcon_core.shell:Creating package script '/home/cagan/ros2_ws/install/custom_interfaces/share/custom_interfaces/package.sh'
[0.558s] INFO:colcon.colcon_core.shell:Creating package script '/home/cagan/ros2_ws/install/custom_interfaces/share/custom_interfaces/package.bash'
[0.558s] INFO:colcon.colcon_core.shell:Creating package script '/home/cagan/ros2_ws/install/custom_interfaces/share/custom_interfaces/package.zsh'
[0.558s] Level 1:colcon.colcon_core.environment:create_file_with_runtime_dependencies(/home/cagan/ros2_ws/install/custom_interfaces/share/colcon-core/packages/custom_interfaces)
[0.559s] Level 1:colcon.colcon_core.environment:create_environment_scripts_only(custom_interfaces)
[0.559s] Level 1:colcon.colcon_core.environment:checking '/home/cagan/ros2_ws/install/custom_interfaces' for CMake module files
[0.559s] Level 1:colcon.colcon_core.environment:checking '/home/cagan/ros2_ws/install/custom_interfaces' for CMake config files
[0.559s] Level 1:colcon.colcon_core.shell:create_environment_hook('custom_interfaces', 'cmake_prefix_path')
[0.560s] INFO:colcon.colcon_core.shell:Creating environment hook '/home/cagan/ros2_ws/install/custom_interfaces/share/custom_interfaces/hook/cmake_prefix_path.ps1'
[0.560s] INFO:colcon.colcon_core.shell:Creating environment descriptor '/home/cagan/ros2_ws/install/custom_interfaces/share/custom_interfaces/hook/cmake_prefix_path.dsv'
[0.560s] INFO:colcon.colcon_core.shell:Creating environment hook '/home/cagan/ros2_ws/install/custom_interfaces/share/custom_interfaces/hook/cmake_prefix_path.sh'
[0.560s] Level 1:colcon.colcon_core.environment:checking '/home/cagan/ros2_ws/install/custom_interfaces/lib'
[0.560s] Level 1:colcon.colcon_core.shell:create_environment_hook('custom_interfaces', 'ld_library_path_lib')
[0.560s] INFO:colcon.colcon_core.shell:Creating environment hook '/home/cagan/ros2_ws/install/custom_interfaces/share/custom_interfaces/hook/ld_library_path_lib.ps1'
[0.561s] INFO:colcon.colcon_core.shell:Creating environment descriptor '/home/cagan/ros2_ws/install/custom_interfaces/share/custom_interfaces/hook/ld_library_path_lib.dsv'
[0.561s] INFO:colcon.colcon_core.shell:Creating environment hook '/home/cagan/ros2_ws/install/custom_interfaces/share/custom_interfaces/hook/ld_library_path_lib.sh'
[0.561s] Level 1:colcon.colcon_core.environment:checking '/home/cagan/ros2_ws/install/custom_interfaces/bin'
[0.561s] Level 1:colcon.colcon_core.environment:checking '/home/cagan/ros2_ws/install/custom_interfaces/lib/pkgconfig/custom_interfaces.pc'
[0.561s] Level 1:colcon.colcon_core.environment:checking '/home/cagan/ros2_ws/install/custom_interfaces/lib/python3.10/site-packages'
[0.561s] Level 1:colcon.colcon_core.environment:checking '/home/cagan/ros2_ws/install/custom_interfaces/bin'
[0.562s] INFO:colcon.colcon_core.shell:Creating package script '/home/cagan/ros2_ws/install/custom_interfaces/share/custom_interfaces/package.ps1'
[0.562s] INFO:colcon.colcon_core.shell:Creating package descriptor '/home/cagan/ros2_ws/install/custom_interfaces/share/custom_interfaces/package.dsv'
[0.562s] INFO:colcon.colcon_core.shell:Creating package script '/home/cagan/ros2_ws/install/custom_interfaces/share/custom_interfaces/package.sh'
[0.562s] INFO:colcon.colcon_core.shell:Creating package script '/home/cagan/ros2_ws/install/custom_interfaces/share/custom_interfaces/package.bash'
[0.563s] INFO:colcon.colcon_core.shell:Creating package script '/home/cagan/ros2_ws/install/custom_interfaces/share/custom_interfaces/package.zsh'
[0.563s] Level 1:colcon.colcon_core.environment:create_file_with_runtime_dependencies(/home/cagan/ros2_ws/install/custom_interfaces/share/colcon-core/packages/custom_interfaces)
[0.563s] INFO:colcon.colcon_ros.task.ament_python.build:Building ROS package in '/home/cagan/ros2_ws/src/simple_pubsub' with build type 'ament_python'
[0.563s] Level 1:colcon.colcon_core.shell:create_environment_hook('simple_pubsub', 'ament_prefix_path')
[0.563s] INFO:colcon.colcon_core.shell:Creating environment hook '/home/cagan/ros2_ws/install/simple_pubsub/share/simple_pubsub/hook/ament_prefix_path.ps1'
[0.564s] INFO:colcon.colcon_core.shell:Creating environment descriptor '/home/cagan/ros2_ws/install/simple_pubsub/share/simple_pubsub/hook/ament_prefix_path.dsv'
[0.564s] INFO:colcon.colcon_core.shell:Creating environment hook '/home/cagan/ros2_ws/install/simple_pubsub/share/simple_pubsub/hook/ament_prefix_path.sh'
[0.565s] INFO:colcon.colcon_core.shell:Skip shell extension 'powershell' for command environment: Not usable outside of PowerShell
[0.565s] DEBUG:colcon.colcon_core.shell:Skip shell extension 'dsv' for command environment
[0.567s] INFO:colcon.colcon_ros.task.ament_python.build:Building ROS package in '/home/cagan/ros2_ws/src/simple_srvcli' with build type 'ament_python'
[0.567s] Level 1:colcon.colcon_core.shell:create_environment_hook('simple_srvcli', 'ament_prefix_path')
[0.567s] INFO:colcon.colcon_core.shell:Creating environment hook '/home/cagan/ros2_ws/install/simple_srvcli/share/simple_srvcli/hook/ament_prefix_path.ps1'
[0.567s] INFO:colcon.colcon_core.shell:Creating environment descriptor '/home/cagan/ros2_ws/install/simple_srvcli/share/simple_srvcli/hook/ament_prefix_path.dsv'
[0.567s] INFO:colcon.colcon_core.shell:Creating environment hook '/home/cagan/ros2_ws/install/simple_srvcli/share/simple_srvcli/hook/ament_prefix_path.sh'
[0.568s] INFO:colcon.colcon_core.shell:Skip shell extension 'powershell' for command environment: Not usable outside of PowerShell
[0.568s] DEBUG:colcon.colcon_core.shell:Skip shell extension 'dsv' for command environment
[0.766s] INFO:colcon.colcon_core.task.python.build:Building Python package in '/home/cagan/ros2_ws/src/simple_pubsub'
[0.767s] INFO:colcon.colcon_core.shell:Skip shell extension 'powershell' for command environment: Not usable outside of PowerShell
[0.767s] DEBUG:colcon.colcon_core.shell:Skip shell extension 'dsv' for command environment
[0.944s] INFO:colcon.colcon_core.task.python.build:Building Python package in '/home/cagan/ros2_ws/src/simple_srvcli'
[0.944s] INFO:colcon.colcon_core.shell:Skip shell extension 'powershell' for command environment: Not usable outside of PowerShell
[0.944s] DEBUG:colcon.colcon_core.shell:Skip shell extension 'dsv' for command environment
[0.951s] DEBUG:colcon.colcon_core.event_handler.log_command:Invoking command in '/home/cagan/ros2_ws/src/python_parameters': PYTHONPATH=/home/cagan/ros2_ws/build/python_parameters/prefix_override:/usr/lib/python3/dist-packages/colcon_core/task/python/colcon_distutils_commands:/home/cagan/ros2_ws/install/python_parameters/lib/python3.10/site-packages:${PYTHONPATH} /usr/bin/python3 -W ignore:setup.py install is deprecated -W ignore:easy_install command is deprecated setup.py egg_info --egg-base ../../build/python_parameters build --build-base /home/cagan/ros2_ws/build/python_parameters/build install --record /home/cagan/ros2_ws/build/python_parameters/install.log --single-version-externally-managed install_data
[1.195s] Level 1:colcon.colcon_core.environment:checking '/home/cagan/ros2_ws/install/python_parameters' for CMake module files
[1.195s] DEBUG:colcon.colcon_core.event_handler.log_command:Invoked command in '/home/cagan/ros2_ws/src/python_parameters' returned '0': PYTHONPATH=/home/cagan/ros2_ws/build/python_parameters/prefix_override:/usr/lib/python3/dist-packages/colcon_core/task/python/colcon_distutils_commands:/home/cagan/ros2_ws/install/python_parameters/lib/python3.10/site-packages:${PYTHONPATH} /usr/bin/python3 -W ignore:setup.py install is deprecated -W ignore:easy_install command is deprecated setup.py egg_info --egg-base ../../build/python_parameters build --build-base /home/cagan/ros2_ws/build/python_parameters/build install --record /home/cagan/ros2_ws/build/python_parameters/install.log --single-version-externally-managed install_data
[1.196s] Level 1:colcon.colcon_core.environment:checking '/home/cagan/ros2_ws/install/python_parameters' for CMake config files
[1.196s] Level 1:colcon.colcon_core.environment:checking '/home/cagan/ros2_ws/install/python_parameters/lib'
[1.196s] Level 1:colcon.colcon_core.environment:checking '/home/cagan/ros2_ws/install/python_parameters/bin'
[1.196s] Level 1:colcon.colcon_core.environment:checking '/home/cagan/ros2_ws/install/python_parameters/lib/pkgconfig/python_parameters.pc'
[1.197s] Level 1:colcon.colcon_core.environment:checking '/home/cagan/ros2_ws/install/python_parameters/lib/python3.10/site-packages'
[1.197s] Level 1:colcon.colcon_core.shell:create_environment_hook('python_parameters', 'pythonpath')
[1.197s] INFO:colcon.colcon_core.shell:Creating environment hook '/home/cagan/ros2_ws/install/python_parameters/share/python_parameters/hook/pythonpath.ps1'
[1.198s] INFO:colcon.colcon_core.shell:Creating environment descriptor '/home/cagan/ros2_ws/install/python_parameters/share/python_parameters/hook/pythonpath.dsv'
[1.198s] INFO:colcon.colcon_core.shell:Creating environment hook '/home/cagan/ros2_ws/install/python_parameters/share/python_parameters/hook/pythonpath.sh'
[1.199s] Level 1:colcon.colcon_core.environment:checking '/home/cagan/ros2_ws/install/python_parameters/bin'
[1.199s] Level 1:colcon.colcon_core.environment:create_environment_scripts_only(python_parameters)
[1.199s] INFO:colcon.colcon_core.shell:Creating package script '/home/cagan/ros2_ws/install/python_parameters/share/python_parameters/package.ps1'
[1.200s] INFO:colcon.colcon_core.shell:Creating package descriptor '/home/cagan/ros2_ws/install/python_parameters/share/python_parameters/package.dsv'
[1.200s] INFO:colcon.colcon_core.shell:Creating package script '/home/cagan/ros2_ws/install/python_parameters/share/python_parameters/package.sh'
[1.201s] INFO:colcon.colcon_core.shell:Creating package script '/home/cagan/ros2_ws/install/python_parameters/share/python_parameters/package.bash'
[1.201s] INFO:colcon.colcon_core.shell:Creating package script '/home/cagan/ros2_ws/install/python_parameters/share/python_parameters/package.zsh'
[1.201s] Level 1:colcon.colcon_core.environment:create_file_with_runtime_dependencies(/home/cagan/ros2_ws/install/python_parameters/share/colcon-core/packages/python_parameters)
[1.212s] DEBUG:colcon.colcon_core.event_handler.log_command:Invoking command in '/home/cagan/ros2_ws/src/simple_pubsub': PYTHONPATH=/home/cagan/ros2_ws/build/simple_pubsub/prefix_override:/usr/lib/python3/dist-packages/colcon_core/task/python/colcon_distutils_commands:/home/cagan/ros2_ws/install/simple_pubsub/lib/python3.10/site-packages:${PYTHONPATH} /usr/bin/python3 -W ignore:setup.py install is deprecated -W ignore:easy_install command is deprecated setup.py egg_info --egg-base ../../build/simple_pubsub build --build-base /home/cagan/ros2_ws/build/simple_pubsub/build install --record /home/cagan/ros2_ws/build/simple_pubsub/install.log --single-version-externally-managed install_data
[1.218s] DEBUG:colcon.colcon_core.event_handler.log_command:Invoking command in '/home/cagan/ros2_ws/src/simple_srvcli': PYTHONPATH=/home/cagan/ros2_ws/build/simple_srvcli/prefix_override:/usr/lib/python3/dist-packages/colcon_core/task/python/colcon_distutils_commands:/home/cagan/ros2_ws/install/simple_srvcli/lib/python3.10/site-packages:${PYTHONPATH} /usr/bin/python3 -W ignore:setup.py install is deprecated -W ignore:easy_install command is deprecated setup.py egg_info --egg-base ../../build/simple_srvcli build --build-base /home/cagan/ros2_ws/build/simple_srvcli/build install --record /home/cagan/ros2_ws/build/simple_srvcli/install.log --single-version-externally-managed install_data
[1.426s] Level 1:colcon.colcon_core.environment:checking '/home/cagan/ros2_ws/install/simple_pubsub' for CMake module files
[1.427s] DEBUG:colcon.colcon_core.event_handler.log_command:Invoked command in '/home/cagan/ros2_ws/src/simple_pubsub' returned '0': PYTHONPATH=/home/cagan/ros2_ws/build/simple_pubsub/prefix_override:/usr/lib/python3/dist-packages/colcon_core/task/python/colcon_distutils_commands:/home/cagan/ros2_ws/install/simple_pubsub/lib/python3.10/site-packages:${PYTHONPATH} /usr/bin/python3 -W ignore:setup.py install is deprecated -W ignore:easy_install command is deprecated setup.py egg_info --egg-base ../../build/simple_pubsub build --build-base /home/cagan/ros2_ws/build/simple_pubsub/build install --record /home/cagan/ros2_ws/build/simple_pubsub/install.log --single-version-externally-managed install_data
[1.427s] Level 1:colcon.colcon_core.environment:checking '/home/cagan/ros2_ws/install/simple_pubsub' for CMake config files
[1.427s] Level 1:colcon.colcon_core.environment:checking '/home/cagan/ros2_ws/install/simple_pubsub/lib'
[1.427s] Level 1:colcon.colcon_core.environment:checking '/home/cagan/ros2_ws/install/simple_pubsub/bin'
[1.428s] Level 1:colcon.colcon_core.environment:checking '/home/cagan/ros2_ws/install/simple_pubsub/lib/pkgconfig/simple_pubsub.pc'
[1.428s] Level 1:colcon.colcon_core.environment:checking '/home/cagan/ros2_ws/install/simple_pubsub/lib/python3.10/site-packages'
[1.428s] Level 1:colcon.colcon_core.shell:create_environment_hook('simple_pubsub', 'pythonpath')
[1.428s] INFO:colcon.colcon_core.shell:Creating environment hook '/home/cagan/ros2_ws/install/simple_pubsub/share/simple_pubsub/hook/pythonpath.ps1'
[1.429s] INFO:colcon.colcon_core.shell:Creating environment descriptor '/home/cagan/ros2_ws/install/simple_pubsub/share/simple_pubsub/hook/pythonpath.dsv'
[1.429s] INFO:colcon.colcon_core.shell:Creating environment hook '/home/cagan/ros2_ws/install/simple_pubsub/share/simple_pubsub/hook/pythonpath.sh'
[1.429s] Level 1:colcon.colcon_core.environment:checking '/home/cagan/ros2_ws/install/simple_pubsub/bin'
[1.430s] Level 1:colcon.colcon_core.environment:create_environment_scripts_only(simple_pubsub)
[1.430s] INFO:colcon.colcon_core.shell:Creating package script '/home/cagan/ros2_ws/install/simple_pubsub/share/simple_pubsub/package.ps1'
[1.430s] INFO:colcon.colcon_core.shell:Creating package descriptor '/home/cagan/ros2_ws/install/simple_pubsub/share/simple_pubsub/package.dsv'
[1.431s] INFO:colcon.colcon_core.shell:Creating package script '/home/cagan/ros2_ws/install/simple_pubsub/share/simple_pubsub/package.sh'
[1.431s] INFO:colcon.colcon_core.shell:Creating package script '/home/cagan/ros2_ws/install/simple_pubsub/share/simple_pubsub/package.bash'
[1.431s] INFO:colcon.colcon_core.shell:Creating package script '/home/cagan/ros2_ws/install/simple_pubsub/share/simple_pubsub/package.zsh'
[1.431s] Level 1:colcon.colcon_core.environment:create_file_with_runtime_dependencies(/home/cagan/ros2_ws/install/simple_pubsub/share/colcon-core/packages/simple_pubsub)
[1.432s] Level 1:colcon.colcon_core.environment:checking '/home/cagan/ros2_ws/install/simple_srvcli' for CMake module files
[1.433s] DEBUG:colcon.colcon_core.event_handler.log_command:Invoked command in '/home/cagan/ros2_ws/src/simple_srvcli' returned '0': PYTHONPATH=/home/cagan/ros2_ws/build/simple_srvcli/prefix_override:/usr/lib/python3/dist-packages/colcon_core/task/python/colcon_distutils_commands:/home/cagan/ros2_ws/install/simple_srvcli/lib/python3.10/site-packages:${PYTHONPATH} /usr/bin/python3 -W ignore:setup.py install is deprecated -W ignore:easy_install command is deprecated setup.py egg_info --egg-base ../../build/simple_srvcli build --build-base /home/cagan/ros2_ws/build/simple_srvcli/build install --record /home/cagan/ros2_ws/build/simple_srvcli/install.log --single-version-externally-managed install_data
[1.433s] Level 1:colcon.colcon_core.environment:checking '/home/cagan/ros2_ws/install/simple_srvcli' for CMake config files
[1.433s] Level 1:colcon.colcon_core.environment:checking '/home/cagan/ros2_ws/install/simple_srvcli/lib'
[1.433s] Level 1:colcon.colcon_core.environment:checking '/home/cagan/ros2_ws/install/simple_srvcli/bin'
[1.433s] Level 1:colcon.colcon_core.environment:checking '/home/cagan/ros2_ws/install/simple_srvcli/lib/pkgconfig/simple_srvcli.pc'
[1.433s] Level 1:colcon.colcon_core.environment:checking '/home/cagan/ros2_ws/install/simple_srvcli/lib/python3.10/site-packages'
[1.433s] Level 1:colcon.colcon_core.shell:create_environment_hook('simple_srvcli', 'pythonpath')
[1.433s] INFO:colcon.colcon_core.shell:Creating environment hook '/home/cagan/ros2_ws/install/simple_srvcli/share/simple_srvcli/hook/pythonpath.ps1'
[1.434s] INFO:colcon.colcon_core.shell:Creating environment descriptor '/home/cagan/ros2_ws/install/simple_srvcli/share/simple_srvcli/hook/pythonpath.dsv'
[1.434s] INFO:colcon.colcon_core.shell:Creating environment hook '/home/cagan/ros2_ws/install/simple_srvcli/share/simple_srvcli/hook/pythonpath.sh'
[1.434s] Level 1:colcon.colcon_core.environment:checking '/home/cagan/ros2_ws/install/simple_srvcli/bin'
[1.434s] Level 1:colcon.colcon_core.environment:create_environment_scripts_only(simple_srvcli)
[1.434s] INFO:colcon.colcon_core.shell:Creating package script '/home/cagan/ros2_ws/install/simple_srvcli/share/simple_srvcli/package.ps1'
[1.435s] INFO:colcon.colcon_core.shell:Creating package descriptor '/home/cagan/ros2_ws/install/simple_srvcli/share/simple_srvcli/package.dsv'
[1.435s] INFO:colcon.colcon_core.shell:Creating package script '/home/cagan/ros2_ws/install/simple_srvcli/share/simple_srvcli/package.sh'
[1.435s] INFO:colcon.colcon_core.shell:Creating package script '/home/cagan/ros2_ws/install/simple_srvcli/share/simple_srvcli/package.bash'
[1.435s] INFO:colcon.colcon_core.shell:Creating package script '/home/cagan/ros2_ws/install/simple_srvcli/share/simple_srvcli/package.zsh'
[1.436s] Level 1:colcon.colcon_core.environment:create_file_with_runtime_dependencies(/home/cagan/ros2_ws/install/simple_srvcli/share/colcon-core/packages/simple_srvcli)
[1.436s] DEBUG:colcon.colcon_parallel_executor.executor.parallel:closing loop
[1.436s] DEBUG:colcon.colcon_parallel_executor.executor.parallel:loop closed
[1.436s] DEBUG:colcon.colcon_parallel_executor.executor.parallel:run_until_complete finished with '0'
[1.436s] DEBUG:colcon.colcon_core.event_reactor:joining thread
[1.440s] INFO:colcon.colcon_core.plugin_system:Skipping extension 'colcon_notification.desktop_notification.terminal_notifier': Not used on non-Darwin systems
[1.440s] INFO:colcon.colcon_core.plugin_system:Skipping extension 'colcon_notification.desktop_notification.win32': Not used on non-Windows systems
[1.440s] INFO:colcon.colcon_notification.desktop_notification:Sending desktop notification using 'notify2'
[1.451s] DEBUG:colcon.colcon_core.event_reactor:joined thread
[1.451s] INFO:colcon.colcon_core.shell:Creating prefix script '/home/cagan/ros2_ws/install/local_setup.ps1'
[1.453s] INFO:colcon.colcon_core.shell:Creating prefix util module '/home/cagan/ros2_ws/install/_local_setup_util_ps1.py'
[1.453s] INFO:colcon.colcon_core.shell:Creating prefix chain script '/home/cagan/ros2_ws/install/setup.ps1'
[1.454s] INFO:colcon.colcon_core.shell:Creating prefix script '/home/cagan/ros2_ws/install/local_setup.sh'
[1.455s] INFO:colcon.colcon_core.shell:Creating prefix util module '/home/cagan/ros2_ws/install/_local_setup_util_sh.py'
[1.455s] INFO:colcon.colcon_core.shell:Creating prefix chain script '/home/cagan/ros2_ws/install/setup.sh'
[1.456s] INFO:colcon.colcon_core.shell:Creating prefix script '/home/cagan/ros2_ws/install/local_setup.bash'
[1.456s] INFO:colcon.colcon_core.shell:Creating prefix chain script '/home/cagan/ros2_ws/install/setup.bash'
[1.457s] INFO:colcon.colcon_core.shell:Creating prefix script '/home/cagan/ros2_ws/install/local_setup.zsh'
[1.458s] INFO:colcon.colcon_core.shell:Creating prefix chain script '/home/cagan/ros2_ws/install/setup.zsh'
