[0.413s] Invoking command in '/home/cagan/ros2_ws/src/simple_pubsub': AMENT_PREFIX_PATH=/home/cagan/ros2_ws/install/custom_interfaces:${AMENT_PREFIX_PATH} CMAKE_PREFIX_PATH=/home/cagan/ros2_ws/install/custom_interfaces LD_LIBRARY_PATH=/home/cagan/ros2_ws/install/custom_interfaces/lib:${LD_LIBRARY_PATH} PYTHONPATH=/home/cagan/ros2_ws/build/simple_pubsub/prefix_override:/usr/lib/python3/dist-packages/colcon_core/task/python/colcon_distutils_commands:/home/cagan/ros2_ws/install/simple_pubsub/lib/python3.10/site-packages:/home/cagan/ros2_ws/install/custom_interfaces/local/lib/python3.10/dist-packages:${PYTHONPATH} /usr/bin/python3 -W ignore:setup.py install is deprecated -W ignore:easy_install command is deprecated setup.py egg_info --egg-base ../../build/simple_pubsub build --build-base /home/cagan/ros2_ws/build/simple_pubsub/build install --record /home/cagan/ros2_ws/build/simple_pubsub/install.log --single-version-externally-managed install_data
[0.572s] running egg_info
[0.572s] writing ../../build/simple_pubsub/simple_pubsub.egg-info/PKG-INFO
[0.572s] writing dependency_links to ../../build/simple_pubsub/simple_pubsub.egg-info/dependency_links.txt
[0.572s] writing entry points to ../../build/simple_pubsub/simple_pubsub.egg-info/entry_points.txt
[0.572s] writing requirements to ../../build/simple_pubsub/simple_pubsub.egg-info/requires.txt
[0.572s] writing top-level names to ../../build/simple_pubsub/simple_pubsub.egg-info/top_level.txt
[0.573s] reading manifest file '../../build/simple_pubsub/simple_pubsub.egg-info/SOURCES.txt'
[0.578s] adding license file 'LICENSE'
[0.579s] writing manifest file '../../build/simple_pubsub/simple_pubsub.egg-info/SOURCES.txt'
[0.579s] running build
[0.579s] running build_py
[0.579s] running install
[0.580s] running install_lib
[0.580s] running install_data
[0.581s] copying package.xml -> /home/cagan/ros2_ws/install/simple_pubsub/share/simple_pubsub
[0.581s] running install_egg_info
[0.582s] removing '/home/cagan/ros2_ws/install/simple_pubsub/lib/python3.10/site-packages/simple_pubsub-0.0.0-py3.10.egg-info' (and everything under it)
[0.582s] Copying ../../build/simple_pubsub/simple_pubsub.egg-info to /home/cagan/ros2_ws/install/simple_pubsub/lib/python3.10/site-packages/simple_pubsub-0.0.0-py3.10.egg-info
[0.583s] running install_scripts
[0.595s] Installing listener script to /home/cagan/ros2_ws/install/simple_pubsub/lib/simple_pubsub
[0.595s] Installing talker script to /home/cagan/ros2_ws/install/simple_pubsub/lib/simple_pubsub
[0.595s] writing list of installed files to '/home/cagan/ros2_ws/build/simple_pubsub/install.log'
[0.612s] Invoked command in '/home/cagan/ros2_ws/src/simple_pubsub' returned '0': AMENT_PREFIX_PATH=/home/cagan/ros2_ws/install/custom_interfaces:${AMENT_PREFIX_PATH} CMAKE_PREFIX_PATH=/home/cagan/ros2_ws/install/custom_interfaces LD_LIBRARY_PATH=/home/cagan/ros2_ws/install/custom_interfaces/lib:${LD_LIBRARY_PATH} PYTHONPATH=/home/cagan/ros2_ws/build/simple_pubsub/prefix_override:/usr/lib/python3/dist-packages/colcon_core/task/python/colcon_distutils_commands:/home/cagan/ros2_ws/install/simple_pubsub/lib/python3.10/site-packages:/home/cagan/ros2_ws/install/custom_interfaces/local/lib/python3.10/dist-packages:${PYTHONPATH} /usr/bin/python3 -W ignore:setup.py install is deprecated -W ignore:easy_install command is deprecated setup.py egg_info --egg-base ../../build/simple_pubsub build --build-base /home/cagan/ros2_ws/build/simple_pubsub/build install --record /home/cagan/ros2_ws/build/simple_pubsub/install.log --single-version-externally-managed install_data
