[0.566s] Invoking command in '/home/cagan/ros2_ws/src/simple_srvcli': PYTHONPATH=/home/cagan/ros2_ws/build/simple_srvcli/prefix_override:/usr/lib/python3/dist-packages/colcon_core/task/python/colcon_distutils_commands:/home/cagan/ros2_ws/install/simple_srvcli/lib/python3.10/site-packages:${PYTHONPATH} /usr/bin/python3 -W ignore:setup.py install is deprecated -W ignore:easy_install command is deprecated setup.py egg_info --egg-base ../../build/simple_srvcli build --build-base /home/cagan/ros2_ws/build/simple_srvcli/build install --record /home/cagan/ros2_ws/build/simple_srvcli/install.log --single-version-externally-managed install_data
[0.735s] running egg_info
[0.735s] writing ../../build/simple_srvcli/simple_srvcli.egg-info/PKG-INFO
[0.735s] writing dependency_links to ../../build/simple_srvcli/simple_srvcli.egg-info/dependency_links.txt
[0.736s] writing entry points to ../../build/simple_srvcli/simple_srvcli.egg-info/entry_points.txt
[0.736s] writing requirements to ../../build/simple_srvcli/simple_srvcli.egg-info/requires.txt
[0.736s] writing top-level names to ../../build/simple_srvcli/simple_srvcli.egg-info/top_level.txt
[0.737s] reading manifest file '../../build/simple_srvcli/simple_srvcli.egg-info/SOURCES.txt'
[0.737s] adding license file 'LICENSE'
[0.737s] writing manifest file '../../build/simple_srvcli/simple_srvcli.egg-info/SOURCES.txt'
[0.737s] running build
[0.737s] running build_py
[0.738s] running install
[0.738s] running install_lib
[0.739s] running install_data
[0.739s] running install_egg_info
[0.740s] removing '/home/cagan/ros2_ws/install/simple_srvcli/lib/python3.10/site-packages/simple_srvcli-0.0.0-py3.10.egg-info' (and everything under it)
[0.740s] Copying ../../build/simple_srvcli/simple_srvcli.egg-info to /home/cagan/ros2_ws/install/simple_srvcli/lib/python3.10/site-packages/simple_srvcli-0.0.0-py3.10.egg-info
[0.741s] running install_scripts
[0.755s] Installing client script to /home/cagan/ros2_ws/install/simple_srvcli/lib/simple_srvcli
[0.755s] Installing service script to /home/cagan/ros2_ws/install/simple_srvcli/lib/simple_srvcli
[0.755s] writing list of installed files to '/home/cagan/ros2_ws/build/simple_srvcli/install.log'
[0.773s] Invoked command in '/home/cagan/ros2_ws/src/simple_srvcli' returned '0': PYTHONPATH=/home/cagan/ros2_ws/build/simple_srvcli/prefix_override:/usr/lib/python3/dist-packages/colcon_core/task/python/colcon_distutils_commands:/home/cagan/ros2_ws/install/simple_srvcli/lib/python3.10/site-packages:${PYTHONPATH} /usr/bin/python3 -W ignore:setup.py install is deprecated -W ignore:easy_install command is deprecated setup.py egg_info --egg-base ../../build/simple_srvcli build --build-base /home/cagan/ros2_ws/build/simple_srvcli/build install --record /home/cagan/ros2_ws/build/simple_srvcli/install.log --single-version-externally-managed install_data
