[0.007s] Invoking command in '/home/cagan/ros2_ws/build/custom_interfaces': CMAKE_PREFIX_PATH=/opt/ros/humble /usr/bin/cmake /home/cagan/ros2_ws/src/custom_interfaces -DCMAKE_INSTALL_PREFIX=/home/cagan/ros2_ws/install/custom_interfaces
[0.080s] -- The C compiler identification is GNU 11.4.0
[0.142s] -- The CXX compiler identification is GNU 11.4.0
[0.149s] -- Detecting C compiler ABI info
[0.211s] -- Detecting C compiler ABI info - done
[0.218s] -- Check for working C compiler: /usr/bin/cc - skipped
[0.218s] -- Detecting C compile features
[0.219s] -- Detecting C compile features - done
[0.221s] -- Detecting CXX compiler ABI info
[0.275s] -- Detecting CXX compiler ABI info - done
[0.281s] -- Check for working CXX compiler: /usr/bin/c++ - skipped
[0.281s] -- Detecting CXX compile features
[0.281s] -- Detecting CXX compile features - done
[0.286s] -- Found ament_cmake: 1.3.11 (/opt/ros/humble/share/ament_cmake/cmake)
[0.384s] -- Found Python3: /usr/bin/python3 (found version "3.10.12") found components: Interpreter 
[0.452s] -- Found geometry_msgs: 4.9.0 (/opt/ros/humble/share/geometry_msgs/cmake)
[0.481s] -- Found rosidl_generator_c: 3.1.6 (/opt/ros/humble/share/rosidl_generator_c/cmake)
[0.484s] -- Found rosidl_adapter: 3.1.6 (/opt/ros/humble/share/rosidl_adapter/cmake)
[0.492s] -- Found rosidl_generator_cpp: 3.1.6 (/opt/ros/humble/share/rosidl_generator_cpp/cmake)
[0.502s] -- Using all available rosidl_typesupport_c: rosidl_typesupport_fastrtps_c;rosidl_typesupport_introspection_c
[0.518s] -- Using all available rosidl_typesupport_cpp: rosidl_typesupport_fastrtps_cpp;rosidl_typesupport_introspection_cpp
[0.548s] -- Found rosidl_default_generators: 1.2.0 (/opt/ros/humble/share/rosidl_default_generators/cmake)
[0.750s] -- Found ament_cmake_ros: 0.10.0 (/opt/ros/humble/share/ament_cmake_ros/cmake)
[1.026s] -- Using all available rosidl_typesupport_c: rosidl_typesupport_fastrtps_c;rosidl_typesupport_introspection_c
[1.131s] -- Using all available rosidl_typesupport_cpp: rosidl_typesupport_fastrtps_cpp;rosidl_typesupport_introspection_cpp
[1.145s] -- Found PythonInterp: /usr/bin/python3 (found suitable version "3.10.12", minimum required is "3.6") 
[1.146s] -- Found python_cmake_module: 0.10.0 (/opt/ros/humble/share/python_cmake_module/cmake)
[1.163s] -- Found PythonLibs: /usr/lib/x86_64-linux-gnu/libpython3.10.so (found suitable version "3.10.12", minimum required is "3.5") 
[1.163s] -- Using PYTHON_EXECUTABLE: /usr/bin/python3
[1.163s] -- Using PYTHON_INCLUDE_DIRS: /usr/include/python3.10
[1.163s] -- Using PYTHON_LIBRARIES: /usr/lib/x86_64-linux-gnu/libpython3.10.so
[1.178s] -- Found PythonExtra: .so  
[1.219s] -- Found ament_lint_auto: 0.12.12 (/opt/ros/humble/share/ament_lint_auto/cmake)
[1.236s] -- Added test 'lint_cmake' to check CMake code style
[1.237s] -- Added test 'xmllint' to check XML markup files
[1.238s] -- Configuring done
[1.259s] -- Generating done
[1.266s] -- Build files have been written to: /home/cagan/ros2_ws/build/custom_interfaces
[1.272s] Invoked command in '/home/cagan/ros2_ws/build/custom_interfaces' returned '0': CMAKE_PREFIX_PATH=/opt/ros/humble /usr/bin/cmake /home/cagan/ros2_ws/src/custom_interfaces -DCMAKE_INSTALL_PREFIX=/home/cagan/ros2_ws/install/custom_interfaces
[1.273s] Invoking command in '/home/cagan/ros2_ws/build/custom_interfaces': CMAKE_PREFIX_PATH=/opt/ros/humble /usr/bin/cmake --build /home/cagan/ros2_ws/build/custom_interfaces -- -j8 -l8
[1.297s] [  2%] [34m[1mGenerating C code for ROS interfaces[0m
[1.304s] [  5%] [34m[1mGenerating C++ code for ROS interfaces[0m
[1.309s] [  5%] Built target ament_cmake_python_copy_custom_interfaces
[1.490s] running egg_info
[1.490s] creating custom_interfaces.egg-info
[1.490s] writing custom_interfaces.egg-info/PKG-INFO
[1.490s] writing dependency_links to custom_interfaces.egg-info/dependency_links.txt
[1.490s] writing top-level names to custom_interfaces.egg-info/top_level.txt
[1.490s] writing manifest file 'custom_interfaces.egg-info/SOURCES.txt'
[1.492s] reading manifest file 'custom_interfaces.egg-info/SOURCES.txt'
[1.493s] writing manifest file 'custom_interfaces.egg-info/SOURCES.txt'
[1.512s] [  5%] Built target ament_cmake_python_build_custom_interfaces_egg
[1.539s] [ 10%] [32mBuilding C object CMakeFiles/custom_interfaces__rosidl_generator_c.dir/rosidl_generator_c/custom_interfaces/srv/detail/multiply_three__functions.c.o[0m
[1.539s] [ 10%] [32mBuilding C object CMakeFiles/custom_interfaces__rosidl_generator_c.dir/rosidl_generator_c/custom_interfaces/msg/detail/coordinates__functions.c.o[0m
[1.540s] [ 10%] Built target custom_interfaces__cpp
[1.546s] [ 15%] [34m[1mGenerating C++ type support for eProsima Fast-RTPS[0m
[1.546s] [ 15%] [34m[1mGenerating C++ type support dispatch for ROS interfaces[0m
[1.547s] [ 17%] [34m[1mGenerating C++ introspection for ROS interfaces[0m
[1.589s] [ 20%] [32m[1mLinking C shared library libcustom_interfaces__rosidl_generator_c.so[0m
[1.615s] [ 20%] Built target custom_interfaces__rosidl_generator_c
[1.626s] [ 28%] [34m[1mGenerating C type support for eProsima Fast-RTPS[0m
[1.626s] [ 28%] [34m[1mGenerating C introspection for ROS interfaces[0m
[1.626s] [ 28%] [34m[1mGenerating C type support dispatch for ROS interfaces[0m
[1.785s] [ 30%] [32mBuilding CXX object CMakeFiles/custom_interfaces__rosidl_typesupport_introspection_cpp.dir/rosidl_typesupport_introspection_cpp/custom_interfaces/srv/detail/multiply_three__type_support.cpp.o[0m
[1.787s] [ 33%] [32mBuilding CXX object CMakeFiles/custom_interfaces__rosidl_typesupport_introspection_cpp.dir/rosidl_typesupport_introspection_cpp/custom_interfaces/msg/detail/coordinates__type_support.cpp.o[0m
[1.790s] [ 38%] [32mBuilding CXX object CMakeFiles/custom_interfaces__rosidl_typesupport_fastrtps_cpp.dir/rosidl_typesupport_fastrtps_cpp/custom_interfaces/msg/detail/dds_fastrtps/coordinates__type_support.cpp.o[0m
[1.791s] [ 38%] [32mBuilding CXX object CMakeFiles/custom_interfaces__rosidl_typesupport_fastrtps_cpp.dir/rosidl_typesupport_fastrtps_cpp/custom_interfaces/srv/detail/dds_fastrtps/multiply_three__type_support.cpp.o[0m
[1.819s] [ 41%] [32mBuilding CXX object CMakeFiles/custom_interfaces__rosidl_typesupport_cpp.dir/rosidl_typesupport_cpp/custom_interfaces/msg/coordinates__type_support.cpp.o[0m
[1.959s] [ 43%] [32mBuilding CXX object CMakeFiles/custom_interfaces__rosidl_typesupport_c.dir/rosidl_typesupport_c/custom_interfaces/msg/coordinates__type_support.cpp.o[0m
[1.995s] [ 46%] [32mBuilding CXX object CMakeFiles/custom_interfaces__rosidl_typesupport_c.dir/rosidl_typesupport_c/custom_interfaces/srv/multiply_three__type_support.cpp.o[0m
[2.017s] [ 48%] [32mBuilding C object CMakeFiles/custom_interfaces__rosidl_typesupport_introspection_c.dir/rosidl_typesupport_introspection_c/custom_interfaces/msg/detail/coordinates__type_support.c.o[0m
[2.035s] [ 51%] [32m[1mLinking CXX shared library libcustom_interfaces__rosidl_typesupport_c.so[0m
[2.038s] [ 53%] [32mBuilding CXX object CMakeFiles/custom_interfaces__rosidl_typesupport_fastrtps_c.dir/rosidl_typesupport_fastrtps_c/custom_interfaces/msg/detail/coordinates__type_support_c.cpp.o[0m
[2.054s] [ 56%] [32mBuilding C object CMakeFiles/custom_interfaces__rosidl_typesupport_introspection_c.dir/rosidl_typesupport_introspection_c/custom_interfaces/srv/detail/multiply_three__type_support.c.o[0m
[2.091s] [ 58%] [32m[1mLinking C shared library libcustom_interfaces__rosidl_typesupport_introspection_c.so[0m
[2.100s] [ 58%] Built target custom_interfaces__rosidl_typesupport_c
[2.107s] [ 61%] [32mBuilding CXX object CMakeFiles/custom_interfaces__rosidl_typesupport_fastrtps_c.dir/rosidl_typesupport_fastrtps_c/custom_interfaces/srv/detail/multiply_three__type_support_c.cpp.o[0m
[2.126s] [ 64%] [32mBuilding CXX object CMakeFiles/custom_interfaces__rosidl_typesupport_cpp.dir/rosidl_typesupport_cpp/custom_interfaces/srv/multiply_three__type_support.cpp.o[0m
[2.156s] [ 64%] Built target custom_interfaces__rosidl_typesupport_introspection_c
[2.221s] [ 66%] [32m[1mLinking CXX shared library libcustom_interfaces__rosidl_typesupport_introspection_cpp.so[0m
[2.256s] [ 66%] Built target custom_interfaces__rosidl_typesupport_introspection_cpp
[2.261s] [ 69%] [32m[1mLinking CXX shared library libcustom_interfaces__rosidl_typesupport_fastrtps_cpp.so[0m
[2.316s] [ 69%] Built target custom_interfaces__rosidl_typesupport_fastrtps_cpp
[2.359s] [ 71%] [32m[1mLinking CXX shared library libcustom_interfaces__rosidl_typesupport_cpp.so[0m
[2.385s] [ 74%] [32m[1mLinking CXX shared library libcustom_interfaces__rosidl_typesupport_fastrtps_c.so[0m
[2.386s] [ 74%] Built target custom_interfaces__rosidl_typesupport_cpp
[2.436s] [ 74%] Built target custom_interfaces__rosidl_typesupport_fastrtps_c
[2.449s] [ 74%] Built target custom_interfaces
[2.470s] [ 76%] [34m[1mGenerating Python code for ROS interfaces[0m
[2.755s] [ 76%] Built target custom_interfaces__py
[2.768s] [ 79%] [32mBuilding C object CMakeFiles/custom_interfaces__rosidl_generator_py.dir/rosidl_generator_py/custom_interfaces/srv/_multiply_three_s.c.o[0m
[2.768s] [ 82%] [32mBuilding C object CMakeFiles/custom_interfaces__rosidl_generator_py.dir/rosidl_generator_py/custom_interfaces/msg/_coordinates_s.c.o[0m
[2.854s] [ 84%] [32m[1mLinking C shared library rosidl_generator_py/custom_interfaces/libcustom_interfaces__rosidl_generator_py.so[0m
[2.881s] [ 84%] Built target custom_interfaces__rosidl_generator_py
[2.894s] [ 92%] [32mBuilding C object CMakeFiles/custom_interfaces__rosidl_typesupport_introspection_c__pyext.dir/rosidl_generator_py/custom_interfaces/_custom_interfaces_s.ep.rosidl_typesupport_introspection_c.c.o[0m
[2.894s] [ 92%] [32mBuilding C object CMakeFiles/custom_interfaces__rosidl_typesupport_fastrtps_c__pyext.dir/rosidl_generator_py/custom_interfaces/_custom_interfaces_s.ep.rosidl_typesupport_fastrtps_c.c.o[0m
[2.894s] [ 92%] [32mBuilding C object CMakeFiles/custom_interfaces__rosidl_typesupport_c__pyext.dir/rosidl_generator_py/custom_interfaces/_custom_interfaces_s.ep.rosidl_typesupport_c.c.o[0m
[2.962s] [100%] [32m[1mLinking C shared library rosidl_generator_py/custom_interfaces/custom_interfaces_s__rosidl_typesupport_fastrtps_c.cpython-310-x86_64-linux-gnu.so[0m
[2.962s] [100%] [32m[1mLinking C shared library rosidl_generator_py/custom_interfaces/custom_interfaces_s__rosidl_typesupport_c.cpython-310-x86_64-linux-gnu.so[0m
[2.962s] [100%] [32m[1mLinking C shared library rosidl_generator_py/custom_interfaces/custom_interfaces_s__rosidl_typesupport_introspection_c.cpython-310-x86_64-linux-gnu.so[0m
[2.988s] [100%] Built target custom_interfaces__rosidl_typesupport_introspection_c__pyext
[2.988s] [100%] Built target custom_interfaces__rosidl_typesupport_fastrtps_c__pyext
[2.988s] [100%] Built target custom_interfaces__rosidl_typesupport_c__pyext
[2.995s] Invoked command in '/home/cagan/ros2_ws/build/custom_interfaces' returned '0': CMAKE_PREFIX_PATH=/opt/ros/humble /usr/bin/cmake --build /home/cagan/ros2_ws/build/custom_interfaces -- -j8 -l8
[3.001s] Invoking command in '/home/cagan/ros2_ws/build/custom_interfaces': CMAKE_PREFIX_PATH=/opt/ros/humble /usr/bin/cmake --install /home/cagan/ros2_ws/build/custom_interfaces
[3.006s] -- Install configuration: ""
[3.006s] -- Installing: /home/cagan/ros2_ws/install/custom_interfaces/share/ament_index/resource_index/rosidl_interfaces/custom_interfaces
[3.006s] -- Installing: /home/cagan/ros2_ws/install/custom_interfaces/include/custom_interfaces/custom_interfaces
[3.006s] -- Installing: /home/cagan/ros2_ws/install/custom_interfaces/include/custom_interfaces/custom_interfaces/srv
[3.006s] -- Installing: /home/cagan/ros2_ws/install/custom_interfaces/include/custom_interfaces/custom_interfaces/srv/multiply_three.h
[3.006s] -- Installing: /home/cagan/ros2_ws/install/custom_interfaces/include/custom_interfaces/custom_interfaces/srv/detail
[3.006s] -- Installing: /home/cagan/ros2_ws/install/custom_interfaces/include/custom_interfaces/custom_interfaces/srv/detail/multiply_three__functions.c
[3.006s] -- Installing: /home/cagan/ros2_ws/install/custom_interfaces/include/custom_interfaces/custom_interfaces/srv/detail/multiply_three__functions.h
[3.006s] -- Installing: /home/cagan/ros2_ws/install/custom_interfaces/include/custom_interfaces/custom_interfaces/srv/detail/multiply_three__type_support.h
[3.006s] -- Installing: /home/cagan/ros2_ws/install/custom_interfaces/include/custom_interfaces/custom_interfaces/srv/detail/multiply_three__struct.h
[3.006s] -- Installing: /home/cagan/ros2_ws/install/custom_interfaces/include/custom_interfaces/custom_interfaces/msg
[3.007s] -- Installing: /home/cagan/ros2_ws/install/custom_interfaces/include/custom_interfaces/custom_interfaces/msg/rosidl_generator_c__visibility_control.h
[3.007s] -- Installing: /home/cagan/ros2_ws/install/custom_interfaces/include/custom_interfaces/custom_interfaces/msg/detail
[3.007s] -- Installing: /home/cagan/ros2_ws/install/custom_interfaces/include/custom_interfaces/custom_interfaces/msg/detail/coordinates__functions.c
[3.007s] -- Installing: /home/cagan/ros2_ws/install/custom_interfaces/include/custom_interfaces/custom_interfaces/msg/detail/coordinates__struct.h
[3.007s] -- Installing: /home/cagan/ros2_ws/install/custom_interfaces/include/custom_interfaces/custom_interfaces/msg/detail/coordinates__functions.h
[3.007s] -- Installing: /home/cagan/ros2_ws/install/custom_interfaces/include/custom_interfaces/custom_interfaces/msg/detail/coordinates__type_support.h
[3.007s] -- Installing: /home/cagan/ros2_ws/install/custom_interfaces/include/custom_interfaces/custom_interfaces/msg/coordinates.h
[3.007s] -- Installing: /home/cagan/ros2_ws/install/custom_interfaces/share/custom_interfaces/environment/library_path.sh
[3.007s] -- Installing: /home/cagan/ros2_ws/install/custom_interfaces/share/custom_interfaces/environment/library_path.dsv
[3.007s] -- Installing: /home/cagan/ros2_ws/install/custom_interfaces/lib/libcustom_interfaces__rosidl_generator_c.so
[3.007s] -- Set runtime path of "/home/cagan/ros2_ws/install/custom_interfaces/lib/libcustom_interfaces__rosidl_generator_c.so" to ""
[3.007s] -- Up-to-date: /home/cagan/ros2_ws/install/custom_interfaces/include/custom_interfaces/custom_interfaces
[3.007s] -- Up-to-date: /home/cagan/ros2_ws/install/custom_interfaces/include/custom_interfaces/custom_interfaces/srv
[3.007s] -- Up-to-date: /home/cagan/ros2_ws/install/custom_interfaces/include/custom_interfaces/custom_interfaces/srv/detail
[3.008s] -- Installing: /home/cagan/ros2_ws/install/custom_interfaces/include/custom_interfaces/custom_interfaces/srv/detail/multiply_three__rosidl_typesupport_fastrtps_c.h
[3.008s] -- Up-to-date: /home/cagan/ros2_ws/install/custom_interfaces/include/custom_interfaces/custom_interfaces/msg
[3.008s] -- Installing: /home/cagan/ros2_ws/install/custom_interfaces/include/custom_interfaces/custom_interfaces/msg/rosidl_typesupport_fastrtps_c__visibility_control.h
[3.008s] -- Up-to-date: /home/cagan/ros2_ws/install/custom_interfaces/include/custom_interfaces/custom_interfaces/msg/detail
[3.008s] -- Installing: /home/cagan/ros2_ws/install/custom_interfaces/include/custom_interfaces/custom_interfaces/msg/detail/coordinates__rosidl_typesupport_fastrtps_c.h
[3.008s] -- Installing: /home/cagan/ros2_ws/install/custom_interfaces/lib/libcustom_interfaces__rosidl_typesupport_fastrtps_c.so
[3.008s] -- Set runtime path of "/home/cagan/ros2_ws/install/custom_interfaces/lib/libcustom_interfaces__rosidl_typesupport_fastrtps_c.so" to ""
[3.008s] -- Up-to-date: /home/cagan/ros2_ws/install/custom_interfaces/include/custom_interfaces/custom_interfaces
[3.008s] -- Up-to-date: /home/cagan/ros2_ws/install/custom_interfaces/include/custom_interfaces/custom_interfaces/srv
[3.008s] -- Installing: /home/cagan/ros2_ws/install/custom_interfaces/include/custom_interfaces/custom_interfaces/srv/multiply_three.hpp
[3.008s] -- Up-to-date: /home/cagan/ros2_ws/install/custom_interfaces/include/custom_interfaces/custom_interfaces/srv/detail
[3.008s] -- Installing: /home/cagan/ros2_ws/install/custom_interfaces/include/custom_interfaces/custom_interfaces/srv/detail/multiply_three__struct.hpp
[3.008s] -- Installing: /home/cagan/ros2_ws/install/custom_interfaces/include/custom_interfaces/custom_interfaces/srv/detail/multiply_three__type_support.hpp
[3.008s] -- Installing: /home/cagan/ros2_ws/install/custom_interfaces/include/custom_interfaces/custom_interfaces/srv/detail/multiply_three__traits.hpp
[3.008s] -- Installing: /home/cagan/ros2_ws/install/custom_interfaces/include/custom_interfaces/custom_interfaces/srv/detail/multiply_three__builder.hpp
[3.008s] -- Up-to-date: /home/cagan/ros2_ws/install/custom_interfaces/include/custom_interfaces/custom_interfaces/msg
[3.009s] -- Installing: /home/cagan/ros2_ws/install/custom_interfaces/include/custom_interfaces/custom_interfaces/msg/rosidl_generator_cpp__visibility_control.hpp
[3.009s] -- Installing: /home/cagan/ros2_ws/install/custom_interfaces/include/custom_interfaces/custom_interfaces/msg/coordinates.hpp
[3.009s] -- Up-to-date: /home/cagan/ros2_ws/install/custom_interfaces/include/custom_interfaces/custom_interfaces/msg/detail
[3.009s] -- Installing: /home/cagan/ros2_ws/install/custom_interfaces/include/custom_interfaces/custom_interfaces/msg/detail/coordinates__struct.hpp
[3.009s] -- Installing: /home/cagan/ros2_ws/install/custom_interfaces/include/custom_interfaces/custom_interfaces/msg/detail/coordinates__type_support.hpp
[3.009s] -- Installing: /home/cagan/ros2_ws/install/custom_interfaces/include/custom_interfaces/custom_interfaces/msg/detail/coordinates__builder.hpp
[3.009s] -- Installing: /home/cagan/ros2_ws/install/custom_interfaces/include/custom_interfaces/custom_interfaces/msg/detail/coordinates__traits.hpp
[3.009s] -- Up-to-date: /home/cagan/ros2_ws/install/custom_interfaces/include/custom_interfaces/custom_interfaces
[3.009s] -- Up-to-date: /home/cagan/ros2_ws/install/custom_interfaces/include/custom_interfaces/custom_interfaces/srv
[3.009s] -- Up-to-date: /home/cagan/ros2_ws/install/custom_interfaces/include/custom_interfaces/custom_interfaces/srv/detail
[3.009s] -- Installing: /home/cagan/ros2_ws/install/custom_interfaces/include/custom_interfaces/custom_interfaces/srv/detail/multiply_three__rosidl_typesupport_fastrtps_cpp.hpp
[3.009s] -- Installing: /home/cagan/ros2_ws/install/custom_interfaces/include/custom_interfaces/custom_interfaces/srv/detail/dds_fastrtps
[3.009s] -- Up-to-date: /home/cagan/ros2_ws/install/custom_interfaces/include/custom_interfaces/custom_interfaces/msg
[3.009s] -- Up-to-date: /home/cagan/ros2_ws/install/custom_interfaces/include/custom_interfaces/custom_interfaces/msg/detail
[3.009s] -- Installing: /home/cagan/ros2_ws/install/custom_interfaces/include/custom_interfaces/custom_interfaces/msg/detail/dds_fastrtps
[3.010s] -- Installing: /home/cagan/ros2_ws/install/custom_interfaces/include/custom_interfaces/custom_interfaces/msg/detail/coordinates__rosidl_typesupport_fastrtps_cpp.hpp
[3.010s] -- Installing: /home/cagan/ros2_ws/install/custom_interfaces/include/custom_interfaces/custom_interfaces/msg/rosidl_typesupport_fastrtps_cpp__visibility_control.h
[3.010s] -- Installing: /home/cagan/ros2_ws/install/custom_interfaces/lib/libcustom_interfaces__rosidl_typesupport_fastrtps_cpp.so
[3.010s] -- Set runtime path of "/home/cagan/ros2_ws/install/custom_interfaces/lib/libcustom_interfaces__rosidl_typesupport_fastrtps_cpp.so" to ""
[3.010s] -- Up-to-date: /home/cagan/ros2_ws/install/custom_interfaces/include/custom_interfaces/custom_interfaces
[3.010s] -- Up-to-date: /home/cagan/ros2_ws/install/custom_interfaces/include/custom_interfaces/custom_interfaces/srv
[3.010s] -- Up-to-date: /home/cagan/ros2_ws/install/custom_interfaces/include/custom_interfaces/custom_interfaces/srv/detail
[3.010s] -- Installing: /home/cagan/ros2_ws/install/custom_interfaces/include/custom_interfaces/custom_interfaces/srv/detail/multiply_three__type_support.c
[3.010s] -- Installing: /home/cagan/ros2_ws/install/custom_interfaces/include/custom_interfaces/custom_interfaces/srv/detail/multiply_three__rosidl_typesupport_introspection_c.h
[3.010s] -- Up-to-date: /home/cagan/ros2_ws/install/custom_interfaces/include/custom_interfaces/custom_interfaces/msg
[3.010s] -- Installing: /home/cagan/ros2_ws/install/custom_interfaces/include/custom_interfaces/custom_interfaces/msg/rosidl_typesupport_introspection_c__visibility_control.h
[3.010s] -- Up-to-date: /home/cagan/ros2_ws/install/custom_interfaces/include/custom_interfaces/custom_interfaces/msg/detail
[3.010s] -- Installing: /home/cagan/ros2_ws/install/custom_interfaces/include/custom_interfaces/custom_interfaces/msg/detail/coordinates__rosidl_typesupport_introspection_c.h
[3.010s] -- Installing: /home/cagan/ros2_ws/install/custom_interfaces/include/custom_interfaces/custom_interfaces/msg/detail/coordinates__type_support.c
[3.010s] -- Installing: /home/cagan/ros2_ws/install/custom_interfaces/lib/libcustom_interfaces__rosidl_typesupport_introspection_c.so
[3.010s] -- Set runtime path of "/home/cagan/ros2_ws/install/custom_interfaces/lib/libcustom_interfaces__rosidl_typesupport_introspection_c.so" to ""
[3.011s] -- Installing: /home/cagan/ros2_ws/install/custom_interfaces/lib/libcustom_interfaces__rosidl_typesupport_c.so
[3.011s] -- Set runtime path of "/home/cagan/ros2_ws/install/custom_interfaces/lib/libcustom_interfaces__rosidl_typesupport_c.so" to ""
[3.011s] -- Up-to-date: /home/cagan/ros2_ws/install/custom_interfaces/include/custom_interfaces/custom_interfaces
[3.011s] -- Up-to-date: /home/cagan/ros2_ws/install/custom_interfaces/include/custom_interfaces/custom_interfaces/srv
[3.011s] -- Up-to-date: /home/cagan/ros2_ws/install/custom_interfaces/include/custom_interfaces/custom_interfaces/srv/detail
[3.011s] -- Installing: /home/cagan/ros2_ws/install/custom_interfaces/include/custom_interfaces/custom_interfaces/srv/detail/multiply_three__rosidl_typesupport_introspection_cpp.hpp
[3.011s] -- Installing: /home/cagan/ros2_ws/install/custom_interfaces/include/custom_interfaces/custom_interfaces/srv/detail/multiply_three__type_support.cpp
[3.011s] -- Up-to-date: /home/cagan/ros2_ws/install/custom_interfaces/include/custom_interfaces/custom_interfaces/msg
[3.011s] -- Up-to-date: /home/cagan/ros2_ws/install/custom_interfaces/include/custom_interfaces/custom_interfaces/msg/detail
[3.011s] -- Installing: /home/cagan/ros2_ws/install/custom_interfaces/include/custom_interfaces/custom_interfaces/msg/detail/coordinates__rosidl_typesupport_introspection_cpp.hpp
[3.011s] -- Installing: /home/cagan/ros2_ws/install/custom_interfaces/include/custom_interfaces/custom_interfaces/msg/detail/coordinates__type_support.cpp
[3.011s] -- Installing: /home/cagan/ros2_ws/install/custom_interfaces/lib/libcustom_interfaces__rosidl_typesupport_introspection_cpp.so
[3.011s] -- Set runtime path of "/home/cagan/ros2_ws/install/custom_interfaces/lib/libcustom_interfaces__rosidl_typesupport_introspection_cpp.so" to ""
[3.011s] -- Installing: /home/cagan/ros2_ws/install/custom_interfaces/lib/libcustom_interfaces__rosidl_typesupport_cpp.so
[3.011s] -- Set runtime path of "/home/cagan/ros2_ws/install/custom_interfaces/lib/libcustom_interfaces__rosidl_typesupport_cpp.so" to ""
[3.012s] -- Installing: /home/cagan/ros2_ws/install/custom_interfaces/share/custom_interfaces/environment/pythonpath.sh
[3.012s] -- Installing: /home/cagan/ros2_ws/install/custom_interfaces/share/custom_interfaces/environment/pythonpath.dsv
[3.012s] -- Installing: /home/cagan/ros2_ws/install/custom_interfaces/local/lib/python3.10/dist-packages/custom_interfaces-0.0.0-py3.10.egg-info
[3.012s] -- Installing: /home/cagan/ros2_ws/install/custom_interfaces/local/lib/python3.10/dist-packages/custom_interfaces-0.0.0-py3.10.egg-info/top_level.txt
[3.012s] -- Installing: /home/cagan/ros2_ws/install/custom_interfaces/local/lib/python3.10/dist-packages/custom_interfaces-0.0.0-py3.10.egg-info/PKG-INFO
[3.012s] -- Installing: /home/cagan/ros2_ws/install/custom_interfaces/local/lib/python3.10/dist-packages/custom_interfaces-0.0.0-py3.10.egg-info/dependency_links.txt
[3.012s] -- Installing: /home/cagan/ros2_ws/install/custom_interfaces/local/lib/python3.10/dist-packages/custom_interfaces-0.0.0-py3.10.egg-info/SOURCES.txt
[3.012s] -- Installing: /home/cagan/ros2_ws/install/custom_interfaces/local/lib/python3.10/dist-packages/custom_interfaces
[3.012s] -- Installing: /home/cagan/ros2_ws/install/custom_interfaces/local/lib/python3.10/dist-packages/custom_interfaces/_custom_interfaces_s.ep.rosidl_typesupport_introspection_c.c
[3.012s] -- Installing: /home/cagan/ros2_ws/install/custom_interfaces/local/lib/python3.10/dist-packages/custom_interfaces/srv
[3.012s] -- Installing: /home/cagan/ros2_ws/install/custom_interfaces/local/lib/python3.10/dist-packages/custom_interfaces/srv/_multiply_three_s.c
[3.012s] -- Installing: /home/cagan/ros2_ws/install/custom_interfaces/local/lib/python3.10/dist-packages/custom_interfaces/srv/_multiply_three.py
[3.012s] -- Installing: /home/cagan/ros2_ws/install/custom_interfaces/local/lib/python3.10/dist-packages/custom_interfaces/srv/__init__.py
[3.012s] -- Installing: /home/cagan/ros2_ws/install/custom_interfaces/local/lib/python3.10/dist-packages/custom_interfaces/_custom_interfaces_s.ep.rosidl_typesupport_fastrtps_c.c
[3.012s] -- Installing: /home/cagan/ros2_ws/install/custom_interfaces/local/lib/python3.10/dist-packages/custom_interfaces/msg
[3.013s] -- Installing: /home/cagan/ros2_ws/install/custom_interfaces/local/lib/python3.10/dist-packages/custom_interfaces/msg/_coordinates_s.c
[3.014s] -- Installing: /home/cagan/ros2_ws/install/custom_interfaces/local/lib/python3.10/dist-packages/custom_interfaces/msg/_coordinates.py
[3.014s] -- Installing: /home/cagan/ros2_ws/install/custom_interfaces/local/lib/python3.10/dist-packages/custom_interfaces/msg/__init__.py
[3.015s] -- Installing: /home/cagan/ros2_ws/install/custom_interfaces/local/lib/python3.10/dist-packages/custom_interfaces/custom_interfaces_s__rosidl_typesupport_c.cpython-310-x86_64-linux-gnu.so
[3.015s] -- Installing: /home/cagan/ros2_ws/install/custom_interfaces/local/lib/python3.10/dist-packages/custom_interfaces/_custom_interfaces_s.ep.rosidl_typesupport_c.c
[3.015s] -- Installing: /home/cagan/ros2_ws/install/custom_interfaces/local/lib/python3.10/dist-packages/custom_interfaces/custom_interfaces_s__rosidl_typesupport_fastrtps_c.cpython-310-x86_64-linux-gnu.so
[3.015s] -- Installing: /home/cagan/ros2_ws/install/custom_interfaces/local/lib/python3.10/dist-packages/custom_interfaces/libcustom_interfaces__rosidl_generator_py.so
[3.015s] -- Installing: /home/cagan/ros2_ws/install/custom_interfaces/local/lib/python3.10/dist-packages/custom_interfaces/custom_interfaces_s__rosidl_typesupport_introspection_c.cpython-310-x86_64-linux-gnu.so
[3.015s] -- Installing: /home/cagan/ros2_ws/install/custom_interfaces/local/lib/python3.10/dist-packages/custom_interfaces/__init__.py
[3.046s] Listing '/home/cagan/ros2_ws/install/custom_interfaces/local/lib/python3.10/dist-packages/custom_interfaces'...
[3.046s] Compiling '/home/cagan/ros2_ws/install/custom_interfaces/local/lib/python3.10/dist-packages/custom_interfaces/__init__.py'...
[3.046s] Listing '/home/cagan/ros2_ws/install/custom_interfaces/local/lib/python3.10/dist-packages/custom_interfaces/msg'...
[3.046s] Compiling '/home/cagan/ros2_ws/install/custom_interfaces/local/lib/python3.10/dist-packages/custom_interfaces/msg/__init__.py'...
[3.046s] Compiling '/home/cagan/ros2_ws/install/custom_interfaces/local/lib/python3.10/dist-packages/custom_interfaces/msg/_coordinates.py'...
[3.046s] Listing '/home/cagan/ros2_ws/install/custom_interfaces/local/lib/python3.10/dist-packages/custom_interfaces/srv'...
[3.046s] Compiling '/home/cagan/ros2_ws/install/custom_interfaces/local/lib/python3.10/dist-packages/custom_interfaces/srv/__init__.py'...
[3.046s] Compiling '/home/cagan/ros2_ws/install/custom_interfaces/local/lib/python3.10/dist-packages/custom_interfaces/srv/_multiply_three.py'...
[3.049s] -- Installing: /home/cagan/ros2_ws/install/custom_interfaces/local/lib/python3.10/dist-packages/custom_interfaces/custom_interfaces_s__rosidl_typesupport_fastrtps_c.cpython-310-x86_64-linux-gnu.so
[3.049s] -- Set runtime path of "/home/cagan/ros2_ws/install/custom_interfaces/local/lib/python3.10/dist-packages/custom_interfaces/custom_interfaces_s__rosidl_typesupport_fastrtps_c.cpython-310-x86_64-linux-gnu.so" to ""
[3.049s] -- Installing: /home/cagan/ros2_ws/install/custom_interfaces/local/lib/python3.10/dist-packages/custom_interfaces/custom_interfaces_s__rosidl_typesupport_introspection_c.cpython-310-x86_64-linux-gnu.so
[3.049s] -- Set runtime path of "/home/cagan/ros2_ws/install/custom_interfaces/local/lib/python3.10/dist-packages/custom_interfaces/custom_interfaces_s__rosidl_typesupport_introspection_c.cpython-310-x86_64-linux-gnu.so" to ""
[3.049s] -- Installing: /home/cagan/ros2_ws/install/custom_interfaces/local/lib/python3.10/dist-packages/custom_interfaces/custom_interfaces_s__rosidl_typesupport_c.cpython-310-x86_64-linux-gnu.so
[3.049s] -- Set runtime path of "/home/cagan/ros2_ws/install/custom_interfaces/local/lib/python3.10/dist-packages/custom_interfaces/custom_interfaces_s__rosidl_typesupport_c.cpython-310-x86_64-linux-gnu.so" to ""
[3.049s] -- Installing: /home/cagan/ros2_ws/install/custom_interfaces/lib/libcustom_interfaces__rosidl_generator_py.so
[3.050s] -- Set runtime path of "/home/cagan/ros2_ws/install/custom_interfaces/lib/libcustom_interfaces__rosidl_generator_py.so" to ""
[3.050s] -- Installing: /home/cagan/ros2_ws/install/custom_interfaces/share/custom_interfaces/msg/Coordinates.idl
[3.050s] -- Installing: /home/cagan/ros2_ws/install/custom_interfaces/share/custom_interfaces/srv/MultiplyThree.idl
[3.050s] -- Installing: /home/cagan/ros2_ws/install/custom_interfaces/share/custom_interfaces/msg/Coordinates.msg
[3.050s] -- Installing: /home/cagan/ros2_ws/install/custom_interfaces/share/custom_interfaces/srv/MultiplyThree.srv
[3.050s] -- Installing: /home/cagan/ros2_ws/install/custom_interfaces/share/custom_interfaces/srv/MultiplyThree_Request.msg
[3.050s] -- Installing: /home/cagan/ros2_ws/install/custom_interfaces/share/custom_interfaces/srv/MultiplyThree_Response.msg
[3.050s] -- Installing: /home/cagan/ros2_ws/install/custom_interfaces/share/ament_index/resource_index/package_run_dependencies/custom_interfaces
[3.050s] -- Installing: /home/cagan/ros2_ws/install/custom_interfaces/share/ament_index/resource_index/parent_prefix_path/custom_interfaces
[3.050s] -- Installing: /home/cagan/ros2_ws/install/custom_interfaces/share/custom_interfaces/environment/ament_prefix_path.sh
[3.051s] -- Installing: /home/cagan/ros2_ws/install/custom_interfaces/share/custom_interfaces/environment/ament_prefix_path.dsv
[3.051s] -- Installing: /home/cagan/ros2_ws/install/custom_interfaces/share/custom_interfaces/environment/path.sh
[3.051s] -- Installing: /home/cagan/ros2_ws/install/custom_interfaces/share/custom_interfaces/environment/path.dsv
[3.051s] -- Installing: /home/cagan/ros2_ws/install/custom_interfaces/share/custom_interfaces/local_setup.bash
[3.051s] -- Installing: /home/cagan/ros2_ws/install/custom_interfaces/share/custom_interfaces/local_setup.sh
[3.051s] -- Installing: /home/cagan/ros2_ws/install/custom_interfaces/share/custom_interfaces/local_setup.zsh
[3.051s] -- Installing: /home/cagan/ros2_ws/install/custom_interfaces/share/custom_interfaces/local_setup.dsv
[3.051s] -- Installing: /home/cagan/ros2_ws/install/custom_interfaces/share/custom_interfaces/package.dsv
[3.051s] -- Installing: /home/cagan/ros2_ws/install/custom_interfaces/share/ament_index/resource_index/packages/custom_interfaces
[3.051s] -- Installing: /home/cagan/ros2_ws/install/custom_interfaces/share/custom_interfaces/cmake/export_custom_interfaces__rosidl_generator_cExport.cmake
[3.051s] -- Installing: /home/cagan/ros2_ws/install/custom_interfaces/share/custom_interfaces/cmake/export_custom_interfaces__rosidl_generator_cExport-noconfig.cmake
[3.051s] -- Installing: /home/cagan/ros2_ws/install/custom_interfaces/share/custom_interfaces/cmake/export_custom_interfaces__rosidl_typesupport_fastrtps_cExport.cmake
[3.051s] -- Installing: /home/cagan/ros2_ws/install/custom_interfaces/share/custom_interfaces/cmake/export_custom_interfaces__rosidl_typesupport_fastrtps_cExport-noconfig.cmake
[3.052s] -- Installing: /home/cagan/ros2_ws/install/custom_interfaces/share/custom_interfaces/cmake/export_custom_interfaces__rosidl_generator_cppExport.cmake
[3.052s] -- Installing: /home/cagan/ros2_ws/install/custom_interfaces/share/custom_interfaces/cmake/export_custom_interfaces__rosidl_typesupport_fastrtps_cppExport.cmake
[3.052s] -- Installing: /home/cagan/ros2_ws/install/custom_interfaces/share/custom_interfaces/cmake/export_custom_interfaces__rosidl_typesupport_fastrtps_cppExport-noconfig.cmake
[3.052s] -- Installing: /home/cagan/ros2_ws/install/custom_interfaces/share/custom_interfaces/cmake/custom_interfaces__rosidl_typesupport_introspection_cExport.cmake
[3.052s] -- Installing: /home/cagan/ros2_ws/install/custom_interfaces/share/custom_interfaces/cmake/custom_interfaces__rosidl_typesupport_introspection_cExport-noconfig.cmake
[3.052s] -- Installing: /home/cagan/ros2_ws/install/custom_interfaces/share/custom_interfaces/cmake/custom_interfaces__rosidl_typesupport_cExport.cmake
[3.052s] -- Installing: /home/cagan/ros2_ws/install/custom_interfaces/share/custom_interfaces/cmake/custom_interfaces__rosidl_typesupport_cExport-noconfig.cmake
[3.052s] -- Installing: /home/cagan/ros2_ws/install/custom_interfaces/share/custom_interfaces/cmake/custom_interfaces__rosidl_typesupport_introspection_cppExport.cmake
[3.052s] -- Installing: /home/cagan/ros2_ws/install/custom_interfaces/share/custom_interfaces/cmake/custom_interfaces__rosidl_typesupport_introspection_cppExport-noconfig.cmake
[3.052s] -- Installing: /home/cagan/ros2_ws/install/custom_interfaces/share/custom_interfaces/cmake/custom_interfaces__rosidl_typesupport_cppExport.cmake
[3.052s] -- Installing: /home/cagan/ros2_ws/install/custom_interfaces/share/custom_interfaces/cmake/custom_interfaces__rosidl_typesupport_cppExport-noconfig.cmake
[3.052s] -- Installing: /home/cagan/ros2_ws/install/custom_interfaces/share/custom_interfaces/cmake/export_custom_interfaces__rosidl_generator_pyExport.cmake
[3.053s] -- Installing: /home/cagan/ros2_ws/install/custom_interfaces/share/custom_interfaces/cmake/export_custom_interfaces__rosidl_generator_pyExport-noconfig.cmake
[3.053s] -- Installing: /home/cagan/ros2_ws/install/custom_interfaces/share/custom_interfaces/cmake/rosidl_cmake-extras.cmake
[3.053s] -- Installing: /home/cagan/ros2_ws/install/custom_interfaces/share/custom_interfaces/cmake/ament_cmake_export_dependencies-extras.cmake
[3.053s] -- Installing: /home/cagan/ros2_ws/install/custom_interfaces/share/custom_interfaces/cmake/ament_cmake_export_include_directories-extras.cmake
[3.053s] -- Installing: /home/cagan/ros2_ws/install/custom_interfaces/share/custom_interfaces/cmake/ament_cmake_export_libraries-extras.cmake
[3.053s] -- Installing: /home/cagan/ros2_ws/install/custom_interfaces/share/custom_interfaces/cmake/ament_cmake_export_targets-extras.cmake
[3.053s] -- Installing: /home/cagan/ros2_ws/install/custom_interfaces/share/custom_interfaces/cmake/rosidl_cmake_export_typesupport_targets-extras.cmake
[3.053s] -- Installing: /home/cagan/ros2_ws/install/custom_interfaces/share/custom_interfaces/cmake/rosidl_cmake_export_typesupport_libraries-extras.cmake
[3.053s] -- Installing: /home/cagan/ros2_ws/install/custom_interfaces/share/custom_interfaces/cmake/custom_interfacesConfig.cmake
[3.053s] -- Installing: /home/cagan/ros2_ws/install/custom_interfaces/share/custom_interfaces/cmake/custom_interfacesConfig-version.cmake
[3.053s] -- Installing: /home/cagan/ros2_ws/install/custom_interfaces/share/custom_interfaces/package.xml
[3.055s] Invoked command in '/home/cagan/ros2_ws/build/custom_interfaces' returned '0': CMAKE_PREFIX_PATH=/opt/ros/humble /usr/bin/cmake --install /home/cagan/ros2_ws/build/custom_interfaces
