[0.013s] Invoking command in '/home/cagan/ros2_ws/build/custom_interfaces': CMAKE_PREFIX_PATH=${CMAKE_PREFIX_PATH}:/home/cagan/ros2_ws/install/simple_srvcli:/home/cagan/ros2_ws/install/simple_pubsub:/home/cagan/ros2_ws/install/python_parameters:/opt/ros/humble /usr/bin/cmake --build /home/cagan/ros2_ws/build/custom_interfaces -- -j8 -l8
[0.039s] [35m[1mConsolidate compiler generated dependencies of target custom_interfaces__rosidl_generator_c[0m
[0.047s] [ 10%] Built target custom_interfaces__cpp
[0.047s] [ 12%] Built target custom_interfaces__rosidl_generator_c
[0.054s] [ 12%] Built target ament_cmake_python_copy_custom_interfaces
[0.054s] [35m[1mConsolidate compiler generated dependencies of target custom_interfaces__rosidl_typesupport_introspection_c[0m
[0.054s] [35m[1mConsolidate compiler generated dependencies of target custom_interfaces__rosidl_typesupport_c[0m
[0.056s] [35m[1mConsolidate compiler generated dependencies of target custom_interfaces__rosidl_typesupport_fastrtps_c[0m
[0.056s] [35m[1mConsolidate compiler generated dependencies of target custom_interfaces__rosidl_typesupport_introspection_cpp[0m
[0.066s] [35m[1mConsolidate compiler generated dependencies of target custom_interfaces__rosidl_typesupport_cpp[0m
[0.066s] [ 23%] Built target custom_interfaces__rosidl_typesupport_introspection_c
[0.066s] [35m[1mConsolidate compiler generated dependencies of target custom_interfaces__rosidl_typesupport_fastrtps_cpp[0m
[0.066s] [ 33%] Built target custom_interfaces__rosidl_typesupport_c
[0.071s] [ 43%] Built target custom_interfaces__rosidl_typesupport_introspection_cpp
[0.073s] [ 53%] Built target custom_interfaces__rosidl_typesupport_fastrtps_c
[0.075s] [ 64%] Built target custom_interfaces__rosidl_typesupport_cpp
[0.077s] [ 74%] Built target custom_interfaces__rosidl_typesupport_fastrtps_cpp
[0.090s] [ 74%] Built target custom_interfaces
[0.104s] [ 76%] Built target custom_interfaces__py
[0.114s] [35m[1mConsolidate compiler generated dependencies of target custom_interfaces__rosidl_generator_py[0m
[0.127s] [ 84%] Built target custom_interfaces__rosidl_generator_py
[0.137s] [35m[1mConsolidate compiler generated dependencies of target custom_interfaces__rosidl_typesupport_fastrtps_c__pyext[0m
[0.137s] [35m[1mConsolidate compiler generated dependencies of target custom_interfaces__rosidl_typesupport_c__pyext[0m
[0.137s] [35m[1mConsolidate compiler generated dependencies of target custom_interfaces__rosidl_typesupport_introspection_c__pyext[0m
[0.146s] [ 89%] Built target custom_interfaces__rosidl_typesupport_fastrtps_c__pyext
[0.149s] [ 94%] Built target custom_interfaces__rosidl_typesupport_introspection_c__pyext
[0.149s] [100%] Built target custom_interfaces__rosidl_typesupport_c__pyext
[0.242s] running egg_info
[0.243s] writing custom_interfaces.egg-info/PKG-INFO
[0.243s] writing dependency_links to custom_interfaces.egg-info/dependency_links.txt
[0.243s] writing top-level names to custom_interfaces.egg-info/top_level.txt
[0.245s] reading manifest file 'custom_interfaces.egg-info/SOURCES.txt'
[0.245s] writing manifest file 'custom_interfaces.egg-info/SOURCES.txt'
[0.263s] [100%] Built target ament_cmake_python_build_custom_interfaces_egg
[0.270s] Invoked command in '/home/cagan/ros2_ws/build/custom_interfaces' returned '0': CMAKE_PREFIX_PATH=${CMAKE_PREFIX_PATH}:/home/cagan/ros2_ws/install/simple_srvcli:/home/cagan/ros2_ws/install/simple_pubsub:/home/cagan/ros2_ws/install/python_parameters:/opt/ros/humble /usr/bin/cmake --build /home/cagan/ros2_ws/build/custom_interfaces -- -j8 -l8
[0.276s] Invoking command in '/home/cagan/ros2_ws/build/custom_interfaces': CMAKE_PREFIX_PATH=${CMAKE_PREFIX_PATH}:/home/cagan/ros2_ws/install/simple_srvcli:/home/cagan/ros2_ws/install/simple_pubsub:/home/cagan/ros2_ws/install/python_parameters:/opt/ros/humble /usr/bin/cmake --install /home/cagan/ros2_ws/build/custom_interfaces
[0.281s] -- Install configuration: ""
[0.281s] -- Up-to-date: /home/cagan/ros2_ws/install/custom_interfaces/share/ament_index/resource_index/rosidl_interfaces/custom_interfaces
[0.281s] -- Up-to-date: /home/cagan/ros2_ws/install/custom_interfaces/include/custom_interfaces/custom_interfaces
[0.281s] -- Up-to-date: /home/cagan/ros2_ws/install/custom_interfaces/include/custom_interfaces/custom_interfaces/srv
[0.281s] -- Up-to-date: /home/cagan/ros2_ws/install/custom_interfaces/include/custom_interfaces/custom_interfaces/srv/multiply_three.h
[0.281s] -- Up-to-date: /home/cagan/ros2_ws/install/custom_interfaces/include/custom_interfaces/custom_interfaces/srv/detail
[0.281s] -- Up-to-date: /home/cagan/ros2_ws/install/custom_interfaces/include/custom_interfaces/custom_interfaces/srv/detail/multiply_three__functions.c
[0.281s] -- Up-to-date: /home/cagan/ros2_ws/install/custom_interfaces/include/custom_interfaces/custom_interfaces/srv/detail/multiply_three__functions.h
[0.281s] -- Up-to-date: /home/cagan/ros2_ws/install/custom_interfaces/include/custom_interfaces/custom_interfaces/srv/detail/multiply_three__type_support.h
[0.281s] -- Up-to-date: /home/cagan/ros2_ws/install/custom_interfaces/include/custom_interfaces/custom_interfaces/srv/detail/multiply_three__struct.h
[0.282s] -- Up-to-date: /home/cagan/ros2_ws/install/custom_interfaces/include/custom_interfaces/custom_interfaces/msg
[0.282s] -- Up-to-date: /home/cagan/ros2_ws/install/custom_interfaces/include/custom_interfaces/custom_interfaces/msg/rosidl_generator_c__visibility_control.h
[0.282s] -- Up-to-date: /home/cagan/ros2_ws/install/custom_interfaces/include/custom_interfaces/custom_interfaces/msg/detail
[0.282s] -- Up-to-date: /home/cagan/ros2_ws/install/custom_interfaces/include/custom_interfaces/custom_interfaces/msg/detail/coordinates__functions.c
[0.282s] -- Up-to-date: /home/cagan/ros2_ws/install/custom_interfaces/include/custom_interfaces/custom_interfaces/msg/detail/coordinates__struct.h
[0.282s] -- Up-to-date: /home/cagan/ros2_ws/install/custom_interfaces/include/custom_interfaces/custom_interfaces/msg/detail/coordinates__functions.h
[0.282s] -- Up-to-date: /home/cagan/ros2_ws/install/custom_interfaces/include/custom_interfaces/custom_interfaces/msg/detail/coordinates__type_support.h
[0.282s] -- Up-to-date: /home/cagan/ros2_ws/install/custom_interfaces/include/custom_interfaces/custom_interfaces/msg/coordinates.h
[0.282s] -- Up-to-date: /home/cagan/ros2_ws/install/custom_interfaces/share/custom_interfaces/environment/library_path.sh
[0.282s] -- Up-to-date: /home/cagan/ros2_ws/install/custom_interfaces/share/custom_interfaces/environment/library_path.dsv
[0.282s] -- Up-to-date: /home/cagan/ros2_ws/install/custom_interfaces/lib/libcustom_interfaces__rosidl_generator_c.so
[0.282s] -- Up-to-date: /home/cagan/ros2_ws/install/custom_interfaces/include/custom_interfaces/custom_interfaces
[0.282s] -- Up-to-date: /home/cagan/ros2_ws/install/custom_interfaces/include/custom_interfaces/custom_interfaces/srv
[0.282s] -- Up-to-date: /home/cagan/ros2_ws/install/custom_interfaces/include/custom_interfaces/custom_interfaces/srv/detail
[0.282s] -- Up-to-date: /home/cagan/ros2_ws/install/custom_interfaces/include/custom_interfaces/custom_interfaces/srv/detail/multiply_three__rosidl_typesupport_fastrtps_c.h
[0.282s] -- Up-to-date: /home/cagan/ros2_ws/install/custom_interfaces/include/custom_interfaces/custom_interfaces/msg
[0.282s] -- Up-to-date: /home/cagan/ros2_ws/install/custom_interfaces/include/custom_interfaces/custom_interfaces/msg/rosidl_typesupport_fastrtps_c__visibility_control.h
[0.282s] -- Up-to-date: /home/cagan/ros2_ws/install/custom_interfaces/include/custom_interfaces/custom_interfaces/msg/detail
[0.282s] -- Up-to-date: /home/cagan/ros2_ws/install/custom_interfaces/include/custom_interfaces/custom_interfaces/msg/detail/coordinates__rosidl_typesupport_fastrtps_c.h
[0.282s] -- Up-to-date: /home/cagan/ros2_ws/install/custom_interfaces/lib/libcustom_interfaces__rosidl_typesupport_fastrtps_c.so
[0.282s] -- Up-to-date: /home/cagan/ros2_ws/install/custom_interfaces/include/custom_interfaces/custom_interfaces
[0.282s] -- Up-to-date: /home/cagan/ros2_ws/install/custom_interfaces/include/custom_interfaces/custom_interfaces/srv
[0.283s] -- Up-to-date: /home/cagan/ros2_ws/install/custom_interfaces/include/custom_interfaces/custom_interfaces/srv/multiply_three.hpp
[0.283s] -- Up-to-date: /home/cagan/ros2_ws/install/custom_interfaces/include/custom_interfaces/custom_interfaces/srv/detail
[0.283s] -- Up-to-date: /home/cagan/ros2_ws/install/custom_interfaces/include/custom_interfaces/custom_interfaces/srv/detail/multiply_three__struct.hpp
[0.283s] -- Up-to-date: /home/cagan/ros2_ws/install/custom_interfaces/include/custom_interfaces/custom_interfaces/srv/detail/multiply_three__type_support.hpp
[0.283s] -- Up-to-date: /home/cagan/ros2_ws/install/custom_interfaces/include/custom_interfaces/custom_interfaces/srv/detail/multiply_three__traits.hpp
[0.283s] -- Up-to-date: /home/cagan/ros2_ws/install/custom_interfaces/include/custom_interfaces/custom_interfaces/srv/detail/multiply_three__builder.hpp
[0.283s] -- Up-to-date: /home/cagan/ros2_ws/install/custom_interfaces/include/custom_interfaces/custom_interfaces/msg
[0.283s] -- Up-to-date: /home/cagan/ros2_ws/install/custom_interfaces/include/custom_interfaces/custom_interfaces/msg/rosidl_generator_cpp__visibility_control.hpp
[0.283s] -- Up-to-date: /home/cagan/ros2_ws/install/custom_interfaces/include/custom_interfaces/custom_interfaces/msg/coordinates.hpp
[0.283s] -- Up-to-date: /home/cagan/ros2_ws/install/custom_interfaces/include/custom_interfaces/custom_interfaces/msg/detail
[0.283s] -- Up-to-date: /home/cagan/ros2_ws/install/custom_interfaces/include/custom_interfaces/custom_interfaces/msg/detail/coordinates__struct.hpp
[0.283s] -- Up-to-date: /home/cagan/ros2_ws/install/custom_interfaces/include/custom_interfaces/custom_interfaces/msg/detail/coordinates__type_support.hpp
[0.283s] -- Up-to-date: /home/cagan/ros2_ws/install/custom_interfaces/include/custom_interfaces/custom_interfaces/msg/detail/coordinates__builder.hpp
[0.283s] -- Up-to-date: /home/cagan/ros2_ws/install/custom_interfaces/include/custom_interfaces/custom_interfaces/msg/detail/coordinates__traits.hpp
[0.283s] -- Up-to-date: /home/cagan/ros2_ws/install/custom_interfaces/include/custom_interfaces/custom_interfaces
[0.283s] -- Up-to-date: /home/cagan/ros2_ws/install/custom_interfaces/include/custom_interfaces/custom_interfaces/srv
[0.283s] -- Up-to-date: /home/cagan/ros2_ws/install/custom_interfaces/include/custom_interfaces/custom_interfaces/srv/detail
[0.283s] -- Up-to-date: /home/cagan/ros2_ws/install/custom_interfaces/include/custom_interfaces/custom_interfaces/srv/detail/multiply_three__rosidl_typesupport_fastrtps_cpp.hpp
[0.283s] -- Up-to-date: /home/cagan/ros2_ws/install/custom_interfaces/include/custom_interfaces/custom_interfaces/srv/detail/dds_fastrtps
[0.283s] -- Up-to-date: /home/cagan/ros2_ws/install/custom_interfaces/include/custom_interfaces/custom_interfaces/msg
[0.283s] -- Up-to-date: /home/cagan/ros2_ws/install/custom_interfaces/include/custom_interfaces/custom_interfaces/msg/detail
[0.283s] -- Up-to-date: /home/cagan/ros2_ws/install/custom_interfaces/include/custom_interfaces/custom_interfaces/msg/detail/dds_fastrtps
[0.283s] -- Up-to-date: /home/cagan/ros2_ws/install/custom_interfaces/include/custom_interfaces/custom_interfaces/msg/detail/coordinates__rosidl_typesupport_fastrtps_cpp.hpp
[0.283s] -- Up-to-date: /home/cagan/ros2_ws/install/custom_interfaces/include/custom_interfaces/custom_interfaces/msg/rosidl_typesupport_fastrtps_cpp__visibility_control.h
[0.283s] -- Up-to-date: /home/cagan/ros2_ws/install/custom_interfaces/lib/libcustom_interfaces__rosidl_typesupport_fastrtps_cpp.so
[0.284s] -- Up-to-date: /home/cagan/ros2_ws/install/custom_interfaces/include/custom_interfaces/custom_interfaces
[0.284s] -- Up-to-date: /home/cagan/ros2_ws/install/custom_interfaces/include/custom_interfaces/custom_interfaces/srv
[0.284s] -- Up-to-date: /home/cagan/ros2_ws/install/custom_interfaces/include/custom_interfaces/custom_interfaces/srv/detail
[0.284s] -- Up-to-date: /home/cagan/ros2_ws/install/custom_interfaces/include/custom_interfaces/custom_interfaces/srv/detail/multiply_three__type_support.c
[0.284s] -- Up-to-date: /home/cagan/ros2_ws/install/custom_interfaces/include/custom_interfaces/custom_interfaces/srv/detail/multiply_three__rosidl_typesupport_introspection_c.h
[0.284s] -- Up-to-date: /home/cagan/ros2_ws/install/custom_interfaces/include/custom_interfaces/custom_interfaces/msg
[0.284s] -- Up-to-date: /home/cagan/ros2_ws/install/custom_interfaces/include/custom_interfaces/custom_interfaces/msg/rosidl_typesupport_introspection_c__visibility_control.h
[0.284s] -- Up-to-date: /home/cagan/ros2_ws/install/custom_interfaces/include/custom_interfaces/custom_interfaces/msg/detail
[0.284s] -- Up-to-date: /home/cagan/ros2_ws/install/custom_interfaces/include/custom_interfaces/custom_interfaces/msg/detail/coordinates__rosidl_typesupport_introspection_c.h
[0.284s] -- Up-to-date: /home/cagan/ros2_ws/install/custom_interfaces/include/custom_interfaces/custom_interfaces/msg/detail/coordinates__type_support.c
[0.284s] -- Up-to-date: /home/cagan/ros2_ws/install/custom_interfaces/lib/libcustom_interfaces__rosidl_typesupport_introspection_c.so
[0.284s] -- Up-to-date: /home/cagan/ros2_ws/install/custom_interfaces/lib/libcustom_interfaces__rosidl_typesupport_c.so
[0.284s] -- Up-to-date: /home/cagan/ros2_ws/install/custom_interfaces/include/custom_interfaces/custom_interfaces
[0.284s] -- Up-to-date: /home/cagan/ros2_ws/install/custom_interfaces/include/custom_interfaces/custom_interfaces/srv
[0.284s] -- Up-to-date: /home/cagan/ros2_ws/install/custom_interfaces/include/custom_interfaces/custom_interfaces/srv/detail
[0.284s] -- Up-to-date: /home/cagan/ros2_ws/install/custom_interfaces/include/custom_interfaces/custom_interfaces/srv/detail/multiply_three__rosidl_typesupport_introspection_cpp.hpp
[0.284s] -- Up-to-date: /home/cagan/ros2_ws/install/custom_interfaces/include/custom_interfaces/custom_interfaces/srv/detail/multiply_three__type_support.cpp
[0.284s] -- Up-to-date: /home/cagan/ros2_ws/install/custom_interfaces/include/custom_interfaces/custom_interfaces/msg
[0.284s] -- Up-to-date: /home/cagan/ros2_ws/install/custom_interfaces/include/custom_interfaces/custom_interfaces/msg/detail
[0.284s] -- Up-to-date: /home/cagan/ros2_ws/install/custom_interfaces/include/custom_interfaces/custom_interfaces/msg/detail/coordinates__rosidl_typesupport_introspection_cpp.hpp
[0.284s] -- Up-to-date: /home/cagan/ros2_ws/install/custom_interfaces/include/custom_interfaces/custom_interfaces/msg/detail/coordinates__type_support.cpp
[0.284s] -- Up-to-date: /home/cagan/ros2_ws/install/custom_interfaces/lib/libcustom_interfaces__rosidl_typesupport_introspection_cpp.so
[0.284s] -- Up-to-date: /home/cagan/ros2_ws/install/custom_interfaces/lib/libcustom_interfaces__rosidl_typesupport_cpp.so
[0.284s] -- Up-to-date: /home/cagan/ros2_ws/install/custom_interfaces/share/custom_interfaces/environment/pythonpath.sh
[0.285s] -- Up-to-date: /home/cagan/ros2_ws/install/custom_interfaces/share/custom_interfaces/environment/pythonpath.dsv
[0.285s] -- Up-to-date: /home/cagan/ros2_ws/install/custom_interfaces/local/lib/python3.10/dist-packages/custom_interfaces-0.0.0-py3.10.egg-info
[0.285s] -- Installing: /home/cagan/ros2_ws/install/custom_interfaces/local/lib/python3.10/dist-packages/custom_interfaces-0.0.0-py3.10.egg-info/top_level.txt
[0.285s] -- Installing: /home/cagan/ros2_ws/install/custom_interfaces/local/lib/python3.10/dist-packages/custom_interfaces-0.0.0-py3.10.egg-info/PKG-INFO
[0.285s] -- Installing: /home/cagan/ros2_ws/install/custom_interfaces/local/lib/python3.10/dist-packages/custom_interfaces-0.0.0-py3.10.egg-info/dependency_links.txt
[0.285s] -- Installing: /home/cagan/ros2_ws/install/custom_interfaces/local/lib/python3.10/dist-packages/custom_interfaces-0.0.0-py3.10.egg-info/SOURCES.txt
[0.285s] -- Up-to-date: /home/cagan/ros2_ws/install/custom_interfaces/local/lib/python3.10/dist-packages/custom_interfaces
[0.285s] -- Up-to-date: /home/cagan/ros2_ws/install/custom_interfaces/local/lib/python3.10/dist-packages/custom_interfaces/_custom_interfaces_s.ep.rosidl_typesupport_introspection_c.c
[0.285s] -- Up-to-date: /home/cagan/ros2_ws/install/custom_interfaces/local/lib/python3.10/dist-packages/custom_interfaces/srv
[0.285s] -- Up-to-date: /home/cagan/ros2_ws/install/custom_interfaces/local/lib/python3.10/dist-packages/custom_interfaces/srv/_multiply_three_s.c
[0.285s] -- Up-to-date: /home/cagan/ros2_ws/install/custom_interfaces/local/lib/python3.10/dist-packages/custom_interfaces/srv/_multiply_three.py
[0.285s] -- Up-to-date: /home/cagan/ros2_ws/install/custom_interfaces/local/lib/python3.10/dist-packages/custom_interfaces/srv/__init__.py
[0.285s] -- Up-to-date: /home/cagan/ros2_ws/install/custom_interfaces/local/lib/python3.10/dist-packages/custom_interfaces/_custom_interfaces_s.ep.rosidl_typesupport_fastrtps_c.c
[0.285s] -- Up-to-date: /home/cagan/ros2_ws/install/custom_interfaces/local/lib/python3.10/dist-packages/custom_interfaces/msg
[0.285s] -- Up-to-date: /home/cagan/ros2_ws/install/custom_interfaces/local/lib/python3.10/dist-packages/custom_interfaces/msg/_coordinates_s.c
[0.285s] -- Up-to-date: /home/cagan/ros2_ws/install/custom_interfaces/local/lib/python3.10/dist-packages/custom_interfaces/msg/_coordinates.py
[0.285s] -- Up-to-date: /home/cagan/ros2_ws/install/custom_interfaces/local/lib/python3.10/dist-packages/custom_interfaces/msg/__init__.py
[0.285s] -- Up-to-date: /home/cagan/ros2_ws/install/custom_interfaces/local/lib/python3.10/dist-packages/custom_interfaces/custom_interfaces_s__rosidl_typesupport_c.cpython-310-x86_64-linux-gnu.so
[0.285s] -- Up-to-date: /home/cagan/ros2_ws/install/custom_interfaces/local/lib/python3.10/dist-packages/custom_interfaces/_custom_interfaces_s.ep.rosidl_typesupport_c.c
[0.285s] -- Up-to-date: /home/cagan/ros2_ws/install/custom_interfaces/local/lib/python3.10/dist-packages/custom_interfaces/custom_interfaces_s__rosidl_typesupport_fastrtps_c.cpython-310-x86_64-linux-gnu.so
[0.285s] -- Up-to-date: /home/cagan/ros2_ws/install/custom_interfaces/local/lib/python3.10/dist-packages/custom_interfaces/libcustom_interfaces__rosidl_generator_py.so
[0.285s] -- Up-to-date: /home/cagan/ros2_ws/install/custom_interfaces/local/lib/python3.10/dist-packages/custom_interfaces/custom_interfaces_s__rosidl_typesupport_introspection_c.cpython-310-x86_64-linux-gnu.so
[0.285s] -- Up-to-date: /home/cagan/ros2_ws/install/custom_interfaces/local/lib/python3.10/dist-packages/custom_interfaces/__init__.py
[0.307s] Listing '/home/cagan/ros2_ws/install/custom_interfaces/local/lib/python3.10/dist-packages/custom_interfaces'...
[0.307s] Listing '/home/cagan/ros2_ws/install/custom_interfaces/local/lib/python3.10/dist-packages/custom_interfaces/msg'...
[0.307s] Listing '/home/cagan/ros2_ws/install/custom_interfaces/local/lib/python3.10/dist-packages/custom_interfaces/srv'...
[0.311s] -- Up-to-date: /home/cagan/ros2_ws/install/custom_interfaces/local/lib/python3.10/dist-packages/custom_interfaces/custom_interfaces_s__rosidl_typesupport_fastrtps_c.cpython-310-x86_64-linux-gnu.so
[0.311s] -- Up-to-date: /home/cagan/ros2_ws/install/custom_interfaces/local/lib/python3.10/dist-packages/custom_interfaces/custom_interfaces_s__rosidl_typesupport_introspection_c.cpython-310-x86_64-linux-gnu.so
[0.311s] -- Up-to-date: /home/cagan/ros2_ws/install/custom_interfaces/local/lib/python3.10/dist-packages/custom_interfaces/custom_interfaces_s__rosidl_typesupport_c.cpython-310-x86_64-linux-gnu.so
[0.311s] -- Up-to-date: /home/cagan/ros2_ws/install/custom_interfaces/lib/libcustom_interfaces__rosidl_generator_py.so
[0.312s] -- Up-to-date: /home/cagan/ros2_ws/install/custom_interfaces/share/custom_interfaces/msg/Coordinates.idl
[0.312s] -- Up-to-date: /home/cagan/ros2_ws/install/custom_interfaces/share/custom_interfaces/srv/MultiplyThree.idl
[0.312s] -- Up-to-date: /home/cagan/ros2_ws/install/custom_interfaces/share/custom_interfaces/msg/Coordinates.msg
[0.312s] -- Up-to-date: /home/cagan/ros2_ws/install/custom_interfaces/share/custom_interfaces/srv/MultiplyThree.srv
[0.312s] -- Up-to-date: /home/cagan/ros2_ws/install/custom_interfaces/share/custom_interfaces/srv/MultiplyThree_Request.msg
[0.312s] -- Up-to-date: /home/cagan/ros2_ws/install/custom_interfaces/share/custom_interfaces/srv/MultiplyThree_Response.msg
[0.312s] -- Up-to-date: /home/cagan/ros2_ws/install/custom_interfaces/share/ament_index/resource_index/package_run_dependencies/custom_interfaces
[0.312s] -- Up-to-date: /home/cagan/ros2_ws/install/custom_interfaces/share/ament_index/resource_index/parent_prefix_path/custom_interfaces
[0.312s] -- Up-to-date: /home/cagan/ros2_ws/install/custom_interfaces/share/custom_interfaces/environment/ament_prefix_path.sh
[0.312s] -- Up-to-date: /home/cagan/ros2_ws/install/custom_interfaces/share/custom_interfaces/environment/ament_prefix_path.dsv
[0.312s] -- Up-to-date: /home/cagan/ros2_ws/install/custom_interfaces/share/custom_interfaces/environment/path.sh
[0.313s] -- Up-to-date: /home/cagan/ros2_ws/install/custom_interfaces/share/custom_interfaces/environment/path.dsv
[0.313s] -- Up-to-date: /home/cagan/ros2_ws/install/custom_interfaces/share/custom_interfaces/local_setup.bash
[0.313s] -- Up-to-date: /home/cagan/ros2_ws/install/custom_interfaces/share/custom_interfaces/local_setup.sh
[0.313s] -- Up-to-date: /home/cagan/ros2_ws/install/custom_interfaces/share/custom_interfaces/local_setup.zsh
[0.313s] -- Up-to-date: /home/cagan/ros2_ws/install/custom_interfaces/share/custom_interfaces/local_setup.dsv
[0.313s] -- Installing: /home/cagan/ros2_ws/install/custom_interfaces/share/custom_interfaces/package.dsv
[0.313s] -- Up-to-date: /home/cagan/ros2_ws/install/custom_interfaces/share/ament_index/resource_index/packages/custom_interfaces
[0.313s] -- Up-to-date: /home/cagan/ros2_ws/install/custom_interfaces/share/custom_interfaces/cmake/export_custom_interfaces__rosidl_generator_cExport.cmake
[0.313s] -- Up-to-date: /home/cagan/ros2_ws/install/custom_interfaces/share/custom_interfaces/cmake/export_custom_interfaces__rosidl_generator_cExport-noconfig.cmake
[0.313s] -- Up-to-date: /home/cagan/ros2_ws/install/custom_interfaces/share/custom_interfaces/cmake/export_custom_interfaces__rosidl_typesupport_fastrtps_cExport.cmake
[0.313s] -- Up-to-date: /home/cagan/ros2_ws/install/custom_interfaces/share/custom_interfaces/cmake/export_custom_interfaces__rosidl_typesupport_fastrtps_cExport-noconfig.cmake
[0.313s] -- Up-to-date: /home/cagan/ros2_ws/install/custom_interfaces/share/custom_interfaces/cmake/export_custom_interfaces__rosidl_generator_cppExport.cmake
[0.314s] -- Up-to-date: /home/cagan/ros2_ws/install/custom_interfaces/share/custom_interfaces/cmake/export_custom_interfaces__rosidl_typesupport_fastrtps_cppExport.cmake
[0.314s] -- Up-to-date: /home/cagan/ros2_ws/install/custom_interfaces/share/custom_interfaces/cmake/export_custom_interfaces__rosidl_typesupport_fastrtps_cppExport-noconfig.cmake
[0.314s] -- Up-to-date: /home/cagan/ros2_ws/install/custom_interfaces/share/custom_interfaces/cmake/custom_interfaces__rosidl_typesupport_introspection_cExport.cmake
[0.314s] -- Up-to-date: /home/cagan/ros2_ws/install/custom_interfaces/share/custom_interfaces/cmake/custom_interfaces__rosidl_typesupport_introspection_cExport-noconfig.cmake
[0.314s] -- Up-to-date: /home/cagan/ros2_ws/install/custom_interfaces/share/custom_interfaces/cmake/custom_interfaces__rosidl_typesupport_cExport.cmake
[0.314s] -- Up-to-date: /home/cagan/ros2_ws/install/custom_interfaces/share/custom_interfaces/cmake/custom_interfaces__rosidl_typesupport_cExport-noconfig.cmake
[0.314s] -- Up-to-date: /home/cagan/ros2_ws/install/custom_interfaces/share/custom_interfaces/cmake/custom_interfaces__rosidl_typesupport_introspection_cppExport.cmake
[0.314s] -- Up-to-date: /home/cagan/ros2_ws/install/custom_interfaces/share/custom_interfaces/cmake/custom_interfaces__rosidl_typesupport_introspection_cppExport-noconfig.cmake
[0.314s] -- Up-to-date: /home/cagan/ros2_ws/install/custom_interfaces/share/custom_interfaces/cmake/custom_interfaces__rosidl_typesupport_cppExport.cmake
[0.314s] -- Up-to-date: /home/cagan/ros2_ws/install/custom_interfaces/share/custom_interfaces/cmake/custom_interfaces__rosidl_typesupport_cppExport-noconfig.cmake
[0.314s] -- Up-to-date: /home/cagan/ros2_ws/install/custom_interfaces/share/custom_interfaces/cmake/export_custom_interfaces__rosidl_generator_pyExport.cmake
[0.314s] -- Up-to-date: /home/cagan/ros2_ws/install/custom_interfaces/share/custom_interfaces/cmake/export_custom_interfaces__rosidl_generator_pyExport-noconfig.cmake
[0.314s] -- Up-to-date: /home/cagan/ros2_ws/install/custom_interfaces/share/custom_interfaces/cmake/rosidl_cmake-extras.cmake
[0.314s] -- Up-to-date: /home/cagan/ros2_ws/install/custom_interfaces/share/custom_interfaces/cmake/ament_cmake_export_dependencies-extras.cmake
[0.314s] -- Up-to-date: /home/cagan/ros2_ws/install/custom_interfaces/share/custom_interfaces/cmake/ament_cmake_export_include_directories-extras.cmake
[0.315s] -- Up-to-date: /home/cagan/ros2_ws/install/custom_interfaces/share/custom_interfaces/cmake/ament_cmake_export_libraries-extras.cmake
[0.315s] -- Up-to-date: /home/cagan/ros2_ws/install/custom_interfaces/share/custom_interfaces/cmake/ament_cmake_export_targets-extras.cmake
[0.315s] -- Up-to-date: /home/cagan/ros2_ws/install/custom_interfaces/share/custom_interfaces/cmake/rosidl_cmake_export_typesupport_targets-extras.cmake
[0.315s] -- Up-to-date: /home/cagan/ros2_ws/install/custom_interfaces/share/custom_interfaces/cmake/rosidl_cmake_export_typesupport_libraries-extras.cmake
[0.315s] -- Up-to-date: /home/cagan/ros2_ws/install/custom_interfaces/share/custom_interfaces/cmake/custom_interfacesConfig.cmake
[0.315s] -- Up-to-date: /home/cagan/ros2_ws/install/custom_interfaces/share/custom_interfaces/cmake/custom_interfacesConfig-version.cmake
[0.315s] -- Up-to-date: /home/cagan/ros2_ws/install/custom_interfaces/share/custom_interfaces/package.xml
[0.316s] Invoked command in '/home/cagan/ros2_ws/build/custom_interfaces' returned '0': CMAKE_PREFIX_PATH=${CMAKE_PREFIX_PATH}:/home/cagan/ros2_ws/install/simple_srvcli:/home/cagan/ros2_ws/install/simple_pubsub:/home/cagan/ros2_ws/install/python_parameters:/opt/ros/humble /usr/bin/cmake --install /home/cagan/ros2_ws/build/custom_interfaces
